<?xml version="1.0" encoding="UTF-8"?>
<testsuite name="NumbersTest" tests="1" skipped="0" failures="0" errors="0" timestamp="2023-06-07T15:14:21" hostname="NADEZDA" time="10.69">
  <properties/>
  <testcase name="start" classname="NumbersTest" time="10.69"/>
  <system-out><![CDATA[?[1;31m
Start test 1?[0m
Welcome to Amazing Numbers!

Supported requests:
- enter a natural number to know its properties;
- enter two natural numbers to obtain the properties of the list:
  * the first parameter represents a starting number;
  * the second parameter shows how many consecutive numbers are to be processed;
- two natural numbers and properties to search for;
- a property preceded by minus must not be present in numbers;
- separate the parameters with one space;
- enter 0 to exit.

Enter a request: > 0

Goodbye!
?[1;31m
Start test 2?[0m
Welcome to Amazing Numbers!

Supported requests:
- enter a natural number to know its properties;
- enter two natural numbers to obtain the properties of the list:
  * the first parameter represents a starting number;
  * the second parameter shows how many consecutive numbers are to be processed;
- two natural numbers and properties to search for;
- a property preceded by minus must not be present in numbers;
- separate the parameters with one space;
- enter 0 to exit.

Enter a request: > -118

The first parameter should be a natural number or zero.

Enter a request: > 0

Goodbye!
?[1;31m
Start test 3?[0m
Welcome to Amazing Numbers!

Supported requests:
- enter a natural number to know its properties;
- enter two natural numbers to obtain the properties of the list:
  * the first parameter represents a starting number;
  * the second parameter shows how many consecutive numbers are to be processed;
- two natural numbers and properties to search for;
- a property preceded by minus must not be present in numbers;
- separate the parameters with one space;
- enter 0 to exit.

Enter a request: > -124

The first parameter should be a natural number or zero.

Enter a request: > 0

Goodbye!
?[1;31m
Start test 4?[0m
Welcome to Amazing Numbers!

Supported requests:
- enter a natural number to know its properties;
- enter two natural numbers to obtain the properties of the list:
  * the first parameter represents a starting number;
  * the second parameter shows how many consecutive numbers are to be processed;
- two natural numbers and properties to search for;
- a property preceded by minus must not be present in numbers;
- separate the parameters with one space;
- enter 0 to exit.

Enter a request: > -90

The first parameter should be a natural number or zero.

Enter a request: > 0

Goodbye!
?[1;31m
Start test 5?[0m
Welcome to Amazing Numbers!

Supported requests:
- enter a natural number to know its properties;
- enter two natural numbers to obtain the properties of the list:
  * the first parameter represents a starting number;
  * the second parameter shows how many consecutive numbers are to be processed;
- two natural numbers and properties to search for;
- a property preceded by minus must not be present in numbers;
- separate the parameters with one space;
- enter 0 to exit.

Enter a request: > -124

The first parameter should be a natural number or zero.

Enter a request: > 0

Goodbye!
?[1;31m
Start test 6?[0m
Welcome to Amazing Numbers!

Supported requests:
- enter a natural number to know its properties;
- enter two natural numbers to obtain the properties of the list:
  * the first parameter represents a starting number;
  * the second parameter shows how many consecutive numbers are to be processed;
- two natural numbers and properties to search for;
- a property preceded by minus must not be present in numbers;
- separate the parameters with one space;
- enter 0 to exit.

Enter a request: > -125

The first parameter should be a natural number or zero.

Enter a request: > 0

Goodbye!
?[1;31m
Start test 7?[0m
Welcome to Amazing Numbers!

Supported requests:
- enter a natural number to know its properties;
- enter two natural numbers to obtain the properties of the list:
  * the first parameter represents a starting number;
  * the second parameter shows how many consecutive numbers are to be processed;
- two natural numbers and properties to search for;
- a property preceded by minus must not be present in numbers;
- separate the parameters with one space;
- enter 0 to exit.

Enter a request: > 30266 -9677

The second parameter should be a natural number.

Enter a request: > 0

Goodbye!
?[1;31m
Start test 8?[0m
Welcome to Amazing Numbers!

Supported requests:
- enter a natural number to know its properties;
- enter two natural numbers to obtain the properties of the list:
  * the first parameter represents a starting number;
  * the second parameter shows how many consecutive numbers are to be processed;
- two natural numbers and properties to search for;
- a property preceded by minus must not be present in numbers;
- separate the parameters with one space;
- enter 0 to exit.

Enter a request: > 26380 -24821

The second parameter should be a natural number.

Enter a request: > 0

Goodbye!
?[1;31m
Start test 9?[0m
Welcome to Amazing Numbers!

Supported requests:
- enter a natural number to know its properties;
- enter two natural numbers to obtain the properties of the list:
  * the first parameter represents a starting number;
  * the second parameter shows how many consecutive numbers are to be processed;
- two natural numbers and properties to search for;
- a property preceded by minus must not be present in numbers;
- separate the parameters with one space;
- enter 0 to exit.

Enter a request: > 5124 -2145

The second parameter should be a natural number.

Enter a request: > 0

Goodbye!
?[1;31m
Start test 10?[0m
Welcome to Amazing Numbers!

Supported requests:
- enter a natural number to know its properties;
- enter two natural numbers to obtain the properties of the list:
  * the first parameter represents a starting number;
  * the second parameter shows how many consecutive numbers are to be processed;
- two natural numbers and properties to search for;
- a property preceded by minus must not be present in numbers;
- separate the parameters with one space;
- enter 0 to exit.

Enter a request: > 899 -23090

The second parameter should be a natural number.

Enter a request: > 0

Goodbye!
?[1;31m
Start test 11?[0m
Welcome to Amazing Numbers!

Supported requests:
- enter a natural number to know its properties;
- enter two natural numbers to obtain the properties of the list:
  * the first parameter represents a starting number;
  * the second parameter shows how many consecutive numbers are to be processed;
- two natural numbers and properties to search for;
- a property preceded by minus must not be present in numbers;
- separate the parameters with one space;
- enter 0 to exit.

Enter a request: > 27268 -16511

The second parameter should be a natural number.

Enter a request: > 0

Goodbye!
?[1;31m
Start test 12?[0m
Welcome to Amazing Numbers!

Supported requests:
- enter a natural number to know its properties;
- enter two natural numbers to obtain the properties of the list:
  * the first parameter represents a starting number;
  * the second parameter shows how many consecutive numbers are to be processed;
- two natural numbers and properties to search for;
- a property preceded by minus must not be present in numbers;
- separate the parameters with one space;
- enter 0 to exit.

Enter a request: > 27634 -23892

The second parameter should be a natural number.

Enter a request: > 0

Goodbye!
?[1;31m
Start test 13?[0m
Welcome to Amazing Numbers!

Supported requests:
- enter a natural number to know its properties;
- enter two natural numbers to obtain the properties of the list:
  * the first parameter represents a starting number;
  * the second parameter shows how many consecutive numbers are to be processed;
- two natural numbers and properties to search for;
- a property preceded by minus must not be present in numbers;
- separate the parameters with one space;
- enter 0 to exit.

Enter a request: > 25029 -41

The second parameter should be a natural number.

Enter a request: > 0

Goodbye!
?[1;31m
Start test 14?[0m
Welcome to Amazing Numbers!

Supported requests:
- enter a natural number to know its properties;
- enter two natural numbers to obtain the properties of the list:
  * the first parameter represents a starting number;
  * the second parameter shows how many consecutive numbers are to be processed;
- two natural numbers and properties to search for;
- a property preceded by minus must not be present in numbers;
- separate the parameters with one space;
- enter 0 to exit.

Enter a request: > 2928 -10993

The second parameter should be a natural number.

Enter a request: > 0

Goodbye!
?[1;31m
Start test 15?[0m
Welcome to Amazing Numbers!

Supported requests:
- enter a natural number to know its properties;
- enter two natural numbers to obtain the properties of the list:
  * the first parameter represents a starting number;
  * the second parameter shows how many consecutive numbers are to be processed;
- two natural numbers and properties to search for;
- a property preceded by minus must not be present in numbers;
- separate the parameters with one space;
- enter 0 to exit.

Enter a request: > 27989 -17100

The second parameter should be a natural number.

Enter a request: > 0

Goodbye!
?[1;31m
Start test 16?[0m
Welcome to Amazing Numbers!

Supported requests:
- enter a natural number to know its properties;
- enter two natural numbers to obtain the properties of the list:
  * the first parameter represents a starting number;
  * the second parameter shows how many consecutive numbers are to be processed;
- two natural numbers and properties to search for;
- a property preceded by minus must not be present in numbers;
- separate the parameters with one space;
- enter 0 to exit.

Enter a request: > 11809 -12126

The second parameter should be a natural number.

Enter a request: > 0

Goodbye!
?[1;31m
Start test 17?[0m
Welcome to Amazing Numbers!

Supported requests:
- enter a natural number to know its properties;
- enter two natural numbers to obtain the properties of the list:
  * the first parameter represents a starting number;
  * the second parameter shows how many consecutive numbers are to be processed;
- two natural numbers and properties to search for;
- a property preceded by minus must not be present in numbers;
- separate the parameters with one space;
- enter 0 to exit.

Enter a request: > 1

Properties of 1
 even: false
 odd: true
 buzz: false
 duck: false
 palindromic: true
 gapful: false
 spy: true
 square: true
 sunny: false
 jumping: true
 happy: true
 sad: false

Enter a request: > 2

Properties of 2
 even: true
 odd: false
 buzz: false
 duck: false
 palindromic: true
 gapful: false
 spy: true
 square: false
 sunny: false
 jumping: true
 happy: false
 sad: true

Enter a request: > 3

Properties of 3
 even: false
 odd: true
 buzz: false
 duck: false
 palindromic: true
 gapful: false
 spy: true
 square: false
 sunny: true
 jumping: true
 happy: false
 sad: true

Enter a request: > 4

Properties of 4
 even: true
 odd: false
 buzz: false
 duck: false
 palindromic: true
 gapful: false
 spy: true
 square: true
 sunny: false
 jumping: true
 happy: false
 sad: true

Enter a request: > 5

Properties of 5
 even: false
 odd: true
 buzz: false
 duck: false
 palindromic: true
 gapful: false
 spy: true
 square: false
 sunny: false
 jumping: true
 happy: false
 sad: true

Enter a request: > 6

Properties of 6
 even: true
 odd: false
 buzz: false
 duck: false
 palindromic: true
 gapful: false
 spy: true
 square: false
 sunny: false
 jumping: true
 happy: false
 sad: true

Enter a request: > 7

Properties of 7
 even: false
 odd: true
 buzz: true
 duck: false
 palindromic: true
 gapful: false
 spy: true
 square: false
 sunny: false
 jumping: true
 happy: true
 sad: false

Enter a request: > 8

Properties of 8
 even: true
 odd: false
 buzz: false
 duck: false
 palindromic: true
 gapful: false
 spy: true
 square: false
 sunny: true
 jumping: true
 happy: false
 sad: true

Enter a request: > 9

Properties of 9
 even: false
 odd: true
 buzz: false
 duck: false
 palindromic: true
 gapful: false
 spy: true
 square: true
 sunny: false
 jumping: true
 happy: false
 sad: true

Enter a request: > 10

Properties of 10
 even: true
 odd: false
 buzz: false
 duck: true
 palindromic: false
 gapful: false
 spy: false
 square: false
 sunny: false
 jumping: true
 happy: true
 sad: false

Enter a request: > 11

Properties of 11
 even: false
 odd: true
 buzz: false
 duck: false
 palindromic: true
 gapful: false
 spy: false
 square: false
 sunny: false
 jumping: false
 happy: false
 sad: true

Enter a request: > 12

Properties of 12
 even: true
 odd: false
 buzz: false
 duck: false
 palindromic: false
 gapful: false
 spy: false
 square: false
 sunny: false
 jumping: true
 happy: false
 sad: true

Enter a request: > 13

Properties of 13
 even: false
 odd: true
 buzz: false
 duck: false
 palindromic: false
 gapful: false
 spy: false
 square: false
 sunny: false
 jumping: false
 happy: true
 sad: false

Enter a request: > 14

Properties of 14
 even: true
 odd: false
 buzz: true
 duck: false
 palindromic: false
 gapful: false
 spy: false
 square: false
 sunny: false
 jumping: false
 happy: false
 sad: true

Enter a request: > 4268014815627539016

Properties of 4268014815627539016
 even: true
 odd: false
 buzz: false
 duck: true
 palindromic: false
 gapful: false
 spy: false
 square: false
 sunny: false
 jumping: false
 happy: false
 sad: true

Enter a request: > 3450950457288724144

Properties of 3450950457288724144
 even: true
 odd: false
 buzz: false
 duck: true
 palindromic: false
 gapful: false
 spy: false
 square: false
 sunny: false
 jumping: false
 happy: false
 sad: true

Enter a request: > 8209312030189449690

Properties of 8209312030189449690
 even: true
 odd: false
 buzz: true
 duck: true
 palindromic: false
 gapful: false
 spy: false
 square: false
 sunny: false
 jumping: false
 happy: false
 sad: true

Enter a request: > 2147864023893075743

Properties of 2147864023893075743
 even: false
 odd: true
 buzz: false
 duck: true
 palindromic: false
 gapful: false
 spy: false
 square: false
 sunny: false
 jumping: false
 happy: false
 sad: true

Enter a request: > 1523024575810712379

Properties of 1523024575810712379
 even: false
 odd: true
 buzz: false
 duck: true
 palindromic: false
 gapful: false
 spy: false
 square: false
 sunny: false
 jumping: false
 happy: false
 sad: true

Enter a request: > 4768013779330144106

Properties of 4768013779330144106
 even: true
 odd: false
 buzz: false
 duck: true
 palindromic: false
 gapful: false
 spy: false
 square: false
 sunny: false
 jumping: false
 happy: false
 sad: true

Enter a request: > 1084866496550942815

Properties of 1084866496550942815
 even: false
 odd: true
 buzz: false
 duck: true
 palindromic: false
 gapful: false
 spy: false
 square: false
 sunny: false
 jumping: false
 happy: false
 sad: true

Enter a request: > 3632692354140324950

Properties of 3632692354140324950
 even: true
 odd: false
 buzz: false
 duck: true
 palindromic: false
 gapful: false
 spy: false
 square: false
 sunny: false
 jumping: false
 happy: false
 sad: true

Enter a request: > 3959315589092906450

Properties of 3959315589092906450
 even: true
 odd: false
 buzz: false
 duck: true
 palindromic: false
 gapful: false
 spy: false
 square: false
 sunny: false
 jumping: false
 happy: true
 sad: false

Enter a request: > 3867148958644277117

Properties of 3867148958644277117
 even: false
 odd: true
 buzz: true
 duck: false
 palindromic: false
 gapful: false
 spy: false
 square: false
 sunny: false
 jumping: false
 happy: false
 sad: true

Enter a request: > 0

Goodbye!
?[1;31m
Start test 18?[0m
Welcome to Amazing Numbers!

Supported requests:
- enter a natural number to know its properties;
- enter two natural numbers to obtain the properties of the list:
  * the first parameter represents a starting number;
  * the second parameter shows how many consecutive numbers are to be processed;
- two natural numbers and properties to search for;
- a property preceded by minus must not be present in numbers;
- separate the parameters with one space;
- enter 0 to exit.

Enter a request: > 1 15
1 is  odd palindromic spy square jumping happy
2 is  even palindromic spy jumping sad
3 is  odd palindromic spy sunny jumping sad
4 is  even palindromic spy square jumping sad
5 is  odd palindromic spy jumping sad
6 is  even palindromic spy jumping sad
7 is  odd buzz palindromic spy jumping happy
8 is  even palindromic spy sunny jumping sad
9 is  odd palindromic spy square jumping sad
10 is  even duck jumping happy
11 is  odd palindromic sad
12 is  even jumping sad
13 is  odd happy
14 is  even buzz sad
15 is  odd sunny sad

Enter a request: > 0

Goodbye!
?[1;31m
Start test 19?[0m
Welcome to Amazing Numbers!

Supported requests:
- enter a natural number to know its properties;
- enter two natural numbers to obtain the properties of the list:
  * the first parameter represents a starting number;
  * the second parameter shows how many consecutive numbers are to be processed;
- two natural numbers and properties to search for;
- a property preceded by minus must not be present in numbers;
- separate the parameters with one space;
- enter 0 to exit.

Enter a request: > 2560972680319777798 3
2560972680319777798 is  even duck sad
2560972680319777799 is  odd duck happy
2560972680319777800 is  even duck gapful sad

Enter a request: > 0

Goodbye!
?[1;31m
Start test 20?[0m
Welcome to Amazing Numbers!

Supported requests:
- enter a natural number to know its properties;
- enter two natural numbers to obtain the properties of the list:
  * the first parameter represents a starting number;
  * the second parameter shows how many consecutive numbers are to be processed;
- two natural numbers and properties to search for;
- a property preceded by minus must not be present in numbers;
- separate the parameters with one space;
- enter 0 to exit.

Enter a request: > 7652277613657810246 6
7652277613657810246 is  even duck sad
7652277613657810247 is  odd buzz duck sad
7652277613657810248 is  even duck sad
7652277613657810249 is  odd duck sad
7652277613657810250 is  even duck sad
7652277613657810251 is  odd duck sad

Enter a request: > 0

Goodbye!
?[1;31m
Start test 21?[0m
Welcome to Amazing Numbers!

Supported requests:
- enter a natural number to know its properties;
- enter two natural numbers to obtain the properties of the list:
  * the first parameter represents a starting number;
  * the second parameter shows how many consecutive numbers are to be processed;
- two natural numbers and properties to search for;
- a property preceded by minus must not be present in numbers;
- separate the parameters with one space;
- enter 0 to exit.

Enter a request: > 6065580997807170124 1
6065580997807170124 is  even duck sad

Enter a request: > 0

Goodbye!
?[1;31m
Start test 22?[0m
Welcome to Amazing Numbers!

Supported requests:
- enter a natural number to know its properties;
- enter two natural numbers to obtain the properties of the list:
  * the first parameter represents a starting number;
  * the second parameter shows how many consecutive numbers are to be processed;
- two natural numbers and properties to search for;
- a property preceded by minus must not be present in numbers;
- separate the parameters with one space;
- enter 0 to exit.

Enter a request: > 4852115660592297427 4
4852115660592297427 is  odd buzz duck sad
4852115660592297428 is  even duck happy
4852115660592297429 is  odd duck sad
4852115660592297430 is  even duck sad

Enter a request: > 0

Goodbye!
?[1;31m
Start test 23?[0m
Welcome to Amazing Numbers!

Supported requests:
- enter a natural number to know its properties;
- enter two natural numbers to obtain the properties of the list:
  * the first parameter represents a starting number;
  * the second parameter shows how many consecutive numbers are to be processed;
- two natural numbers and properties to search for;
- a property preceded by minus must not be present in numbers;
- separate the parameters with one space;
- enter 0 to exit.

Enter a request: > 5869536878045075005 2
5869536878045075005 is  odd duck sad
5869536878045075006 is  even duck sad

Enter a request: > 0

Goodbye!
?[1;31m
Start test 24?[0m
Welcome to Amazing Numbers!

Supported requests:
- enter a natural number to know its properties;
- enter two natural numbers to obtain the properties of the list:
  * the first parameter represents a starting number;
  * the second parameter shows how many consecutive numbers are to be processed;
- two natural numbers and properties to search for;
- a property preceded by minus must not be present in numbers;
- separate the parameters with one space;
- enter 0 to exit.

Enter a request: > 9164160251592474031 9
9164160251592474031 is  odd duck sad
9164160251592474032 is  even duck sad
9164160251592474033 is  odd duck sad
9164160251592474034 is  even duck sad
9164160251592474035 is  odd duck sad
9164160251592474036 is  even duck sad
9164160251592474037 is  odd buzz duck sad
9164160251592474038 is  even duck sad
9164160251592474039 is  odd duck sad

Enter a request: > 0

Goodbye!
?[1;31m
Start test 25?[0m
Welcome to Amazing Numbers!

Supported requests:
- enter a natural number to know its properties;
- enter two natural numbers to obtain the properties of the list:
  * the first parameter represents a starting number;
  * the second parameter shows how many consecutive numbers are to be processed;
- two natural numbers and properties to search for;
- a property preceded by minus must not be present in numbers;
- separate the parameters with one space;
- enter 0 to exit.

Enter a request: > 6040837261633967720 3
6040837261633967720 is  even duck sad
6040837261633967721 is  odd duck sad
6040837261633967722 is  even duck sad

Enter a request: > 0

Goodbye!
?[1;31m
Start test 26?[0m
Welcome to Amazing Numbers!

Supported requests:
- enter a natural number to know its properties;
- enter two natural numbers to obtain the properties of the list:
  * the first parameter represents a starting number;
  * the second parameter shows how many consecutive numbers are to be processed;
- two natural numbers and properties to search for;
- a property preceded by minus must not be present in numbers;
- separate the parameters with one space;
- enter 0 to exit.

Enter a request: > 7890586370216533649 6
7890586370216533649 is  odd duck sad
7890586370216533650 is  even duck sad
7890586370216533651 is  odd duck sad
7890586370216533652 is  even duck sad
7890586370216533653 is  odd duck sad
7890586370216533654 is  even duck gapful sad

Enter a request: > 0

Goodbye!
?[1;31m
Start test 27?[0m
Welcome to Amazing Numbers!

Supported requests:
- enter a natural number to know its properties;
- enter two natural numbers to obtain the properties of the list:
  * the first parameter represents a starting number;
  * the second parameter shows how many consecutive numbers are to be processed;
- two natural numbers and properties to search for;
- a property preceded by minus must not be present in numbers;
- separate the parameters with one space;
- enter 0 to exit.

Enter a request: > 3523674697082992548 18
3523674697082992548 is  even duck happy
3523674697082992549 is  odd duck sad
3523674697082992550 is  even buzz duck sad
3523674697082992551 is  odd duck sad
3523674697082992552 is  even duck sad
3523674697082992553 is  odd duck sad
3523674697082992554 is  even duck sad
3523674697082992555 is  odd duck happy
3523674697082992556 is  even duck sad
3523674697082992557 is  odd buzz duck sad
3523674697082992558 is  even duck sad
3523674697082992559 is  odd duck sad
3523674697082992560 is  even duck gapful sad
3523674697082992561 is  odd duck sad
3523674697082992562 is  even duck sad
3523674697082992563 is  odd duck sad
3523674697082992564 is  even buzz duck sad
3523674697082992565 is  odd duck sad

Enter a request: > 0

Goodbye!
?[1;31m
Start test 28?[0m
Welcome to Amazing Numbers!

Supported requests:
- enter a natural number to know its properties;
- enter two natural numbers to obtain the properties of the list:
  * the first parameter represents a starting number;
  * the second parameter shows how many consecutive numbers are to be processed;
- two natural numbers and properties to search for;
- a property preceded by minus must not be present in numbers;
- separate the parameters with one space;
- enter 0 to exit.

Enter a request: > 6588620372888075477 12
6588620372888075477 is  odd buzz duck happy
6588620372888075478 is  even duck sad
6588620372888075479 is  odd duck sad
6588620372888075480 is  even buzz duck happy
6588620372888075481 is  odd duck happy
6588620372888075482 is  even duck sad
6588620372888075483 is  odd duck sad
6588620372888075484 is  even duck happy
6588620372888075485 is  odd duck sad
6588620372888075486 is  even duck happy
6588620372888075487 is  odd buzz duck sad
6588620372888075488 is  even duck sad

Enter a request: > 0

Goodbye!
?[1;31m
Start test 29?[0m
Welcome to Amazing Numbers!

Supported requests:
- enter a natural number to know its properties;
- enter two natural numbers to obtain the properties of the list:
  * the first parameter represents a starting number;
  * the second parameter shows how many consecutive numbers are to be processed;
- two natural numbers and properties to search for;
- a property preceded by minus must not be present in numbers;
- separate the parameters with one space;
- enter 0 to exit.

Enter a request: > 1 10 May

The property [MAY] is wrong.
Available properties: [EVEN, ODD, BUZZ, DUCK, PALINDROMIC, GAPFUL, SPY, SQUARE, SUNNY, JUMPING, HAPPY, SAD]

Enter a request: > 0

Goodbye!
?[1;31m
Start test 30?[0m
Welcome to Amazing Numbers!

Supported requests:
- enter a natural number to know its properties;
- enter two natural numbers to obtain the properties of the list:
  * the first parameter represents a starting number;
  * the second parameter shows how many consecutive numbers are to be processed;
- two natural numbers and properties to search for;
- a property preceded by minus must not be present in numbers;
- separate the parameters with one space;
- enter 0 to exit.

Enter a request: > 40 2 bay

The property [BAY] is wrong.
Available properties: [EVEN, ODD, BUZZ, DUCK, PALINDROMIC, GAPFUL, SPY, SQUARE, SUNNY, JUMPING, HAPPY, SAD]

Enter a request: > 0

Goodbye!
?[1;31m
Start test 31?[0m
Welcome to Amazing Numbers!

Supported requests:
- enter a natural number to know its properties;
- enter two natural numbers to obtain the properties of the list:
  * the first parameter represents a starting number;
  * the second parameter shows how many consecutive numbers are to be processed;
- two natural numbers and properties to search for;
- a property preceded by minus must not be present in numbers;
- separate the parameters with one space;
- enter 0 to exit.

Enter a request: > 37 4 8

The property [8] is wrong.
Available properties: [EVEN, ODD, BUZZ, DUCK, PALINDROMIC, GAPFUL, SPY, SQUARE, SUNNY, JUMPING, HAPPY, SAD]

Enter a request: > 0

Goodbye!
?[1;31m
Start test 32?[0m
Welcome to Amazing Numbers!

Supported requests:
- enter a natural number to know its properties;
- enter two natural numbers to obtain the properties of the list:
  * the first parameter represents a starting number;
  * the second parameter shows how many consecutive numbers are to be processed;
- two natural numbers and properties to search for;
- a property preceded by minus must not be present in numbers;
- separate the parameters with one space;
- enter 0 to exit.

Enter a request: > 67 2 day

The property [DAY] is wrong.
Available properties: [EVEN, ODD, BUZZ, DUCK, PALINDROMIC, GAPFUL, SPY, SQUARE, SUNNY, JUMPING, HAPPY, SAD]

Enter a request: > 0

Goodbye!
?[1;31m
Start test 33?[0m
Welcome to Amazing Numbers!

Supported requests:
- enter a natural number to know its properties;
- enter two natural numbers to obtain the properties of the list:
  * the first parameter represents a starting number;
  * the second parameter shows how many consecutive numbers are to be processed;
- two natural numbers and properties to search for;
- a property preceded by minus must not be present in numbers;
- separate the parameters with one space;
- enter 0 to exit.

Enter a request: > 2 54 Prime

The property [PRIME] is wrong.
Available properties: [EVEN, ODD, BUZZ, DUCK, PALINDROMIC, GAPFUL, SPY, SQUARE, SUNNY, JUMPING, HAPPY, SAD]

Enter a request: > 0

Goodbye!
?[1;31m
Start test 34?[0m
Welcome to Amazing Numbers!

Supported requests:
- enter a natural number to know its properties;
- enter two natural numbers to obtain the properties of the list:
  * the first parameter represents a starting number;
  * the second parameter shows how many consecutive numbers are to be processed;
- two natural numbers and properties to search for;
- a property preceded by minus must not be present in numbers;
- separate the parameters with one space;
- enter 0 to exit.

Enter a request: > 6 8 ...

The property [...] is wrong.
Available properties: [EVEN, ODD, BUZZ, DUCK, PALINDROMIC, GAPFUL, SPY, SQUARE, SUNNY, JUMPING, HAPPY, SAD]

Enter a request: > 0

Goodbye!
?[1;31m
Start test 35?[0m
Welcome to Amazing Numbers!

Supported requests:
- enter a natural number to know its properties;
- enter two natural numbers to obtain the properties of the list:
  * the first parameter represents a starting number;
  * the second parameter shows how many consecutive numbers are to be processed;
- two natural numbers and properties to search for;
- a property preceded by minus must not be present in numbers;
- separate the parameters with one space;
- enter 0 to exit.

Enter a request: > 5 9 none

The property [NONE] is wrong.
Available properties: [EVEN, ODD, BUZZ, DUCK, PALINDROMIC, GAPFUL, SPY, SQUARE, SUNNY, JUMPING, HAPPY, SAD]

Enter a request: > 0

Goodbye!
?[1;31m
Start test 36?[0m
Welcome to Amazing Numbers!

Supported requests:
- enter a natural number to know its properties;
- enter two natural numbers to obtain the properties of the list:
  * the first parameter represents a starting number;
  * the second parameter shows how many consecutive numbers are to be processed;
- two natural numbers and properties to search for;
- a property preceded by minus must not be present in numbers;
- separate the parameters with one space;
- enter 0 to exit.

Enter a request: > 1 10 EVEN
2 is  even palindromic spy jumping sad
4 is  even palindromic spy square jumping sad
6 is  even palindromic spy jumping sad
8 is  even palindromic spy sunny jumping sad
10 is  even duck jumping happy
12 is  even jumping sad
14 is  even buzz sad
16 is  even square sad
18 is  even sad
20 is  even duck sad

Enter a request: > 1 10 ODD
1 is  odd palindromic spy square jumping happy
3 is  odd palindromic spy sunny jumping sad
5 is  odd palindromic spy jumping sad
7 is  odd buzz palindromic spy jumping happy
9 is  odd palindromic spy square jumping sad
11 is  odd palindromic sad
13 is  odd happy
15 is  odd sunny sad
17 is  odd buzz sad
19 is  odd happy

Enter a request: > 1 10 BUZZ
7 is  odd buzz palindromic spy jumping happy
14 is  even buzz sad
17 is  odd buzz sad
21 is  odd buzz jumping sad
27 is  odd buzz sad
28 is  even buzz happy
35 is  odd buzz sunny sad
37 is  odd buzz sad
42 is  even buzz sad
47 is  odd buzz sad

Enter a request: > 1 10 DUCK
10 is  even duck jumping happy
20 is  even duck sad
30 is  even duck sad
40 is  even duck sad
50 is  even duck sad
60 is  even duck sad
70 is  even buzz duck happy
80 is  even duck sunny sad
90 is  even duck sad
100 is  even duck gapful square happy

Enter a request: > 1 10 PALINDROMIC
1 is  odd palindromic spy square jumping happy
2 is  even palindromic spy jumping sad
3 is  odd palindromic spy sunny jumping sad
4 is  even palindromic spy square jumping sad
5 is  odd palindromic spy jumping sad
6 is  even palindromic spy jumping sad
7 is  odd buzz palindromic spy jumping happy
8 is  even palindromic spy sunny jumping sad
9 is  odd palindromic spy square jumping sad
11 is  odd palindromic sad

Enter a request: > 1 10 GAPFUL
100 is  even duck gapful square happy
105 is  odd buzz duck gapful sad
108 is  even duck gapful sad
110 is  even duck gapful sad
120 is  even duck gapful sunny sad
121 is  odd palindromic gapful square jumping sad
130 is  even duck gapful happy
132 is  even gapful spy sad
135 is  odd gapful sad
140 is  even buzz duck gapful sad

Enter a request: > 1 10 SPY
1 is  odd palindromic spy square jumping happy
2 is  even palindromic spy jumping sad
3 is  odd palindromic spy sunny jumping sad
4 is  even palindromic spy square jumping sad
5 is  odd palindromic spy jumping sad
6 is  even palindromic spy jumping sad
7 is  odd buzz palindromic spy jumping happy
8 is  even palindromic spy sunny jumping sad
9 is  odd palindromic spy square jumping sad
22 is  even palindromic spy sad

Enter a request: > 1 10 SQUARE
1 is  odd palindromic spy square jumping happy
4 is  even palindromic spy square jumping sad
9 is  odd palindromic spy square jumping sad
16 is  even square sad
25 is  odd square sad
36 is  even square sad
49 is  odd buzz square happy
64 is  even square sad
81 is  odd square sad
100 is  even duck gapful square happy

Enter a request: > 1 10 SUNNY
3 is  odd palindromic spy sunny jumping sad
8 is  even palindromic spy sunny jumping sad
15 is  odd sunny sad
24 is  even sunny sad
35 is  odd buzz sunny sad
48 is  even sunny sad
63 is  odd buzz sunny sad
80 is  even duck sunny sad
99 is  odd palindromic sunny sad
120 is  even duck gapful sunny sad

Enter a request: > 1 10 JUMPING
1 is  odd palindromic spy square jumping happy
2 is  even palindromic spy jumping sad
3 is  odd palindromic spy sunny jumping sad
4 is  even palindromic spy square jumping sad
5 is  odd palindromic spy jumping sad
6 is  even palindromic spy jumping sad
7 is  odd buzz palindromic spy jumping happy
8 is  even palindromic spy sunny jumping sad
9 is  odd palindromic spy square jumping sad
10 is  even duck jumping happy

Enter a request: > 1 10 HAPPY
1 is  odd palindromic spy square jumping happy
7 is  odd buzz palindromic spy jumping happy
10 is  even duck jumping happy
13 is  odd happy
19 is  odd happy
23 is  odd jumping happy
28 is  even buzz happy
31 is  odd happy
32 is  even jumping happy
44 is  even palindromic happy

Enter a request: > 1 10 SAD
2 is  even palindromic spy jumping sad
3 is  odd palindromic spy sunny jumping sad
4 is  even palindromic spy square jumping sad
5 is  odd palindromic spy jumping sad
6 is  even palindromic spy jumping sad
8 is  even palindromic spy sunny jumping sad
9 is  odd palindromic spy square jumping sad
11 is  odd palindromic sad
12 is  even jumping sad
14 is  even buzz sad

Enter a request: > 0

Goodbye!
?[1;31m
Start test 37?[0m
Welcome to Amazing Numbers!

Supported requests:
- enter a natural number to know its properties;
- enter two natural numbers to obtain the properties of the list:
  * the first parameter represents a starting number;
  * the second parameter shows how many consecutive numbers are to be processed;
- two natural numbers and properties to search for;
- a property preceded by minus must not be present in numbers;
- separate the parameters with one space;
- enter 0 to exit.

Enter a request: > 23529 18 JUMPING
32101 is  odd duck jumping sad
32121 is  odd jumping happy
32123 is  odd buzz palindromic jumping sad
32321 is  odd jumping sad
32323 is  odd palindromic jumping sad
32343 is  odd jumping sad
32345 is  odd jumping sad
34321 is  odd buzz jumping sad
34323 is  odd jumping sad
34343 is  odd palindromic jumping sad
34345 is  odd jumping sad
34543 is  odd palindromic jumping sad
34545 is  odd buzz gapful jumping happy
34565 is  odd jumping sad
34567 is  odd buzz jumping sad
43210 is  even duck jumping sad
43212 is  even jumping sad
43232 is  even buzz jumping sad

Enter a request: > 0

Goodbye!
?[1;31m
Start test 38?[0m
Welcome to Amazing Numbers!

Supported requests:
- enter a natural number to know its properties;
- enter two natural numbers to obtain the properties of the list:
  * the first parameter represents a starting number;
  * the second parameter shows how many consecutive numbers are to be processed;
- two natural numbers and properties to search for;
- a property preceded by minus must not be present in numbers;
- separate the parameters with one space;
- enter 0 to exit.

Enter a request: > 19138 19 SQUARE
19321 is  odd square sad
19600 is  even buzz duck gapful square sad
19881 is  odd square sad
20164 is  even duck square sad
20449 is  odd duck square sad
20736 is  even duck square sad
21025 is  odd duck gapful square sad
21316 is  even square sad
21609 is  odd buzz duck square sad
21904 is  even duck square sad
22201 is  odd duck square happy
22500 is  even duck gapful square sad
22801 is  odd duck square sad
23104 is  even duck square sad
23409 is  odd duck square sad
23716 is  even buzz square sad
24025 is  odd duck gapful square happy
24336 is  even gapful square sad
24649 is  odd square sad

Enter a request: > 0

Goodbye!
?[1;31m
Start test 39?[0m
Welcome to Amazing Numbers!

Supported requests:
- enter a natural number to know its properties;
- enter two natural numbers to obtain the properties of the list:
  * the first parameter represents a starting number;
  * the second parameter shows how many consecutive numbers are to be processed;
- two natural numbers and properties to search for;
- a property preceded by minus must not be present in numbers;
- separate the parameters with one space;
- enter 0 to exit.

Enter a request: > 3349 2 SPY
4112 is  even spy sad
4121 is  odd spy sad

Enter a request: > 0

Goodbye!
?[1;31m
Start test 40?[0m
Welcome to Amazing Numbers!

Supported requests:
- enter a natural number to know its properties;
- enter two natural numbers to obtain the properties of the list:
  * the first parameter represents a starting number;
  * the second parameter shows how many consecutive numbers are to be processed;
- two natural numbers and properties to search for;
- a property preceded by minus must not be present in numbers;
- separate the parameters with one space;
- enter 0 to exit.

Enter a request: > 4628 14 SPY
11125 is  odd spy happy
11133 is  odd spy sad
11152 is  even spy happy
11215 is  odd spy happy
11222 is  even spy sad
11251 is  odd spy happy
11313 is  odd spy sad
11331 is  odd spy sad
11512 is  even spy happy
11521 is  odd spy happy
12115 is  odd spy happy
12122 is  even spy sad
12151 is  odd spy happy
12212 is  even spy sad

Enter a request: > 0

Goodbye!
?[1;31m
Start test 41?[0m
Welcome to Amazing Numbers!

Supported requests:
- enter a natural number to know its properties;
- enter two natural numbers to obtain the properties of the list:
  * the first parameter represents a starting number;
  * the second parameter shows how many consecutive numbers are to be processed;
- two natural numbers and properties to search for;
- a property preceded by minus must not be present in numbers;
- separate the parameters with one space;
- enter 0 to exit.

Enter a request: > 7629 14 HAPPY
7630 is  even buzz duck gapful happy
7633 is  odd happy
7636 is  even happy
7663 is  odd happy
7689 is  odd happy
7691 is  odd happy
7698 is  even happy
7711 is  odd happy
7712 is  even happy
7721 is  odd buzz happy
7739 is  odd happy
7744 is  even square happy
7745 is  odd happy
7754 is  even happy

Enter a request: > 0

Goodbye!
?[1;31m
Start test 42?[0m
Welcome to Amazing Numbers!

Supported requests:
- enter a natural number to know its properties;
- enter two natural numbers to obtain the properties of the list:
  * the first parameter represents a starting number;
  * the second parameter shows how many consecutive numbers are to be processed;
- two natural numbers and properties to search for;
- a property preceded by minus must not be present in numbers;
- separate the parameters with one space;
- enter 0 to exit.

Enter a request: > 25727 4 JUMPING
32101 is  odd duck jumping sad
32121 is  odd jumping happy
32123 is  odd buzz palindromic jumping sad
32321 is  odd jumping sad

Enter a request: > 0

Goodbye!
?[1;31m
Start test 43?[0m
Welcome to Amazing Numbers!

Supported requests:
- enter a natural number to know its properties;
- enter two natural numbers to obtain the properties of the list:
  * the first parameter represents a starting number;
  * the second parameter shows how many consecutive numbers are to be processed;
- two natural numbers and properties to search for;
- a property preceded by minus must not be present in numbers;
- separate the parameters with one space;
- enter 0 to exit.

Enter a request: > 21135 2 SUNNY
21315 is  odd buzz sunny sad
21608 is  even duck sunny sad

Enter a request: > 0

Goodbye!
?[1;31m
Start test 44?[0m
Welcome to Amazing Numbers!

Supported requests:
- enter a natural number to know its properties;
- enter two natural numbers to obtain the properties of the list:
  * the first parameter represents a starting number;
  * the second parameter shows how many consecutive numbers are to be processed;
- two natural numbers and properties to search for;
- a property preceded by minus must not be present in numbers;
- separate the parameters with one space;
- enter 0 to exit.

Enter a request: > 6051 11 SAD
6051 is  odd duck sad
6052 is  even duck sad
6054 is  even duck sad
6057 is  odd buzz duck sad
6058 is  even duck sad
6059 is  odd duck sad
6060 is  even duck gapful sad
6061 is  odd duck sad
6062 is  even buzz duck sad
6063 is  odd duck sad
6064 is  even duck sad

Enter a request: > 0

Goodbye!
?[1;31m
Start test 45?[0m
Welcome to Amazing Numbers!

Supported requests:
- enter a natural number to know its properties;
- enter two natural numbers to obtain the properties of the list:
  * the first parameter represents a starting number;
  * the second parameter shows how many consecutive numbers are to be processed;
- two natural numbers and properties to search for;
- a property preceded by minus must not be present in numbers;
- separate the parameters with one space;
- enter 0 to exit.

Enter a request: > 5462 14 SUNNY
5475 is  odd sunny sad
5624 is  even sunny sad
5775 is  odd buzz palindromic gapful sunny sad
5928 is  even sunny sad
6083 is  odd buzz duck sunny happy
6240 is  even duck gapful sunny sad
6399 is  odd sunny sad
6560 is  even duck sunny happy
6723 is  odd sunny sad
6888 is  even buzz sunny sad
7055 is  odd duck sunny sad
7224 is  even buzz sunny sad
7395 is  odd sunny sad
7568 is  even sunny sad

Enter a request: > 0

Goodbye!
?[1;31m
Start test 46?[0m
Welcome to Amazing Numbers!

Supported requests:
- enter a natural number to know its properties;
- enter two natural numbers to obtain the properties of the list:
  * the first parameter represents a starting number;
  * the second parameter shows how many consecutive numbers are to be processed;
- two natural numbers and properties to search for;
- a property preceded by minus must not be present in numbers;
- separate the parameters with one space;
- enter 0 to exit.

Enter a request: > 16646 3 JUMPING
21010 is  even duck jumping sad
21012 is  even duck palindromic jumping happy
21210 is  even buzz duck jumping happy

Enter a request: > 0

Goodbye!
?[1;31m
Start test 47?[0m
Welcome to Amazing Numbers!

Supported requests:
- enter a natural number to know its properties;
- enter two natural numbers to obtain the properties of the list:
  * the first parameter represents a starting number;
  * the second parameter shows how many consecutive numbers are to be processed;
- two natural numbers and properties to search for;
- a property preceded by minus must not be present in numbers;
- separate the parameters with one space;
- enter 0 to exit.

Enter a request: > 1 10 odd girl
The property [GIRL] is wrong.
Available properties: [EVEN, ODD, BUZZ, DUCK, PALINDROMIC, GAPFUL, SPY, SQUARE, SUNNY, JUMPING, HAPPY, SAD]

Enter a request: > 0

Goodbye!
?[1;31m
Start test 48?[0m
Welcome to Amazing Numbers!

Supported requests:
- enter a natural number to know its properties;
- enter two natural numbers to obtain the properties of the list:
  * the first parameter represents a starting number;
  * the second parameter shows how many consecutive numbers are to be processed;
- two natural numbers and properties to search for;
- a property preceded by minus must not be present in numbers;
- separate the parameters with one space;
- enter 0 to exit.

Enter a request: > 40 2 even day
The property [DAY] is wrong.
Available properties: [EVEN, ODD, BUZZ, DUCK, PALINDROMIC, GAPFUL, SPY, SQUARE, SUNNY, JUMPING, HAPPY, SAD]

Enter a request: > 0

Goodbye!
?[1;31m
Start test 49?[0m
Welcome to Amazing Numbers!

Supported requests:
- enter a natural number to know its properties;
- enter two natural numbers to obtain the properties of the list:
  * the first parameter represents a starting number;
  * the second parameter shows how many consecutive numbers are to be processed;
- two natural numbers and properties to search for;
- a property preceded by minus must not be present in numbers;
- separate the parameters with one space;
- enter 0 to exit.

Enter a request: > 37 4 spy 89
The property [89] is wrong.
Available properties: [EVEN, ODD, BUZZ, DUCK, PALINDROMIC, GAPFUL, SPY, SQUARE, SUNNY, JUMPING, HAPPY, SAD]

Enter a request: > 0

Goodbye!
?[1;31m
Start test 50?[0m
Welcome to Amazing Numbers!

Supported requests:
- enter a natural number to know its properties;
- enter two natural numbers to obtain the properties of the list:
  * the first parameter represents a starting number;
  * the second parameter shows how many consecutive numbers are to be processed;
- two natural numbers and properties to search for;
- a property preceded by minus must not be present in numbers;
- separate the parameters with one space;
- enter 0 to exit.

Enter a request: > 67 2 DUCK +
The property [+] is wrong.
Available properties: [EVEN, ODD, BUZZ, DUCK, PALINDROMIC, GAPFUL, SPY, SQUARE, SUNNY, JUMPING, HAPPY, SAD]

Enter a request: > 0

Goodbye!
?[1;31m
Start test 51?[0m
Welcome to Amazing Numbers!

Supported requests:
- enter a natural number to know its properties;
- enter two natural numbers to obtain the properties of the list:
  * the first parameter represents a starting number;
  * the second parameter shows how many consecutive numbers are to be processed;
- two natural numbers and properties to search for;
- a property preceded by minus must not be present in numbers;
- separate the parameters with one space;
- enter 0 to exit.

Enter a request: > 1 10 boy friend
The properties [BOY, FRIEND] are wrong.
Available properties: [EVEN, ODD, BUZZ, DUCK, PALINDROMIC, GAPFUL, SPY, SQUARE, SUNNY, JUMPING, HAPPY, SAD]

Enter a request: > 0

Goodbye!
?[1;31m
Start test 52?[0m
Welcome to Amazing Numbers!

Supported requests:
- enter a natural number to know its properties;
- enter two natural numbers to obtain the properties of the list:
  * the first parameter represents a starting number;
  * the second parameter shows how many consecutive numbers are to be processed;
- two natural numbers and properties to search for;
- a property preceded by minus must not be present in numbers;
- separate the parameters with one space;
- enter 0 to exit.

Enter a request: > 40 2 long day
The properties [LONG, DAY] are wrong.
Available properties: [EVEN, ODD, BUZZ, DUCK, PALINDROMIC, GAPFUL, SPY, SQUARE, SUNNY, JUMPING, HAPPY, SAD]

Enter a request: > 0

Goodbye!
?[1;31m
Start test 53?[0m
Welcome to Amazing Numbers!

Supported requests:
- enter a natural number to know its properties;
- enter two natural numbers to obtain the properties of the list:
  * the first parameter represents a starting number;
  * the second parameter shows how many consecutive numbers are to be processed;
- two natural numbers and properties to search for;
- a property preceded by minus must not be present in numbers;
- separate the parameters with one space;
- enter 0 to exit.

Enter a request: > 37 4 hot girl
The properties [HOT, GIRL] are wrong.
Available properties: [EVEN, ODD, BUZZ, DUCK, PALINDROMIC, GAPFUL, SPY, SQUARE, SUNNY, JUMPING, HAPPY, SAD]

Enter a request: > 0

Goodbye!
?[1;31m
Start test 54?[0m
Welcome to Amazing Numbers!

Supported requests:
- enter a natural number to know its properties;
- enter two natural numbers to obtain the properties of the list:
  * the first parameter represents a starting number;
  * the second parameter shows how many consecutive numbers are to be processed;
- two natural numbers and properties to search for;
- a property preceded by minus must not be present in numbers;
- separate the parameters with one space;
- enter 0 to exit.

Enter a request: > 67 2 strong drake
The properties [STRONG, DRAKE] are wrong.
Available properties: [EVEN, ODD, BUZZ, DUCK, PALINDROMIC, GAPFUL, SPY, SQUARE, SUNNY, JUMPING, HAPPY, SAD]

Enter a request: > 0

Goodbye!
?[1;31m
Start test 55?[0m
Welcome to Amazing Numbers!

Supported requests:
- enter a natural number to know its properties;
- enter two natural numbers to obtain the properties of the list:
  * the first parameter represents a starting number;
  * the second parameter shows how many consecutive numbers are to be processed;
- two natural numbers and properties to search for;
- a property preceded by minus must not be present in numbers;
- separate the parameters with one space;
- enter 0 to exit.

Enter a request: > 1 7 even spy
2 is [EVEN, PALINDROMIC, SPY, JUMPING, SAD]
4 is [EVEN, PALINDROMIC, SPY, SQUARE, JUMPING, SAD]
6 is [EVEN, PALINDROMIC, SPY, JUMPING, SAD]
8 is [EVEN, PALINDROMIC, SPY, SUNNY, JUMPING, SAD]
22 is [EVEN, PALINDROMIC, SPY, SAD]
132 is [EVEN, GAPFUL, SPY, SAD]
312 is [EVEN, SPY, SAD]

Enter a request: > 0

Goodbye!
?[1;31m
Start test 56?[0m
Welcome to Amazing Numbers!

Supported requests:
- enter a natural number to know its properties;
- enter two natural numbers to obtain the properties of the list:
  * the first parameter represents a starting number;
  * the second parameter shows how many consecutive numbers are to be processed;
- two natural numbers and properties to search for;
- a property preceded by minus must not be present in numbers;
- separate the parameters with one space;
- enter 0 to exit.

Enter a request: > 1 10 odd buzz
7 is [ODD, BUZZ, PALINDROMIC, SPY, JUMPING, HAPPY]
17 is [ODD, BUZZ, SAD]
21 is [ODD, BUZZ, JUMPING, SAD]
27 is [ODD, BUZZ, SAD]
35 is [ODD, BUZZ, SUNNY, SAD]
37 is [ODD, BUZZ, SAD]
47 is [ODD, BUZZ, SAD]
49 is [ODD, BUZZ, SQUARE, HAPPY]
57 is [ODD, BUZZ, SAD]
63 is [ODD, BUZZ, SUNNY, SAD]

Enter a request: > 0

Goodbye!
?[1;31m
Start test 57?[0m
Welcome to Amazing Numbers!

Supported requests:
- enter a natural number to know its properties;
- enter two natural numbers to obtain the properties of the list:
  * the first parameter represents a starting number;
  * the second parameter shows how many consecutive numbers are to be processed;
- two natural numbers and properties to search for;
- a property preceded by minus must not be present in numbers;
- separate the parameters with one space;
- enter 0 to exit.

Enter a request: > 1 9 buzz gapful
105 is [ODD, BUZZ, DUCK, GAPFUL, SAD]
140 is [EVEN, BUZZ, DUCK, GAPFUL, SAD]
154 is [EVEN, BUZZ, GAPFUL, SAD]
187 is [ODD, BUZZ, GAPFUL, SAD]
231 is [ODD, BUZZ, GAPFUL, SPY, SAD]
280 is [EVEN, BUZZ, DUCK, GAPFUL, HAPPY]
297 is [ODD, BUZZ, GAPFUL, SAD]
315 is [ODD, BUZZ, GAPFUL, SAD]
385 is [ODD, BUZZ, GAPFUL, SAD]

Enter a request: > 0

Goodbye!
?[1;31m
Start test 58?[0m
Welcome to Amazing Numbers!

Supported requests:
- enter a natural number to know its properties;
- enter two natural numbers to obtain the properties of the list:
  * the first parameter represents a starting number;
  * the second parameter shows how many consecutive numbers are to be processed;
- two natural numbers and properties to search for;
- a property preceded by minus must not be present in numbers;
- separate the parameters with one space;
- enter 0 to exit.

Enter a request: > 1 10 spy buzz
7 is [ODD, BUZZ, PALINDROMIC, SPY, JUMPING, HAPPY]
231 is [ODD, BUZZ, GAPFUL, SPY, SAD]
1421 is [ODD, BUZZ, SPY, SAD]
2114 is [EVEN, BUZZ, SPY, SAD]
15211 is [ODD, BUZZ, SPY, HAPPY]
21511 is [ODD, BUZZ, SPY, HAPPY]
22211 is [ODD, BUZZ, SPY, SAD]
31311 is [ODD, BUZZ, SPY, SAD]
51121 is [ODD, BUZZ, SPY, HAPPY]
111216 is [EVEN, BUZZ, GAPFUL, SPY, HAPPY]

Enter a request: > 0

Goodbye!
?[1;31m
Start test 59?[0m
Welcome to Amazing Numbers!

Supported requests:
- enter a natural number to know its properties;
- enter two natural numbers to obtain the properties of the list:
  * the first parameter represents a starting number;
  * the second parameter shows how many consecutive numbers are to be processed;
- two natural numbers and properties to search for;
- a property preceded by minus must not be present in numbers;
- separate the parameters with one space;
- enter 0 to exit.

Enter a request: > 100000 2 even spy
111126 is [EVEN, SPY, HAPPY]
111162 is [EVEN, SPY, HAPPY]

Enter a request: > 0

Goodbye!
?[1;31m
Start test 60?[0m
Welcome to Amazing Numbers!

Supported requests:
- enter a natural number to know its properties;
- enter two natural numbers to obtain the properties of the list:
  * the first parameter represents a starting number;
  * the second parameter shows how many consecutive numbers are to be processed;
- two natural numbers and properties to search for;
- a property preceded by minus must not be present in numbers;
- separate the parameters with one space;
- enter 0 to exit.

Enter a request: > 100 4 odd gapful
105 is [ODD, BUZZ, DUCK, GAPFUL, SAD]
121 is [ODD, PALINDROMIC, GAPFUL, SQUARE, JUMPING, SAD]
135 is [ODD, GAPFUL, SAD]
143 is [ODD, GAPFUL, SUNNY, SAD]

Enter a request: > 0

Goodbye!
?[1;31m
Start test 61?[0m
Welcome to Amazing Numbers!

Supported requests:
- enter a natural number to know its properties;
- enter two natural numbers to obtain the properties of the list:
  * the first parameter represents a starting number;
  * the second parameter shows how many consecutive numbers are to be processed;
- two natural numbers and properties to search for;
- a property preceded by minus must not be present in numbers;
- separate the parameters with one space;
- enter 0 to exit.

Enter a request: > 2000 4 palindromic duck
2002 is [EVEN, BUZZ, DUCK, PALINDROMIC, GAPFUL, SAD]
3003 is [ODD, BUZZ, DUCK, PALINDROMIC, GAPFUL, SAD]
4004 is [EVEN, BUZZ, DUCK, PALINDROMIC, GAPFUL, HAPPY]
5005 is [ODD, BUZZ, DUCK, PALINDROMIC, GAPFUL, SAD]

Enter a request: > 0

Goodbye!
?[1;31m
Start test 62?[0m
Welcome to Amazing Numbers!

Supported requests:
- enter a natural number to know its properties;
- enter two natural numbers to obtain the properties of the list:
  * the first parameter represents a starting number;
  * the second parameter shows how many consecutive numbers are to be processed;
- two natural numbers and properties to search for;
- a property preceded by minus must not be present in numbers;
- separate the parameters with one space;
- enter 0 to exit.

Enter a request: > 26534 3 buzz evens palindromic
The property [EVENS] is wrong.
Available properties: [EVEN, ODD, BUZZ, DUCK, PALINDROMIC, GAPFUL, SPY, SQUARE, SUNNY, JUMPING, HAPPY, SAD]

Enter a request: > 0

Goodbye!
?[1;31m
Start test 63?[0m
Welcome to Amazing Numbers!

Supported requests:
- enter a natural number to know its properties;
- enter two natural numbers to obtain the properties of the list:
  * the first parameter represents a starting number;
  * the second parameter shows how many consecutive numbers are to be processed;
- two natural numbers and properties to search for;
- a property preceded by minus must not be present in numbers;
- separate the parameters with one space;
- enter 0 to exit.

Enter a request: > 4384 2 odd -buzz -palindromic shiny gapful
The property [SHINY] is wrong.
Available properties: [EVEN, ODD, BUZZ, DUCK, PALINDROMIC, GAPFUL, SPY, SQUARE, SUNNY, JUMPING, HAPPY, SAD]

Enter a request: > 0

Goodbye!
?[1;31m
Start test 64?[0m
Welcome to Amazing Numbers!

Supported requests:
- enter a natural number to know its properties;
- enter two natural numbers to obtain the properties of the list:
  * the first parameter represents a starting number;
  * the second parameter shows how many consecutive numbers are to be processed;
- two natural numbers and properties to search for;
- a property preceded by minus must not be present in numbers;
- separate the parameters with one space;
- enter 0 to exit.

Enter a request: > 1 7 hot sunny odd odd -even
The property [HOT] is wrong.
Available properties: [EVEN, ODD, BUZZ, DUCK, PALINDROMIC, GAPFUL, SPY, SQUARE, SUNNY, JUMPING, HAPPY, SAD]

Enter a request: > 0

Goodbye!
?[1;31m
Start test 65?[0m
Welcome to Amazing Numbers!

Supported requests:
- enter a natural number to know its properties;
- enter two natural numbers to obtain the properties of the list:
  * the first parameter represents a starting number;
  * the second parameter shows how many consecutive numbers are to be processed;
- two natural numbers and properties to search for;
- a property preceded by minus must not be present in numbers;
- separate the parameters with one space;
- enter 0 to exit.

Enter a request: > 78343 4 sunny -duck mac odd
The property [MAC] is wrong.
Available properties: [EVEN, ODD, BUZZ, DUCK, PALINDROMIC, GAPFUL, SPY, SQUARE, SUNNY, JUMPING, HAPPY, SAD]

Enter a request: > 0

Goodbye!
?[1;31m
Start test 66?[0m
Welcome to Amazing Numbers!

Supported requests:
- enter a natural number to know its properties;
- enter two natural numbers to obtain the properties of the list:
  * the first parameter represents a starting number;
  * the second parameter shows how many consecutive numbers are to be processed;
- two natural numbers and properties to search for;
- a property preceded by minus must not be present in numbers;
- separate the parameters with one space;
- enter 0 to exit.

Enter a request: > 3 4 -even -sunny -hot
The property [-HOT] is wrong.
Available properties: [EVEN, ODD, BUZZ, DUCK, PALINDROMIC, GAPFUL, SPY, SQUARE, SUNNY, JUMPING, HAPPY, SAD]

Enter a request: > 0

Goodbye!
?[1;31m
Start test 67?[0m
Welcome to Amazing Numbers!

Supported requests:
- enter a natural number to know its properties;
- enter two natural numbers to obtain the properties of the list:
  * the first parameter represents a starting number;
  * the second parameter shows how many consecutive numbers are to be processed;
- two natural numbers and properties to search for;
- a property preceded by minus must not be present in numbers;
- separate the parameters with one space;
- enter 0 to exit.

Enter a request: > 1 7 odd spy palindromic
1 is [ODD, PALINDROMIC, SPY, SQUARE, JUMPING, HAPPY]
3 is [ODD, PALINDROMIC, SPY, SUNNY, JUMPING, SAD]
5 is [ODD, PALINDROMIC, SPY, JUMPING, SAD]
7 is [ODD, BUZZ, PALINDROMIC, SPY, JUMPING, HAPPY]
9 is [ODD, PALINDROMIC, SPY, SQUARE, JUMPING, SAD]
12221 is [ODD, PALINDROMIC, GAPFUL, SPY, SAD]
13131 is [ODD, PALINDROMIC, SPY, SAD]

Enter a request: > 0

Goodbye!
?[1;31m
Start test 68?[0m
Welcome to Amazing Numbers!

Supported requests:
- enter a natural number to know its properties;
- enter two natural numbers to obtain the properties of the list:
  * the first parameter represents a starting number;
  * the second parameter shows how many consecutive numbers are to be processed;
- two natural numbers and properties to search for;
- a property preceded by minus must not be present in numbers;
- separate the parameters with one space;
- enter 0 to exit.

Enter a request: > 1 10 even palindromic duck buzz
2002 is [EVEN, BUZZ, DUCK, PALINDROMIC, GAPFUL, SAD]
4004 is [EVEN, BUZZ, DUCK, PALINDROMIC, GAPFUL, HAPPY]
6006 is [EVEN, BUZZ, DUCK, PALINDROMIC, GAPFUL, SAD]
8008 is [EVEN, BUZZ, DUCK, PALINDROMIC, GAPFUL, SAD]
20202 is [EVEN, BUZZ, DUCK, PALINDROMIC, SAD]
20902 is [EVEN, BUZZ, DUCK, PALINDROMIC, SAD]
22022 is [EVEN, BUZZ, DUCK, PALINDROMIC, GAPFUL, SAD]
29092 is [EVEN, BUZZ, DUCK, PALINDROMIC, SAD]
40404 is [EVEN, BUZZ, DUCK, PALINDROMIC, SAD]
44044 is [EVEN, BUZZ, DUCK, PALINDROMIC, GAPFUL, SAD]

Enter a request: > 0

Goodbye!
?[1;31m
Start test 69?[0m
Welcome to Amazing Numbers!

Supported requests:
- enter a natural number to know its properties;
- enter two natural numbers to obtain the properties of the list:
  * the first parameter represents a starting number;
  * the second parameter shows how many consecutive numbers are to be processed;
- two natural numbers and properties to search for;
- a property preceded by minus must not be present in numbers;
- separate the parameters with one space;
- enter 0 to exit.

Enter a request: > 1 9 even palindromic duck buzz gapful
2002 is [EVEN, BUZZ, DUCK, PALINDROMIC, GAPFUL, SAD]
4004 is [EVEN, BUZZ, DUCK, PALINDROMIC, GAPFUL, HAPPY]
6006 is [EVEN, BUZZ, DUCK, PALINDROMIC, GAPFUL, SAD]
8008 is [EVEN, BUZZ, DUCK, PALINDROMIC, GAPFUL, SAD]
22022 is [EVEN, BUZZ, DUCK, PALINDROMIC, GAPFUL, SAD]
44044 is [EVEN, BUZZ, DUCK, PALINDROMIC, GAPFUL, SAD]
66066 is [EVEN, BUZZ, DUCK, PALINDROMIC, GAPFUL, SAD]
88088 is [EVEN, BUZZ, DUCK, PALINDROMIC, GAPFUL, SAD]
202202 is [EVEN, BUZZ, DUCK, PALINDROMIC, GAPFUL, SAD]

Enter a request: > 0

Goodbye!
?[1;31m
Start test 70?[0m
Welcome to Amazing Numbers!

Supported requests:
- enter a natural number to know its properties;
- enter two natural numbers to obtain the properties of the list:
  * the first parameter represents a starting number;
  * the second parameter shows how many consecutive numbers are to be processed;
- two natural numbers and properties to search for;
- a property preceded by minus must not be present in numbers;
- separate the parameters with one space;
- enter 0 to exit.

Enter a request: > 1 10 even sunny duck buzz gapful
1680 is [EVEN, BUZZ, DUCK, GAPFUL, SUNNY, SAD]
4760 is [EVEN, BUZZ, DUCK, GAPFUL, SUNNY, SAD]
9408 is [EVEN, BUZZ, DUCK, GAPFUL, SUNNY, SAD]
12320 is [EVEN, BUZZ, DUCK, GAPFUL, SUNNY, SAD]
19320 is [EVEN, BUZZ, DUCK, GAPFUL, SUNNY, SAD]
19880 is [EVEN, BUZZ, DUCK, GAPFUL, SUNNY, SAD]
23408 is [EVEN, BUZZ, DUCK, GAPFUL, SUNNY, SAD]
24024 is [EVEN, BUZZ, DUCK, GAPFUL, SUNNY, SAD]
28560 is [EVEN, BUZZ, DUCK, GAPFUL, SUNNY, HAPPY]
32760 is [EVEN, BUZZ, DUCK, GAPFUL, SUNNY, SAD]

Enter a request: > 0

Goodbye!
?[1;31m
Start test 71?[0m
Welcome to Amazing Numbers!

Supported requests:
- enter a natural number to know its properties;
- enter two natural numbers to obtain the properties of the list:
  * the first parameter represents a starting number;
  * the second parameter shows how many consecutive numbers are to be processed;
- two natural numbers and properties to search for;
- a property preceded by minus must not be present in numbers;
- separate the parameters with one space;
- enter 0 to exit.

Enter a request: > 100000 2 even spy buzz gapful
111216 is [EVEN, BUZZ, GAPFUL, SPY, HAPPY]
161112 is [EVEN, BUZZ, GAPFUL, SPY, HAPPY]

Enter a request: > 0

Goodbye!
?[1;31m
Start test 72?[0m
Welcome to Amazing Numbers!

Supported requests:
- enter a natural number to know its properties;
- enter two natural numbers to obtain the properties of the list:
  * the first parameter represents a starting number;
  * the second parameter shows how many consecutive numbers are to be processed;
- two natural numbers and properties to search for;
- a property preceded by minus must not be present in numbers;
- separate the parameters with one space;
- enter 0 to exit.

Enter a request: > 100 4 odd spy gapful
231 is [ODD, BUZZ, GAPFUL, SPY, SAD]
12221 is [ODD, PALINDROMIC, GAPFUL, SPY, SAD]
216111 is [ODD, BUZZ, GAPFUL, SPY, HAPPY]
1111341 is [ODD, BUZZ, GAPFUL, SPY, SAD]

Enter a request: > 0

Goodbye!
?[1;31m
Start test 73?[0m
Welcome to Amazing Numbers!

Supported requests:
- enter a natural number to know its properties;
- enter two natural numbers to obtain the properties of the list:
  * the first parameter represents a starting number;
  * the second parameter shows how many consecutive numbers are to be processed;
- two natural numbers and properties to search for;
- a property preceded by minus must not be present in numbers;
- separate the parameters with one space;
- enter 0 to exit.

Enter a request: > 2000 4 even palindromic duck
2002 is [EVEN, BUZZ, DUCK, PALINDROMIC, GAPFUL, SAD]
4004 is [EVEN, BUZZ, DUCK, PALINDROMIC, GAPFUL, HAPPY]
6006 is [EVEN, BUZZ, DUCK, PALINDROMIC, GAPFUL, SAD]
8008 is [EVEN, BUZZ, DUCK, PALINDROMIC, GAPFUL, SAD]

Enter a request: > 0

Goodbye!
?[1;31m
Start test 74?[0m
Welcome to Amazing Numbers!

Supported requests:
- enter a natural number to know its properties;
- enter two natural numbers to obtain the properties of the list:
  * the first parameter represents a starting number;
  * the second parameter shows how many consecutive numbers are to be processed;
- two natural numbers and properties to search for;
- a property preceded by minus must not be present in numbers;
- separate the parameters with one space;
- enter 0 to exit.

Enter a request: > 1 15 odd spy -duck spy buzz
7 is [ODD, BUZZ, PALINDROMIC, SPY, JUMPING, HAPPY]
231 is [ODD, BUZZ, GAPFUL, SPY, SAD]
1421 is [ODD, BUZZ, SPY, SAD]
15211 is [ODD, BUZZ, SPY, HAPPY]
21511 is [ODD, BUZZ, SPY, HAPPY]
22211 is [ODD, BUZZ, SPY, SAD]
31311 is [ODD, BUZZ, SPY, SAD]
51121 is [ODD, BUZZ, SPY, HAPPY]
112161 is [ODD, BUZZ, SPY, HAPPY]
121611 is [ODD, BUZZ, SPY, HAPPY]
216111 is [ODD, BUZZ, GAPFUL, SPY, HAPPY]
611121 is [ODD, BUZZ, SPY, HAPPY]
1111127 is [ODD, BUZZ, SPY, SAD]
1111217 is [ODD, BUZZ, SPY, SAD]
1111271 is [ODD, BUZZ, SPY, SAD]

Enter a request: > 0

Goodbye!
?[1;31m
Start test 75?[0m
Welcome to Amazing Numbers!

Supported requests:
- enter a natural number to know its properties;
- enter two natural numbers to obtain the properties of the list:
  * the first parameter represents a starting number;
  * the second parameter shows how many consecutive numbers are to be processed;
- two natural numbers and properties to search for;
- a property preceded by minus must not be present in numbers;
- separate the parameters with one space;
- enter 0 to exit.

Enter a request: > 1 2 jumping happy -spy
10 is [EVEN, DUCK, JUMPING, HAPPY]
23 is [ODD, JUMPING, HAPPY]

Enter a request: > 0

Goodbye!
?[1;31m
Start test 76?[0m
Welcome to Amazing Numbers!

Supported requests:
- enter a natural number to know its properties;
- enter two natural numbers to obtain the properties of the list:
  * the first parameter represents a starting number;
  * the second parameter shows how many consecutive numbers are to be processed;
- two natural numbers and properties to search for;
- a property preceded by minus must not be present in numbers;
- separate the parameters with one space;
- enter 0 to exit.

Enter a request: > 5 1 odd even
The request contains mutually exclusive properties: [EVEN,ODD]
There are no numbers with these properties.

Enter a request: > 0

Goodbye!
?[1;31m
Start test 77?[0m
Welcome to Amazing Numbers!

Supported requests:
- enter a natural number to know its properties;
- enter two natural numbers to obtain the properties of the list:
  * the first parameter represents a starting number;
  * the second parameter shows how many consecutive numbers are to be processed;
- two natural numbers and properties to search for;
- a property preceded by minus must not be present in numbers;
- separate the parameters with one space;
- enter 0 to exit.

Enter a request: > 4 3 even odd
The request contains mutually exclusive properties: [EVEN,ODD]
There are no numbers with these properties.

Enter a request: > 0

Goodbye!
?[1;31m
Start test 78?[0m
Welcome to Amazing Numbers!

Supported requests:
- enter a natural number to know its properties;
- enter two natural numbers to obtain the properties of the list:
  * the first parameter represents a starting number;
  * the second parameter shows how many consecutive numbers are to be processed;
- two natural numbers and properties to search for;
- a property preceded by minus must not be present in numbers;
- separate the parameters with one space;
- enter 0 to exit.

Enter a request: > 32 2 sunny square
The request contains mutually exclusive properties: [SUNNY,SQUARE]
There are no numbers with these properties.

Enter a request: > 0

Goodbye!
?[1;31m
Start test 79?[0m
Welcome to Amazing Numbers!

Supported requests:
- enter a natural number to know its properties;
- enter two natural numbers to obtain the properties of the list:
  * the first parameter represents a starting number;
  * the second parameter shows how many consecutive numbers are to be processed;
- two natural numbers and properties to search for;
- a property preceded by minus must not be present in numbers;
- separate the parameters with one space;
- enter 0 to exit.

Enter a request: > 3153 2 spy duck
The request contains mutually exclusive properties: [DUCK,SPY]
There are no numbers with these properties.

Enter a request: > 0

Goodbye!
?[1;31m
Start test 80?[0m
Welcome to Amazing Numbers!

Supported requests:
- enter a natural number to know its properties;
- enter two natural numbers to obtain the properties of the list:
  * the first parameter represents a starting number;
  * the second parameter shows how many consecutive numbers are to be processed;
- two natural numbers and properties to search for;
- a property preceded by minus must not be present in numbers;
- separate the parameters with one space;
- enter 0 to exit.

Enter a request: > 6 7 duck spy
The request contains mutually exclusive properties: [DUCK,SPY]
There are no numbers with these properties.

Enter a request: > 0

Goodbye!
?[1;31m
Start test 81?[0m
Welcome to Amazing Numbers!

Supported requests:
- enter a natural number to know its properties;
- enter two natural numbers to obtain the properties of the list:
  * the first parameter represents a starting number;
  * the second parameter shows how many consecutive numbers are to be processed;
- two natural numbers and properties to search for;
- a property preceded by minus must not be present in numbers;
- separate the parameters with one space;
- enter 0 to exit.

Enter a request: > 1 2 spy odd sunny even
The request contains mutually exclusive properties: [EVEN,ODD]
There are no numbers with these properties.

Enter a request: > 0

Goodbye!
?[1;31m
Start test 82?[0m
Welcome to Amazing Numbers!

Supported requests:
- enter a natural number to know its properties;
- enter two natural numbers to obtain the properties of the list:
  * the first parameter represents a starting number;
  * the second parameter shows how many consecutive numbers are to be processed;
- two natural numbers and properties to search for;
- a property preceded by minus must not be present in numbers;
- separate the parameters with one space;
- enter 0 to exit.

Enter a request: > 7 2 sunny even duck buzz square
The request contains mutually exclusive properties: [SUNNY,SQUARE]
There are no numbers with these properties.

Enter a request: > 0

Goodbye!
?[1;31m
Start test 83?[0m
Welcome to Amazing Numbers!

Supported requests:
- enter a natural number to know its properties;
- enter two natural numbers to obtain the properties of the list:
  * the first parameter represents a starting number;
  * the second parameter shows how many consecutive numbers are to be processed;
- two natural numbers and properties to search for;
- a property preceded by minus must not be present in numbers;
- separate the parameters with one space;
- enter 0 to exit.

Enter a request: > 9 5 even spy buzz duck
The request contains mutually exclusive properties: [DUCK,SPY]
There are no numbers with these properties.

Enter a request: > 0

Goodbye!
?[1;31m
Start test 84?[0m
Welcome to Amazing Numbers!

Supported requests:
- enter a natural number to know its properties;
- enter two natural numbers to obtain the properties of the list:
  * the first parameter represents a starting number;
  * the second parameter shows how many consecutive numbers are to be processed;
- two natural numbers and properties to search for;
- a property preceded by minus must not be present in numbers;
- separate the parameters with one space;
- enter 0 to exit.

Enter a request: > 6 6 -odd -even
The request contains mutually exclusive properties: [-EVEN,-ODD]
There are no numbers with these properties.

Enter a request: > 0

Goodbye!
?[1;31m
Start test 85?[0m
Welcome to Amazing Numbers!

Supported requests:
- enter a natural number to know its properties;
- enter two natural numbers to obtain the properties of the list:
  * the first parameter represents a starting number;
  * the second parameter shows how many consecutive numbers are to be processed;
- two natural numbers and properties to search for;
- a property preceded by minus must not be present in numbers;
- separate the parameters with one space;
- enter 0 to exit.

Enter a request: > 6 7 odd -odd
The request contains mutually exclusive properties: [-ODD,ODD]
There are no numbers with these properties.

Enter a request: > 0

Goodbye!
?[1;31m
Start test 86?[0m
Welcome to Amazing Numbers!

Supported requests:
- enter a natural number to know its properties;
- enter two natural numbers to obtain the properties of the list:
  * the first parameter represents a starting number;
  * the second parameter shows how many consecutive numbers are to be processed;
- two natural numbers and properties to search for;
- a property preceded by minus must not be present in numbers;
- separate the parameters with one space;
- enter 0 to exit.

Enter a request: > 8 1 -even even
The request contains mutually exclusive properties: [-EVEN,EVEN]
There are no numbers with these properties.

Enter a request: > 0

Goodbye!
?[1;31m
Start test 87?[0m
Welcome to Amazing Numbers!

Supported requests:
- enter a natural number to know its properties;
- enter two natural numbers to obtain the properties of the list:
  * the first parameter represents a starting number;
  * the second parameter shows how many consecutive numbers are to be processed;
- two natural numbers and properties to search for;
- a property preceded by minus must not be present in numbers;
- separate the parameters with one space;
- enter 0 to exit.

Enter a request: > 3 5 odd duck buzz -duck sunny
The request contains mutually exclusive properties: [-DUCK,DUCK]
There are no numbers with these properties.

Enter a request: > 0

Goodbye!
?[1;31m
Start test 88?[0m
Welcome to Amazing Numbers!

Supported requests:
- enter a natural number to know its properties;
- enter two natural numbers to obtain the properties of the list:
  * the first parameter represents a starting number;
  * the second parameter shows how many consecutive numbers are to be processed;
- two natural numbers and properties to search for;
- a property preceded by minus must not be present in numbers;
- separate the parameters with one space;
- enter 0 to exit.

Enter a request: > 1 15 -EVEN
1 is  odd palindromic spy square jumping happy
3 is  odd palindromic spy sunny jumping sad
5 is  odd palindromic spy jumping sad
7 is  odd buzz palindromic spy jumping happy
9 is  odd palindromic spy square jumping sad
11 is  odd palindromic sad
13 is  odd happy
15 is  odd sunny sad
17 is  odd buzz sad
19 is  odd happy
21 is  odd buzz jumping sad
23 is  odd jumping happy
25 is  odd square sad
27 is  odd buzz sad
29 is  odd sad

Enter a request: > 1 15 -ODD
2 is  even palindromic spy jumping sad
4 is  even palindromic spy square jumping sad
6 is  even palindromic spy jumping sad
8 is  even palindromic spy sunny jumping sad
10 is  even duck jumping happy
12 is  even jumping sad
14 is  even buzz sad
16 is  even square sad
18 is  even sad
20 is  even duck sad
22 is  even palindromic spy sad
24 is  even sunny sad
26 is  even sad
28 is  even buzz happy
30 is  even duck sad

Enter a request: > 1 15 -BUZZ
1 is  odd palindromic spy square jumping happy
2 is  even palindromic spy jumping sad
3 is  odd palindromic spy sunny jumping sad
4 is  even palindromic spy square jumping sad
5 is  odd palindromic spy jumping sad
6 is  even palindromic spy jumping sad
8 is  even palindromic spy sunny jumping sad
9 is  odd palindromic spy square jumping sad
10 is  even duck jumping happy
11 is  odd palindromic sad
12 is  even jumping sad
13 is  odd happy
15 is  odd sunny sad
16 is  even square sad
18 is  even sad

Enter a request: > 1 15 -DUCK
1 is  odd palindromic spy square jumping happy
2 is  even palindromic spy jumping sad
3 is  odd palindromic spy sunny jumping sad
4 is  even palindromic spy square jumping sad
5 is  odd palindromic spy jumping sad
6 is  even palindromic spy jumping sad
7 is  odd buzz palindromic spy jumping happy
8 is  even palindromic spy sunny jumping sad
9 is  odd palindromic spy square jumping sad
11 is  odd palindromic sad
12 is  even jumping sad
13 is  odd happy
14 is  even buzz sad
15 is  odd sunny sad
16 is  even square sad

Enter a request: > 1 15 -PALINDROMIC
10 is  even duck jumping happy
12 is  even jumping sad
13 is  odd happy
14 is  even buzz sad
15 is  odd sunny sad
16 is  even square sad
17 is  odd buzz sad
18 is  even sad
19 is  odd happy
20 is  even duck sad
21 is  odd buzz jumping sad
23 is  odd jumping happy
24 is  even sunny sad
25 is  odd square sad
26 is  even sad

Enter a request: > 1 15 -GAPFUL
1 is  odd palindromic spy square jumping happy
2 is  even palindromic spy jumping sad
3 is  odd palindromic spy sunny jumping sad
4 is  even palindromic spy square jumping sad
5 is  odd palindromic spy jumping sad
6 is  even palindromic spy jumping sad
7 is  odd buzz palindromic spy jumping happy
8 is  even palindromic spy sunny jumping sad
9 is  odd palindromic spy square jumping sad
10 is  even duck jumping happy
11 is  odd palindromic sad
12 is  even jumping sad
13 is  odd happy
14 is  even buzz sad
15 is  odd sunny sad

Enter a request: > 1 15 -SPY
10 is  even duck jumping happy
11 is  odd palindromic sad
12 is  even jumping sad
13 is  odd happy
14 is  even buzz sad
15 is  odd sunny sad
16 is  even square sad
17 is  odd buzz sad
18 is  even sad
19 is  odd happy
20 is  even duck sad
21 is  odd buzz jumping sad
23 is  odd jumping happy
24 is  even sunny sad
25 is  odd square sad

Enter a request: > 1 15 -SQUARE
2 is  even palindromic spy jumping sad
3 is  odd palindromic spy sunny jumping sad
5 is  odd palindromic spy jumping sad
6 is  even palindromic spy jumping sad
7 is  odd buzz palindromic spy jumping happy
8 is  even palindromic spy sunny jumping sad
10 is  even duck jumping happy
11 is  odd palindromic sad
12 is  even jumping sad
13 is  odd happy
14 is  even buzz sad
15 is  odd sunny sad
17 is  odd buzz sad
18 is  even sad
19 is  odd happy

Enter a request: > 1 15 -SUNNY
1 is  odd palindromic spy square jumping happy
2 is  even palindromic spy jumping sad
4 is  even palindromic spy square jumping sad
5 is  odd palindromic spy jumping sad
6 is  even palindromic spy jumping sad
7 is  odd buzz palindromic spy jumping happy
9 is  odd palindromic spy square jumping sad
10 is  even duck jumping happy
11 is  odd palindromic sad
12 is  even jumping sad
13 is  odd happy
14 is  even buzz sad
16 is  even square sad
17 is  odd buzz sad
18 is  even sad

Enter a request: > 1 15 -JUMPING
11 is  odd palindromic sad
13 is  odd happy
14 is  even buzz sad
15 is  odd sunny sad
16 is  even square sad
17 is  odd buzz sad
18 is  even sad
19 is  odd happy
20 is  even duck sad
22 is  even palindromic spy sad
24 is  even sunny sad
25 is  odd square sad
26 is  even sad
27 is  odd buzz sad
28 is  even buzz happy

Enter a request: > 1 15 -HAPPY
2 is  even palindromic spy jumping sad
3 is  odd palindromic spy sunny jumping sad
4 is  even palindromic spy square jumping sad
5 is  odd palindromic spy jumping sad
6 is  even palindromic spy jumping sad
8 is  even palindromic spy sunny jumping sad
9 is  odd palindromic spy square jumping sad
11 is  odd palindromic sad
12 is  even jumping sad
14 is  even buzz sad
15 is  odd sunny sad
16 is  even square sad
17 is  odd buzz sad
18 is  even sad
20 is  even duck sad

Enter a request: > 1 15 -SAD
1 is  odd palindromic spy square jumping happy
7 is  odd buzz palindromic spy jumping happy
10 is  even duck jumping happy
13 is  odd happy
19 is  odd happy
23 is  odd jumping happy
28 is  even buzz happy
31 is  odd happy
32 is  even jumping happy
44 is  even palindromic happy
49 is  odd buzz square happy
68 is  even happy
70 is  even buzz duck happy
79 is  odd happy
82 is  even happy

Enter a request: > 0

Goodbye!
]]></system-out>
  <system-err><![CDATA[]]></system-err>
</testsuite>
