<?xml version="1.0" encoding="UTF-8"?>
<testsuite name="NumbersTest" tests="1" skipped="0" failures="0" errors="0" timestamp="2023-07-16T07:37:50" hostname="NADEZDA" time="2.792">
  <properties/>
  <testcase name="start" classname="NumbersTest" time="2.792"/>
  <system-out><![CDATA[?[1;31m
Start test 1?[0m
Welcome to Amazing Numbers!


Supported requests:
- enter a natural number to know its properties;
- enter two natural numbers to obtain the properties of the list:
  * the first parameter represents a starting number;
  * the second parameter shows how many consecutive numbers are to be printed;
- two natural numbers and a property to search for;
- separate the parameters with one space;
- two natural numbers and two properties to search for;- enter 0 to exit.

Enter a request:
> 0

Goodbye!
?[1;31m
Start test 2?[0m
Welcome to Amazing Numbers!


Supported requests:
- enter a natural number to know its properties;
- enter two natural numbers to obtain the properties of the list:
  * the first parameter represents a starting number;
  * the second parameter shows how many consecutive numbers are to be printed;
- two natural numbers and a property to search for;
- separate the parameters with one space;
- two natural numbers and two properties to search for;- enter 0 to exit.

Enter a request:
> -52

The first parameter should be a natural number or zero.

Enter a request:
> 0

Goodbye!
?[1;31m
Start test 3?[0m
Welcome to Amazing Numbers!


Supported requests:
- enter a natural number to know its properties;
- enter two natural numbers to obtain the properties of the list:
  * the first parameter represents a starting number;
  * the second parameter shows how many consecutive numbers are to be printed;
- two natural numbers and a property to search for;
- separate the parameters with one space;
- two natural numbers and two properties to search for;- enter 0 to exit.

Enter a request:
> -42

The first parameter should be a natural number or zero.

Enter a request:
> 0

Goodbye!
?[1;31m
Start test 4?[0m
Welcome to Amazing Numbers!


Supported requests:
- enter a natural number to know its properties;
- enter two natural numbers to obtain the properties of the list:
  * the first parameter represents a starting number;
  * the second parameter shows how many consecutive numbers are to be printed;
- two natural numbers and a property to search for;
- separate the parameters with one space;
- two natural numbers and two properties to search for;- enter 0 to exit.

Enter a request:
> -56

The first parameter should be a natural number or zero.

Enter a request:
> 0

Goodbye!
?[1;31m
Start test 5?[0m
Welcome to Amazing Numbers!


Supported requests:
- enter a natural number to know its properties;
- enter two natural numbers to obtain the properties of the list:
  * the first parameter represents a starting number;
  * the second parameter shows how many consecutive numbers are to be printed;
- two natural numbers and a property to search for;
- separate the parameters with one space;
- two natural numbers and two properties to search for;- enter 0 to exit.

Enter a request:
> -86

The first parameter should be a natural number or zero.

Enter a request:
> 0

Goodbye!
?[1;31m
Start test 6?[0m
Welcome to Amazing Numbers!


Supported requests:
- enter a natural number to know its properties;
- enter two natural numbers to obtain the properties of the list:
  * the first parameter represents a starting number;
  * the second parameter shows how many consecutive numbers are to be printed;
- two natural numbers and a property to search for;
- separate the parameters with one space;
- two natural numbers and two properties to search for;- enter 0 to exit.

Enter a request:
> -24

The first parameter should be a natural number or zero.

Enter a request:
> 0

Goodbye!
?[1;31m
Start test 7?[0m
Welcome to Amazing Numbers!


Supported requests:
- enter a natural number to know its properties;
- enter two natural numbers to obtain the properties of the list:
  * the first parameter represents a starting number;
  * the second parameter shows how many consecutive numbers are to be printed;
- two natural numbers and a property to search for;
- separate the parameters with one space;
- two natural numbers and two properties to search for;- enter 0 to exit.

Enter a request:
> 3940 -1001

The second parameter should be a natural number.


Enter a request:
> 0

Goodbye!
?[1;31m
Start test 8?[0m
Welcome to Amazing Numbers!


Supported requests:
- enter a natural number to know its properties;
- enter two natural numbers to obtain the properties of the list:
  * the first parameter represents a starting number;
  * the second parameter shows how many consecutive numbers are to be printed;
- two natural numbers and a property to search for;
- separate the parameters with one space;
- two natural numbers and two properties to search for;- enter 0 to exit.

Enter a request:
> 27638 -19661

The second parameter should be a natural number.


Enter a request:
> 0

Goodbye!
?[1;31m
Start test 9?[0m
Welcome to Amazing Numbers!


Supported requests:
- enter a natural number to know its properties;
- enter two natural numbers to obtain the properties of the list:
  * the first parameter represents a starting number;
  * the second parameter shows how many consecutive numbers are to be printed;
- two natural numbers and a property to search for;
- separate the parameters with one space;
- two natural numbers and two properties to search for;- enter 0 to exit.

Enter a request:
> 17444 -2664

The second parameter should be a natural number.


Enter a request:
> 0

Goodbye!
?[1;31m
Start test 10?[0m
Welcome to Amazing Numbers!


Supported requests:
- enter a natural number to know its properties;
- enter two natural numbers to obtain the properties of the list:
  * the first parameter represents a starting number;
  * the second parameter shows how many consecutive numbers are to be printed;
- two natural numbers and a property to search for;
- separate the parameters with one space;
- two natural numbers and two properties to search for;- enter 0 to exit.

Enter a request:
> 14841 -26300

The second parameter should be a natural number.


Enter a request:
> 0

Goodbye!
?[1;31m
Start test 11?[0m
Welcome to Amazing Numbers!


Supported requests:
- enter a natural number to know its properties;
- enter two natural numbers to obtain the properties of the list:
  * the first parameter represents a starting number;
  * the second parameter shows how many consecutive numbers are to be printed;
- two natural numbers and a property to search for;
- separate the parameters with one space;
- two natural numbers and two properties to search for;- enter 0 to exit.

Enter a request:
> 17764 -637

The second parameter should be a natural number.


Enter a request:
> 0

Goodbye!
?[1;31m
Start test 12?[0m
Welcome to Amazing Numbers!


Supported requests:
- enter a natural number to know its properties;
- enter two natural numbers to obtain the properties of the list:
  * the first parameter represents a starting number;
  * the second parameter shows how many consecutive numbers are to be printed;
- two natural numbers and a property to search for;
- separate the parameters with one space;
- two natural numbers and two properties to search for;- enter 0 to exit.

Enter a request:
> 8216 -31461

The second parameter should be a natural number.


Enter a request:
> 0

Goodbye!
?[1;31m
Start test 13?[0m
Welcome to Amazing Numbers!


Supported requests:
- enter a natural number to know its properties;
- enter two natural numbers to obtain the properties of the list:
  * the first parameter represents a starting number;
  * the second parameter shows how many consecutive numbers are to be printed;
- two natural numbers and a property to search for;
- separate the parameters with one space;
- two natural numbers and two properties to search for;- enter 0 to exit.

Enter a request:
> 25270 -5732

The second parameter should be a natural number.


Enter a request:
> 0

Goodbye!
?[1;31m
Start test 14?[0m
Welcome to Amazing Numbers!


Supported requests:
- enter a natural number to know its properties;
- enter two natural numbers to obtain the properties of the list:
  * the first parameter represents a starting number;
  * the second parameter shows how many consecutive numbers are to be printed;
- two natural numbers and a property to search for;
- separate the parameters with one space;
- two natural numbers and two properties to search for;- enter 0 to exit.

Enter a request:
> 26273 -31096

The second parameter should be a natural number.


Enter a request:
> 0

Goodbye!
?[1;31m
Start test 15?[0m
Welcome to Amazing Numbers!


Supported requests:
- enter a natural number to know its properties;
- enter two natural numbers to obtain the properties of the list:
  * the first parameter represents a starting number;
  * the second parameter shows how many consecutive numbers are to be printed;
- two natural numbers and a property to search for;
- separate the parameters with one space;
- two natural numbers and two properties to search for;- enter 0 to exit.

Enter a request:
> 6539 -18670

The second parameter should be a natural number.


Enter a request:
> 0

Goodbye!
?[1;31m
Start test 16?[0m
Welcome to Amazing Numbers!


Supported requests:
- enter a natural number to know its properties;
- enter two natural numbers to obtain the properties of the list:
  * the first parameter represents a starting number;
  * the second parameter shows how many consecutive numbers are to be printed;
- two natural numbers and a property to search for;
- separate the parameters with one space;
- two natural numbers and two properties to search for;- enter 0 to exit.

Enter a request:
> 21579 -2107

The second parameter should be a natural number.


Enter a request:
> 0

Goodbye!
?[1;31m
Start test 17?[0m
Welcome to Amazing Numbers!


Supported requests:
- enter a natural number to know its properties;
- enter two natural numbers to obtain the properties of the list:
  * the first parameter represents a starting number;
  * the second parameter shows how many consecutive numbers are to be printed;
- two natural numbers and a property to search for;
- separate the parameters with one space;
- two natural numbers and two properties to search for;- enter 0 to exit.

Enter a request:
> 1

Properties of 1
buzz: false
duck: false
palindromic: true
gapful: false
spy: true
square: true
sunny: false
even: false
odd: true

Enter a request:
> 2

Properties of 2
buzz: false
duck: false
palindromic: true
gapful: false
spy: true
square: false
sunny: false
even: true
odd: false

Enter a request:
> 3

Properties of 3
buzz: false
duck: false
palindromic: true
gapful: false
spy: true
square: false
sunny: true
even: false
odd: true

Enter a request:
> 4

Properties of 4
buzz: false
duck: false
palindromic: true
gapful: false
spy: true
square: true
sunny: false
even: true
odd: false

Enter a request:
> 5

Properties of 5
buzz: false
duck: false
palindromic: true
gapful: false
spy: true
square: false
sunny: false
even: false
odd: true

Enter a request:
> 6

Properties of 6
buzz: false
duck: false
palindromic: true
gapful: false
spy: true
square: false
sunny: false
even: true
odd: false

Enter a request:
> 7

Properties of 7
buzz: true
duck: false
palindromic: true
gapful: false
spy: true
square: false
sunny: false
even: false
odd: true

Enter a request:
> 8

Properties of 8
buzz: false
duck: false
palindromic: true
gapful: false
spy: true
square: false
sunny: true
even: true
odd: false

Enter a request:
> 9

Properties of 9
buzz: false
duck: false
palindromic: true
gapful: false
spy: true
square: true
sunny: false
even: false
odd: true

Enter a request:
> 10

Properties of 10
buzz: false
duck: true
palindromic: false
gapful: false
spy: false
square: false
sunny: false
even: true
odd: false

Enter a request:
> 11

Properties of 11
buzz: false
duck: false
palindromic: true
gapful: false
spy: false
square: false
sunny: false
even: false
odd: true

Enter a request:
> 12

Properties of 12
buzz: false
duck: false
palindromic: false
gapful: false
spy: false
square: false
sunny: false
even: true
odd: false

Enter a request:
> 13

Properties of 13
buzz: false
duck: false
palindromic: false
gapful: false
spy: false
square: false
sunny: false
even: false
odd: true

Enter a request:
> 14

Properties of 14
buzz: true
duck: false
palindromic: false
gapful: false
spy: false
square: false
sunny: false
even: true
odd: false

Enter a request:
> 8053283848429489160

Properties of 8,053,283,848,429,489,160
buzz: false
duck: true
palindromic: false
gapful: false
spy: false
square: false
sunny: false
even: true
odd: false

Enter a request:
> 820000057565898894

Properties of 820,000,057,565,898,894
buzz: false
duck: true
palindromic: false
gapful: false
spy: false
square: false
sunny: false
even: true
odd: false

Enter a request:
> 675279907198427105

Properties of 675,279,907,198,427,105
buzz: false
duck: true
palindromic: false
gapful: false
spy: false
square: false
sunny: false
even: false
odd: true

Enter a request:
> 8905952755348602724

Properties of 8,905,952,755,348,602,724
buzz: false
duck: true
palindromic: false
gapful: false
spy: false
square: false
sunny: false
even: true
odd: false

Enter a request:
> 4020120423325915505

Properties of 4,020,120,423,325,915,505
buzz: false
duck: true
palindromic: false
gapful: false
spy: false
square: false
sunny: false
even: false
odd: true

Enter a request:
> 2441275906191931953

Properties of 2,441,275,906,191,931,953
buzz: false
duck: true
palindromic: false
gapful: false
spy: false
square: false
sunny: false
even: false
odd: true

Enter a request:
> 3405268243020178177

Properties of 3,405,268,243,020,178,177
buzz: true
duck: true
palindromic: false
gapful: false
spy: false
square: false
sunny: false
even: false
odd: true

Enter a request:
> 5715850056460043718

Properties of 5,715,850,056,460,043,718
buzz: false
duck: true
palindromic: false
gapful: false
spy: false
square: false
sunny: false
even: true
odd: false

Enter a request:
> 8333455803325549469

Properties of 8,333,455,803,325,549,469
buzz: false
duck: true
palindromic: false
gapful: false
spy: false
square: false
sunny: false
even: false
odd: true

Enter a request:
> 5539448591940936056

Properties of 5,539,448,591,940,936,056
buzz: false
duck: true
palindromic: false
gapful: false
spy: false
square: false
sunny: false
even: true
odd: false

Enter a request:
> 0

Goodbye!
?[1;31m
Start test 18?[0m
Welcome to Amazing Numbers!


Supported requests:
- enter a natural number to know its properties;
- enter two natural numbers to obtain the properties of the list:
  * the first parameter represents a starting number;
  * the second parameter shows how many consecutive numbers are to be printed;
- two natural numbers and a property to search for;
- separate the parameters with one space;
- two natural numbers and two properties to search for;- enter 0 to exit.

Enter a request:
> 1 15

1 is palindromic, spy, square, odd
2 is palindromic, spy, even
3 is palindromic, spy, sunny, odd
4 is palindromic, spy, square, even
5 is palindromic, spy, odd
6 is palindromic, spy, even
7 is buzz, palindromic, spy, odd
8 is palindromic, spy, sunny, even
9 is palindromic, spy, square, odd
10 is duck, even
11 is palindromic, odd
12 is even
13 is odd
14 is buzz, even
15 is sunny, odd

Enter a request:
> 0

Goodbye!
?[1;31m
Start test 19?[0m
Welcome to Amazing Numbers!


Supported requests:
- enter a natural number to know its properties;
- enter two natural numbers to obtain the properties of the list:
  * the first parameter represents a starting number;
  * the second parameter shows how many consecutive numbers are to be printed;
- two natural numbers and a property to search for;
- separate the parameters with one space;
- two natural numbers and two properties to search for;- enter 0 to exit.

Enter a request:
> 8524495871535526956 2

8524495871535526956 is even
8524495871535526957 is buzz, odd

Enter a request:
> 0

Goodbye!
?[1;31m
Start test 20?[0m
Welcome to Amazing Numbers!


Supported requests:
- enter a natural number to know its properties;
- enter two natural numbers to obtain the properties of the list:
  * the first parameter represents a starting number;
  * the second parameter shows how many consecutive numbers are to be printed;
- two natural numbers and a property to search for;
- separate the parameters with one space;
- two natural numbers and two properties to search for;- enter 0 to exit.

Enter a request:
> 4529076047399917734 17

4529076047399917734 is buzz, duck, even
4529076047399917735 is duck, odd
4529076047399917736 is duck, even
4529076047399917737 is buzz, duck, odd
4529076047399917738 is duck, even
4529076047399917739 is duck, odd
4529076047399917740 is duck, even
4529076047399917741 is buzz, duck, odd
4529076047399917742 is duck, even
4529076047399917743 is duck, odd
4529076047399917744 is duck, even
4529076047399917745 is duck, odd
4529076047399917746 is duck, even
4529076047399917747 is buzz, duck, odd
4529076047399917748 is buzz, duck, even
4529076047399917749 is duck, odd
4529076047399917750 is duck, even

Enter a request:
> 0

Goodbye!
?[1;31m
Start test 21?[0m
Welcome to Amazing Numbers!


Supported requests:
- enter a natural number to know its properties;
- enter two natural numbers to obtain the properties of the list:
  * the first parameter represents a starting number;
  * the second parameter shows how many consecutive numbers are to be printed;
- two natural numbers and a property to search for;
- separate the parameters with one space;
- two natural numbers and two properties to search for;- enter 0 to exit.

Enter a request:
> 2337229656514409151 10

2337229656514409151 is duck, odd
2337229656514409152 is duck, even
2337229656514409153 is buzz, duck, odd
2337229656514409154 is duck, even
2337229656514409155 is duck, odd
2337229656514409156 is duck, even
2337229656514409157 is buzz, duck, odd
2337229656514409158 is duck, even
2337229656514409159 is duck, odd
2337229656514409160 is buzz, duck, gapful, even

Enter a request:
> 0

Goodbye!
?[1;31m
Start test 22?[0m
Welcome to Amazing Numbers!


Supported requests:
- enter a natural number to know its properties;
- enter two natural numbers to obtain the properties of the list:
  * the first parameter represents a starting number;
  * the second parameter shows how many consecutive numbers are to be printed;
- two natural numbers and a property to search for;
- separate the parameters with one space;
- two natural numbers and two properties to search for;- enter 0 to exit.

Enter a request:
> 1753802689536775968 12

1753802689536775968 is duck, even
1753802689536775969 is buzz, duck, odd
1753802689536775970 is duck, gapful, even
1753802689536775971 is duck, odd
1753802689536775972 is duck, even
1753802689536775973 is duck, odd
1753802689536775974 is duck, even
1753802689536775975 is duck, odd
1753802689536775976 is buzz, duck, even
1753802689536775977 is buzz, duck, odd
1753802689536775978 is duck, even
1753802689536775979 is duck, odd

Enter a request:
> 0

Goodbye!
?[1;31m
Start test 23?[0m
Welcome to Amazing Numbers!


Supported requests:
- enter a natural number to know its properties;
- enter two natural numbers to obtain the properties of the list:
  * the first parameter represents a starting number;
  * the second parameter shows how many consecutive numbers are to be printed;
- two natural numbers and a property to search for;
- separate the parameters with one space;
- two natural numbers and two properties to search for;- enter 0 to exit.

Enter a request:
> 1102912617100471495 7

1102912617100471495 is duck, odd
1102912617100471496 is duck, even
1102912617100471497 is buzz, duck, odd
1102912617100471498 is duck, even
1102912617100471499 is buzz, duck, odd
1102912617100471500 is duck, gapful, even
1102912617100471501 is duck, odd

Enter a request:
> 0

Goodbye!
?[1;31m
Start test 24?[0m
Welcome to Amazing Numbers!


Supported requests:
- enter a natural number to know its properties;
- enter two natural numbers to obtain the properties of the list:
  * the first parameter represents a starting number;
  * the second parameter shows how many consecutive numbers are to be printed;
- two natural numbers and a property to search for;
- separate the parameters with one space;
- two natural numbers and two properties to search for;- enter 0 to exit.

Enter a request:
> 1588452347951661631 5

1588452347951661631 is odd
1588452347951661632 is even
1588452347951661633 is buzz, odd
1588452347951661634 is even
1588452347951661635 is odd

Enter a request:
> 0

Goodbye!
?[1;31m
Start test 25?[0m
Welcome to Amazing Numbers!


Supported requests:
- enter a natural number to know its properties;
- enter two natural numbers to obtain the properties of the list:
  * the first parameter represents a starting number;
  * the second parameter shows how many consecutive numbers are to be printed;
- two natural numbers and a property to search for;
- separate the parameters with one space;
- two natural numbers and two properties to search for;- enter 0 to exit.

Enter a request:
> 8140665795378909411 6

8140665795378909411 is duck, odd
8140665795378909412 is duck, even
8140665795378909413 is duck, odd
8140665795378909414 is duck, even
8140665795378909415 is buzz, duck, odd
8140665795378909416 is duck, even

Enter a request:
> 0

Goodbye!
?[1;31m
Start test 26?[0m
Welcome to Amazing Numbers!


Supported requests:
- enter a natural number to know its properties;
- enter two natural numbers to obtain the properties of the list:
  * the first parameter represents a starting number;
  * the second parameter shows how many consecutive numbers are to be printed;
- two natural numbers and a property to search for;
- separate the parameters with one space;
- two natural numbers and two properties to search for;- enter 0 to exit.

Enter a request:
> 8866954098859477740 8

8866954098859477740 is buzz, duck, even
8866954098859477741 is duck, odd
8866954098859477742 is duck, even
8866954098859477743 is duck, odd
8866954098859477744 is duck, even
8866954098859477745 is duck, odd
8866954098859477746 is duck, even
8866954098859477747 is buzz, duck, odd

Enter a request:
> 0

Goodbye!
?[1;31m
Start test 27?[0m
Welcome to Amazing Numbers!


Supported requests:
- enter a natural number to know its properties;
- enter two natural numbers to obtain the properties of the list:
  * the first parameter represents a starting number;
  * the second parameter shows how many consecutive numbers are to be printed;
- two natural numbers and a property to search for;
- separate the parameters with one space;
- two natural numbers and two properties to search for;- enter 0 to exit.

Enter a request:
> 1307841147277979775 14

1307841147277979775 is duck, gapful, odd
1307841147277979776 is buzz, duck, gapful, even
1307841147277979777 is buzz, duck, odd
1307841147277979778 is duck, gapful, even
1307841147277979779 is duck, odd
1307841147277979780 is duck, gapful, even
1307841147277979781 is duck, odd
1307841147277979782 is duck, even
1307841147277979783 is buzz, duck, odd
1307841147277979784 is duck, even
1307841147277979785 is duck, odd
1307841147277979786 is duck, even
1307841147277979787 is buzz, duck, odd
1307841147277979788 is duck, even

Enter a request:
> 0

Goodbye!
?[1;31m
Start test 28?[0m
Welcome to Amazing Numbers!


Supported requests:
- enter a natural number to know its properties;
- enter two natural numbers to obtain the properties of the list:
  * the first parameter represents a starting number;
  * the second parameter shows how many consecutive numbers are to be printed;
- two natural numbers and a property to search for;
- separate the parameters with one space;
- two natural numbers and two properties to search for;- enter 0 to exit.

Enter a request:
> 1238913582312741927 8

1238913582312741927 is buzz, odd
1238913582312741928 is even
1238913582312741929 is odd
1238913582312741930 is buzz, duck, gapful, even
1238913582312741931 is odd
1238913582312741932 is even
1238913582312741933 is gapful, odd
1238913582312741934 is even

Enter a request:
> 0

Goodbye!
?[1;31m
Start test 29?[0m
Welcome to Amazing Numbers!


Supported requests:
- enter a natural number to know its properties;
- enter two natural numbers to obtain the properties of the list:
  * the first parameter represents a starting number;
  * the second parameter shows how many consecutive numbers are to be printed;
- two natural numbers and a property to search for;
- separate the parameters with one space;
- two natural numbers and two properties to search for;- enter 0 to exit.

Enter a request:
> 1 10 May

The property [MAY] is wrong.
Available properties: [EVEN, ODD, BUZZ, DUCK, PALINDROMIC, GAPFUL, SPY, SQUARE, SUNNY]


Enter a request:
> 0

Goodbye!
?[1;31m
Start test 30?[0m
Welcome to Amazing Numbers!


Supported requests:
- enter a natural number to know its properties;
- enter two natural numbers to obtain the properties of the list:
  * the first parameter represents a starting number;
  * the second parameter shows how many consecutive numbers are to be printed;
- two natural numbers and a property to search for;
- separate the parameters with one space;
- two natural numbers and two properties to search for;- enter 0 to exit.

Enter a request:
> 40 2 bay

The property [BAY] is wrong.
Available properties: [EVEN, ODD, BUZZ, DUCK, PALINDROMIC, GAPFUL, SPY, SQUARE, SUNNY]


Enter a request:
> 0

Goodbye!
?[1;31m
Start test 31?[0m
Welcome to Amazing Numbers!


Supported requests:
- enter a natural number to know its properties;
- enter two natural numbers to obtain the properties of the list:
  * the first parameter represents a starting number;
  * the second parameter shows how many consecutive numbers are to be printed;
- two natural numbers and a property to search for;
- separate the parameters with one space;
- two natural numbers and two properties to search for;- enter 0 to exit.

Enter a request:
> 37 4 8

The property [8] is wrong.
Available properties: [EVEN, ODD, BUZZ, DUCK, PALINDROMIC, GAPFUL, SPY, SQUARE, SUNNY]


Enter a request:
> 0

Goodbye!
?[1;31m
Start test 32?[0m
Welcome to Amazing Numbers!


Supported requests:
- enter a natural number to know its properties;
- enter two natural numbers to obtain the properties of the list:
  * the first parameter represents a starting number;
  * the second parameter shows how many consecutive numbers are to be printed;
- two natural numbers and a property to search for;
- separate the parameters with one space;
- two natural numbers and two properties to search for;- enter 0 to exit.

Enter a request:
> 67 2 day

The property [DAY] is wrong.
Available properties: [EVEN, ODD, BUZZ, DUCK, PALINDROMIC, GAPFUL, SPY, SQUARE, SUNNY]


Enter a request:
> 0

Goodbye!
?[1;31m
Start test 33?[0m
Welcome to Amazing Numbers!


Supported requests:
- enter a natural number to know its properties;
- enter two natural numbers to obtain the properties of the list:
  * the first parameter represents a starting number;
  * the second parameter shows how many consecutive numbers are to be printed;
- two natural numbers and a property to search for;
- separate the parameters with one space;
- two natural numbers and two properties to search for;- enter 0 to exit.

Enter a request:
> 2 54 Prime

The property [PRIME] is wrong.
Available properties: [EVEN, ODD, BUZZ, DUCK, PALINDROMIC, GAPFUL, SPY, SQUARE, SUNNY]


Enter a request:
> 0

Goodbye!
?[1;31m
Start test 34?[0m
Welcome to Amazing Numbers!


Supported requests:
- enter a natural number to know its properties;
- enter two natural numbers to obtain the properties of the list:
  * the first parameter represents a starting number;
  * the second parameter shows how many consecutive numbers are to be printed;
- two natural numbers and a property to search for;
- separate the parameters with one space;
- two natural numbers and two properties to search for;- enter 0 to exit.

Enter a request:
> 6 8 ...

The property [...] is wrong.
Available properties: [EVEN, ODD, BUZZ, DUCK, PALINDROMIC, GAPFUL, SPY, SQUARE, SUNNY]


Enter a request:
> 0

Goodbye!
?[1;31m
Start test 35?[0m
Welcome to Amazing Numbers!


Supported requests:
- enter a natural number to know its properties;
- enter two natural numbers to obtain the properties of the list:
  * the first parameter represents a starting number;
  * the second parameter shows how many consecutive numbers are to be printed;
- two natural numbers and a property to search for;
- separate the parameters with one space;
- two natural numbers and two properties to search for;- enter 0 to exit.

Enter a request:
> 5 9 none

The property [NONE] is wrong.
Available properties: [EVEN, ODD, BUZZ, DUCK, PALINDROMIC, GAPFUL, SPY, SQUARE, SUNNY]


Enter a request:
> 0

Goodbye!
?[1;31m
Start test 36?[0m
Welcome to Amazing Numbers!


Supported requests:
- enter a natural number to know its properties;
- enter two natural numbers to obtain the properties of the list:
  * the first parameter represents a starting number;
  * the second parameter shows how many consecutive numbers are to be printed;
- two natural numbers and a property to search for;
- separate the parameters with one space;
- two natural numbers and two properties to search for;- enter 0 to exit.

Enter a request:
> 1 10 BUZZ

7 is buzz, palindromic, spy, odd
14 is buzz, even
17 is buzz, odd
21 is buzz, odd
27 is buzz, odd
28 is buzz, even
35 is buzz, sunny, odd
37 is buzz, odd
42 is buzz, even
47 is buzz, odd

Enter a request:
> 1 10 DUCK

10 is duck, even
20 is duck, even
30 is duck, even
40 is duck, even
50 is duck, even
60 is duck, even
70 is buzz, duck, even
80 is duck, sunny, even
90 is duck, even
100 is duck, gapful, square, even

Enter a request:
> 1 10 PALINDROMIC

1 is palindromic, spy, square, odd
2 is palindromic, spy, even
3 is palindromic, spy, sunny, odd
4 is palindromic, spy, square, even
5 is palindromic, spy, odd
6 is palindromic, spy, even
7 is buzz, palindromic, spy, odd
8 is palindromic, spy, sunny, even
9 is palindromic, spy, square, odd
11 is palindromic, odd

Enter a request:
> 1 10 GAPFUL

100 is duck, gapful, square, even
105 is buzz, duck, gapful, odd
108 is duck, gapful, even
110 is duck, gapful, even
120 is duck, gapful, sunny, even
121 is palindromic, gapful, square, odd
130 is duck, gapful, even
132 is gapful, spy, even
135 is gapful, odd
140 is buzz, duck, gapful, even

Enter a request:
> 1 10 SPY

1 is palindromic, spy, square, odd
2 is palindromic, spy, even
3 is palindromic, spy, sunny, odd
4 is palindromic, spy, square, even
5 is palindromic, spy, odd
6 is palindromic, spy, even
7 is buzz, palindromic, spy, odd
8 is palindromic, spy, sunny, even
9 is palindromic, spy, square, odd
22 is palindromic, spy, even

Enter a request:
> 1 10 SQUARE

1 is palindromic, spy, square, odd
4 is palindromic, spy, square, even
9 is palindromic, spy, square, odd
16 is square, even
25 is square, odd
36 is square, even
49 is buzz, square, odd
64 is square, even
81 is square, odd
100 is duck, gapful, square, even

Enter a request:
> 1 10 SUNNY

3 is palindromic, spy, sunny, odd
8 is palindromic, spy, sunny, even
15 is sunny, odd
24 is sunny, even
35 is buzz, sunny, odd
48 is sunny, even
63 is buzz, sunny, odd
80 is duck, sunny, even
99 is palindromic, sunny, odd
120 is duck, gapful, sunny, even

Enter a request:
> 1 10 EVEN

2 is palindromic, spy, even
4 is palindromic, spy, square, even
6 is palindromic, spy, even
8 is palindromic, spy, sunny, even
10 is duck, even
12 is even
14 is buzz, even
16 is square, even
18 is even
20 is duck, even

Enter a request:
> 1 10 ODD

1 is palindromic, spy, square, odd
3 is palindromic, spy, sunny, odd
5 is palindromic, spy, odd
7 is buzz, palindromic, spy, odd
9 is palindromic, spy, square, odd
11 is palindromic, odd
13 is odd
15 is sunny, odd
17 is buzz, odd
19 is odd

Enter a request:
> 0

Goodbye!
?[1;31m
Start test 37?[0m
Welcome to Amazing Numbers!


Supported requests:
- enter a natural number to know its properties;
- enter two natural numbers to obtain the properties of the list:
  * the first parameter represents a starting number;
  * the second parameter shows how many consecutive numbers are to be printed;
- two natural numbers and a property to search for;
- separate the parameters with one space;
- two natural numbers and two properties to search for;- enter 0 to exit.

Enter a request:
> 16897 2 GAPFUL

16900 is duck, gapful, square, even
16905 is buzz, duck, gapful, odd

Enter a request:
> 0

Goodbye!
?[1;31m
Start test 38?[0m
Welcome to Amazing Numbers!


Supported requests:
- enter a natural number to know its properties;
- enter two natural numbers to obtain the properties of the list:
  * the first parameter represents a starting number;
  * the second parameter shows how many consecutive numbers are to be printed;
- two natural numbers and a property to search for;
- separate the parameters with one space;
- two natural numbers and two properties to search for;- enter 0 to exit.

Enter a request:
> 25944 9 GAPFUL

25944 is gapful, even
25947 is buzz, gapful, odd
25960 is duck, gapful, even
25975 is gapful, odd
25980 is duck, gapful, even
25982 is gapful, even
26000 is duck, gapful, even
26013 is duck, gapful, odd
26020 is duck, gapful, even

Enter a request:
> 0

Goodbye!
?[1;31m
Start test 39?[0m
Welcome to Amazing Numbers!


Supported requests:
- enter a natural number to know its properties;
- enter two natural numbers to obtain the properties of the list:
  * the first parameter represents a starting number;
  * the second parameter shows how many consecutive numbers are to be printed;
- two natural numbers and a property to search for;
- separate the parameters with one space;
- two natural numbers and two properties to search for;- enter 0 to exit.

Enter a request:
> 29448 10 PALINDROMIC

29492 is palindromic, even
29592 is palindromic, even
29692 is palindromic, even
29792 is buzz, palindromic, even
29892 is palindromic, even
29992 is palindromic, even
30003 is duck, palindromic, odd
30103 is duck, palindromic, odd
30203 is duck, palindromic, odd
30303 is buzz, duck, palindromic, odd

Enter a request:
> 0

Goodbye!
?[1;31m
Start test 40?[0m
Welcome to Amazing Numbers!


Supported requests:
- enter a natural number to know its properties;
- enter two natural numbers to obtain the properties of the list:
  * the first parameter represents a starting number;
  * the second parameter shows how many consecutive numbers are to be printed;
- two natural numbers and a property to search for;
- separate the parameters with one space;
- two natural numbers and two properties to search for;- enter 0 to exit.

Enter a request:
> 2599 20 SUNNY

2600 is duck, gapful, sunny, even
2703 is duck, sunny, odd
2808 is duck, sunny, even
2915 is sunny, odd
3024 is buzz, duck, sunny, even
3135 is sunny, odd
3248 is buzz, sunny, even
3363 is sunny, odd
3480 is duck, gapful, sunny, even
3599 is sunny, odd
3720 is duck, gapful, sunny, even
3843 is buzz, sunny, odd
3968 is sunny, even
4095 is buzz, duck, gapful, sunny, odd
4224 is palindromic, gapful, sunny, even
4355 is sunny, odd
4488 is sunny, even
4623 is sunny, odd
4760 is buzz, duck, gapful, sunny, even
4899 is sunny, odd

Enter a request:
> 0

Goodbye!
?[1;31m
Start test 41?[0m
Welcome to Amazing Numbers!


Supported requests:
- enter a natural number to know its properties;
- enter two natural numbers to obtain the properties of the list:
  * the first parameter represents a starting number;
  * the second parameter shows how many consecutive numbers are to be printed;
- two natural numbers and a property to search for;
- separate the parameters with one space;
- two natural numbers and two properties to search for;- enter 0 to exit.

Enter a request:
> 32516 18 EVEN

32516 is even
32518 is even
32520 is duck, gapful, even
32522 is buzz, even
32524 is even
32526 is even
32528 is gapful, even
32530 is duck, even
32532 is even
32534 is even
32536 is buzz, even
32538 is even
32540 is duck, even
32542 is even
32544 is even
32546 is even
32548 is even
32550 is buzz, duck, gapful, even

Enter a request:
> 0

Goodbye!
?[1;31m
Start test 42?[0m
Welcome to Amazing Numbers!


Supported requests:
- enter a natural number to know its properties;
- enter two natural numbers to obtain the properties of the list:
  * the first parameter represents a starting number;
  * the second parameter shows how many consecutive numbers are to be printed;
- two natural numbers and a property to search for;
- separate the parameters with one space;
- two natural numbers and two properties to search for;- enter 0 to exit.

Enter a request:
> 10959 15 GAPFUL

10960 is duck, gapful, even
10965 is duck, gapful, odd
10970 is duck, gapful, even
10976 is buzz, duck, gapful, even
10980 is duck, gapful, even
10990 is buzz, duck, gapful, even
10992 is duck, gapful, even
10995 is duck, gapful, odd
10998 is duck, gapful, even
11000 is duck, gapful, even
11004 is buzz, duck, gapful, even
11010 is duck, gapful, even
11011 is buzz, duck, palindromic, gapful, odd
11020 is duck, gapful, even
11025 is buzz, duck, gapful, square, odd

Enter a request:
> 0

Goodbye!
?[1;31m
Start test 43?[0m
Welcome to Amazing Numbers!


Supported requests:
- enter a natural number to know its properties;
- enter two natural numbers to obtain the properties of the list:
  * the first parameter represents a starting number;
  * the second parameter shows how many consecutive numbers are to be printed;
- two natural numbers and a property to search for;
- separate the parameters with one space;
- two natural numbers and two properties to search for;- enter 0 to exit.

Enter a request:
> 24649 8 EVEN

24650 is duck, even
24652 is even
24654 is buzz, even
24656 is even
24658 is even
24660 is duck, gapful, even
24662 is gapful, even
24664 is even

Enter a request:
> 0

Goodbye!
?[1;31m
Start test 44?[0m
Welcome to Amazing Numbers!


Supported requests:
- enter a natural number to know its properties;
- enter two natural numbers to obtain the properties of the list:
  * the first parameter represents a starting number;
  * the second parameter shows how many consecutive numbers are to be printed;
- two natural numbers and a property to search for;
- separate the parameters with one space;
- two natural numbers and two properties to search for;- enter 0 to exit.

Enter a request:
> 15434 18 BUZZ

15435 is buzz, gapful, odd
15437 is buzz, odd
15442 is buzz, even
15447 is buzz, odd
15449 is buzz, odd
15456 is buzz, gapful, even
15457 is buzz, odd
15463 is buzz, odd
15467 is buzz, odd
15470 is buzz, duck, gapful, even
15477 is buzz, odd
15484 is buzz, gapful, even
15487 is buzz, gapful, odd
15491 is buzz, odd
15497 is buzz, odd
15498 is buzz, gapful, even
15505 is buzz, duck, odd
15507 is buzz, duck, odd

Enter a request:
> 0

Goodbye!
?[1;31m
Start test 45?[0m
Welcome to Amazing Numbers!


Supported requests:
- enter a natural number to know its properties;
- enter two natural numbers to obtain the properties of the list:
  * the first parameter represents a starting number;
  * the second parameter shows how many consecutive numbers are to be printed;
- two natural numbers and a property to search for;
- separate the parameters with one space;
- two natural numbers and two properties to search for;- enter 0 to exit.

Enter a request:
> 32320 16 SUNNY

32399 is sunny, odd
32760 is buzz, duck, gapful, sunny, even
33123 is sunny, odd
33488 is buzz, sunny, even
33855 is sunny, odd
34224 is sunny, even
34595 is sunny, odd
34968 is sunny, even
35343 is buzz, gapful, sunny, odd
35720 is duck, sunny, even
36099 is buzz, duck, sunny, odd
36480 is duck, gapful, sunny, even
36863 is palindromic, sunny, odd
37248 is sunny, even
37635 is sunny, odd
38024 is buzz, duck, sunny, even

Enter a request:
> 0

Goodbye!
?[1;31m
Start test 46?[0m
Welcome to Amazing Numbers!


Supported requests:
- enter a natural number to know its properties;
- enter two natural numbers to obtain the properties of the list:
  * the first parameter represents a starting number;
  * the second parameter shows how many consecutive numbers are to be printed;
- two natural numbers and a property to search for;
- separate the parameters with one space;
- two natural numbers and two properties to search for;- enter 0 to exit.

Enter a request:
> 4609 12 ODD

4609 is duck, odd
4611 is odd
4613 is buzz, odd
4615 is odd
4617 is buzz, odd
4619 is odd
4621 is odd
4623 is sunny, odd
4625 is odd
4627 is buzz, odd
4629 is odd
4631 is odd

Enter a request:
> 0

Goodbye!
?[1;31m
Start test 47?[0m
Welcome to Amazing Numbers!


Supported requests:
- enter a natural number to know its properties;
- enter two natural numbers to obtain the properties of the list:
  * the first parameter represents a starting number;
  * the second parameter shows how many consecutive numbers are to be printed;
- two natural numbers and a property to search for;
- separate the parameters with one space;
- two natural numbers and two properties to search for;- enter 0 to exit.

Enter a request:
> 1 10 odd girl

The property [GIRL] is wrong.
Available properties: [EVEN, ODD, BUZZ, DUCK, PALINDROMIC, GAPFUL, SPY, SQUARE, SUNNY]


Enter a request:
> 0

Goodbye!
?[1;31m
Start test 48?[0m
Welcome to Amazing Numbers!


Supported requests:
- enter a natural number to know its properties;
- enter two natural numbers to obtain the properties of the list:
  * the first parameter represents a starting number;
  * the second parameter shows how many consecutive numbers are to be printed;
- two natural numbers and a property to search for;
- separate the parameters with one space;
- two natural numbers and two properties to search for;- enter 0 to exit.

Enter a request:
> 40 2 even day

The property [DAY] is wrong.
Available properties: [EVEN, ODD, BUZZ, DUCK, PALINDROMIC, GAPFUL, SPY, SQUARE, SUNNY]


Enter a request:
> 0

Goodbye!
?[1;31m
Start test 49?[0m
Welcome to Amazing Numbers!


Supported requests:
- enter a natural number to know its properties;
- enter two natural numbers to obtain the properties of the list:
  * the first parameter represents a starting number;
  * the second parameter shows how many consecutive numbers are to be printed;
- two natural numbers and a property to search for;
- separate the parameters with one space;
- two natural numbers and two properties to search for;- enter 0 to exit.

Enter a request:
> 37 4 spy 89

The property [89] is wrong.
Available properties: [EVEN, ODD, BUZZ, DUCK, PALINDROMIC, GAPFUL, SPY, SQUARE, SUNNY]


Enter a request:
> 0

Goodbye!
?[1;31m
Start test 50?[0m
Welcome to Amazing Numbers!


Supported requests:
- enter a natural number to know its properties;
- enter two natural numbers to obtain the properties of the list:
  * the first parameter represents a starting number;
  * the second parameter shows how many consecutive numbers are to be printed;
- two natural numbers and a property to search for;
- separate the parameters with one space;
- two natural numbers and two properties to search for;- enter 0 to exit.

Enter a request:
> 67 2 DUCK +

The property [+] is wrong.
Available properties: [EVEN, ODD, BUZZ, DUCK, PALINDROMIC, GAPFUL, SPY, SQUARE, SUNNY]


Enter a request:
> 0

Goodbye!
?[1;31m
Start test 51?[0m
Welcome to Amazing Numbers!


Supported requests:
- enter a natural number to know its properties;
- enter two natural numbers to obtain the properties of the list:
  * the first parameter represents a starting number;
  * the second parameter shows how many consecutive numbers are to be printed;
- two natural numbers and a property to search for;
- separate the parameters with one space;
- two natural numbers and two properties to search for;- enter 0 to exit.

Enter a request:
> 1 10 boy friend

The properties [BOY, FRIEND] are wrong.
Available properties: [EVEN, ODD, BUZZ, DUCK, PALINDROMIC, GAPFUL, SPY, SQUARE, SUNNY]


Enter a request:
> 0

Goodbye!
?[1;31m
Start test 52?[0m
Welcome to Amazing Numbers!


Supported requests:
- enter a natural number to know its properties;
- enter two natural numbers to obtain the properties of the list:
  * the first parameter represents a starting number;
  * the second parameter shows how many consecutive numbers are to be printed;
- two natural numbers and a property to search for;
- separate the parameters with one space;
- two natural numbers and two properties to search for;- enter 0 to exit.

Enter a request:
> 40 2 long day

The properties [LONG, DAY] are wrong.
Available properties: [EVEN, ODD, BUZZ, DUCK, PALINDROMIC, GAPFUL, SPY, SQUARE, SUNNY]


Enter a request:
> 0

Goodbye!
?[1;31m
Start test 53?[0m
Welcome to Amazing Numbers!


Supported requests:
- enter a natural number to know its properties;
- enter two natural numbers to obtain the properties of the list:
  * the first parameter represents a starting number;
  * the second parameter shows how many consecutive numbers are to be printed;
- two natural numbers and a property to search for;
- separate the parameters with one space;
- two natural numbers and two properties to search for;- enter 0 to exit.

Enter a request:
> 37 4 hot girl

The properties [HOT, GIRL] are wrong.
Available properties: [EVEN, ODD, BUZZ, DUCK, PALINDROMIC, GAPFUL, SPY, SQUARE, SUNNY]


Enter a request:
> 0

Goodbye!
?[1;31m
Start test 54?[0m
Welcome to Amazing Numbers!


Supported requests:
- enter a natural number to know its properties;
- enter two natural numbers to obtain the properties of the list:
  * the first parameter represents a starting number;
  * the second parameter shows how many consecutive numbers are to be printed;
- two natural numbers and a property to search for;
- separate the parameters with one space;
- two natural numbers and two properties to search for;- enter 0 to exit.

Enter a request:
> 67 2 strong drake

The properties [STRONG, DRAKE] are wrong.
Available properties: [EVEN, ODD, BUZZ, DUCK, PALINDROMIC, GAPFUL, SPY, SQUARE, SUNNY]


Enter a request:
> 0

Goodbye!
?[1;31m
Start test 55?[0m
Welcome to Amazing Numbers!


Supported requests:
- enter a natural number to know its properties;
- enter two natural numbers to obtain the properties of the list:
  * the first parameter represents a starting number;
  * the second parameter shows how many consecutive numbers are to be printed;
- two natural numbers and a property to search for;
- separate the parameters with one space;
- two natural numbers and two properties to search for;- enter 0 to exit.

Enter a request:
> 1 7 spy palindromic

1 is palindromic, spy, square, odd
2 is palindromic, spy, even
3 is palindromic, spy, sunny, odd
4 is palindromic, spy, square, even
5 is palindromic, spy, odd
6 is palindromic, spy, even
7 is buzz, palindromic, spy, odd

Enter a request:
> 0

Goodbye!
?[1;31m
Start test 56?[0m
Welcome to Amazing Numbers!


Supported requests:
- enter a natural number to know its properties;
- enter two natural numbers to obtain the properties of the list:
  * the first parameter represents a starting number;
  * the second parameter shows how many consecutive numbers are to be printed;
- two natural numbers and a property to search for;
- separate the parameters with one space;
- two natural numbers and two properties to search for;- enter 0 to exit.

Enter a request:
> 1 10 palindromic buzz

7 is buzz, palindromic, spy, odd
77 is buzz, palindromic, odd
161 is buzz, palindromic, odd
252 is buzz, palindromic, even
343 is buzz, palindromic, odd
434 is buzz, palindromic, even
525 is buzz, palindromic, odd
595 is buzz, palindromic, odd
616 is buzz, palindromic, even
686 is buzz, palindromic, even

Enter a request:
> 0

Goodbye!
?[1;31m
Start test 57?[0m
Welcome to Amazing Numbers!


Supported requests:
- enter a natural number to know its properties;
- enter two natural numbers to obtain the properties of the list:
  * the first parameter represents a starting number;
  * the second parameter shows how many consecutive numbers are to be printed;
- two natural numbers and a property to search for;
- separate the parameters with one space;
- two natural numbers and two properties to search for;- enter 0 to exit.

Enter a request:
> 1 9 even palindromic

2 is palindromic, spy, even
4 is palindromic, spy, square, even
6 is palindromic, spy, even
8 is palindromic, spy, sunny, even
22 is palindromic, spy, even
44 is palindromic, even
66 is palindromic, even
88 is palindromic, even
202 is duck, palindromic, even

Enter a request:
> 0

Goodbye!
?[1;31m
Start test 58?[0m
Welcome to Amazing Numbers!


Supported requests:
- enter a natural number to know its properties;
- enter two natural numbers to obtain the properties of the list:
  * the first parameter represents a starting number;
  * the second parameter shows how many consecutive numbers are to be printed;
- two natural numbers and a property to search for;
- separate the parameters with one space;
- two natural numbers and two properties to search for;- enter 0 to exit.

Enter a request:
> 1 10 even sunny

8 is palindromic, spy, sunny, even
24 is sunny, even
48 is sunny, even
80 is duck, sunny, even
120 is duck, gapful, sunny, even
168 is buzz, sunny, even
224 is buzz, sunny, even
288 is sunny, even
360 is duck, gapful, sunny, even
440 is duck, gapful, sunny, even

Enter a request:
> 0

Goodbye!
?[1;31m
Start test 59?[0m
Welcome to Amazing Numbers!


Supported requests:
- enter a natural number to know its properties;
- enter two natural numbers to obtain the properties of the list:
  * the first parameter represents a starting number;
  * the second parameter shows how many consecutive numbers are to be printed;
- two natural numbers and a property to search for;
- separate the parameters with one space;
- two natural numbers and two properties to search for;- enter 0 to exit.

Enter a request:
> 100000 2 buzz gapful

100016 is buzz, duck, gapful, even
100030 is buzz, duck, gapful, even

Enter a request:
> 0

Goodbye!
?[1;31m
Start test 60?[0m
Welcome to Amazing Numbers!


Supported requests:
- enter a natural number to know its properties;
- enter two natural numbers to obtain the properties of the list:
  * the first parameter represents a starting number;
  * the second parameter shows how many consecutive numbers are to be printed;
- two natural numbers and a property to search for;
- separate the parameters with one space;
- two natural numbers and two properties to search for;- enter 0 to exit.

Enter a request:
> 100 4 odd spy

123 is spy, odd
213 is spy, odd
231 is buzz, gapful, spy, odd
321 is spy, odd

Enter a request:
> 0

Goodbye!
?[1;31m
Start test 61?[0m
Welcome to Amazing Numbers!


Supported requests:
- enter a natural number to know its properties;
- enter two natural numbers to obtain the properties of the list:
  * the first parameter represents a starting number;
  * the second parameter shows how many consecutive numbers are to be printed;
- two natural numbers and a property to search for;
- separate the parameters with one space;
- two natural numbers and two properties to search for;- enter 0 to exit.

Enter a request:
> 2000 4 palindromic duck

2002 is buzz, duck, palindromic, gapful, even
3003 is buzz, duck, palindromic, gapful, odd
4004 is buzz, duck, palindromic, gapful, even
5005 is buzz, duck, palindromic, gapful, odd

Enter a request:
> 0

Goodbye!
?[1;31m
Start test 62?[0m
Welcome to Amazing Numbers!


Supported requests:
- enter a natural number to know its properties;
- enter two natural numbers to obtain the properties of the list:
  * the first parameter represents a starting number;
  * the second parameter shows how many consecutive numbers are to be printed;
- two natural numbers and a property to search for;
- separate the parameters with one space;
- two natural numbers and two properties to search for;- enter 0 to exit.

Enter a request:
> 1 7 even spy

2 is palindromic, spy, even
4 is palindromic, spy, square, even
6 is palindromic, spy, even
8 is palindromic, spy, sunny, even
22 is palindromic, spy, even
132 is gapful, spy, even
312 is spy, even

Enter a request:
> 0

Goodbye!
?[1;31m
Start test 63?[0m
Welcome to Amazing Numbers!


Supported requests:
- enter a natural number to know its properties;
- enter two natural numbers to obtain the properties of the list:
  * the first parameter represents a starting number;
  * the second parameter shows how many consecutive numbers are to be printed;
- two natural numbers and a property to search for;
- separate the parameters with one space;
- two natural numbers and two properties to search for;- enter 0 to exit.

Enter a request:
> 1 10 odd buzz

7 is buzz, palindromic, spy, odd
17 is buzz, odd
21 is buzz, odd
27 is buzz, odd
35 is buzz, sunny, odd
37 is buzz, odd
47 is buzz, odd
49 is buzz, square, odd
57 is buzz, odd
63 is buzz, sunny, odd

Enter a request:
> 0

Goodbye!
?[1;31m
Start test 64?[0m
Welcome to Amazing Numbers!


Supported requests:
- enter a natural number to know its properties;
- enter two natural numbers to obtain the properties of the list:
  * the first parameter represents a starting number;
  * the second parameter shows how many consecutive numbers are to be printed;
- two natural numbers and a property to search for;
- separate the parameters with one space;
- two natural numbers and two properties to search for;- enter 0 to exit.

Enter a request:
> 1 9 buzz gapful

105 is buzz, duck, gapful, odd
140 is buzz, duck, gapful, even
154 is buzz, gapful, even
187 is buzz, gapful, odd
231 is buzz, gapful, spy, odd
280 is buzz, duck, gapful, even
297 is buzz, gapful, odd
315 is buzz, gapful, odd
385 is buzz, gapful, odd

Enter a request:
> 0

Goodbye!
?[1;31m
Start test 65?[0m
Welcome to Amazing Numbers!


Supported requests:
- enter a natural number to know its properties;
- enter two natural numbers to obtain the properties of the list:
  * the first parameter represents a starting number;
  * the second parameter shows how many consecutive numbers are to be printed;
- two natural numbers and a property to search for;
- separate the parameters with one space;
- two natural numbers and two properties to search for;- enter 0 to exit.

Enter a request:
> 1 10 spy buzz

7 is buzz, palindromic, spy, odd
231 is buzz, gapful, spy, odd
1421 is buzz, spy, odd
2114 is buzz, spy, even
15211 is buzz, spy, odd
21511 is buzz, spy, odd
22211 is buzz, spy, odd
31311 is buzz, spy, odd
51121 is buzz, spy, odd
111216 is buzz, gapful, spy, even

Enter a request:
> 0

Goodbye!
?[1;31m
Start test 66?[0m
Welcome to Amazing Numbers!


Supported requests:
- enter a natural number to know its properties;
- enter two natural numbers to obtain the properties of the list:
  * the first parameter represents a starting number;
  * the second parameter shows how many consecutive numbers are to be printed;
- two natural numbers and a property to search for;
- separate the parameters with one space;
- two natural numbers and two properties to search for;- enter 0 to exit.

Enter a request:
> 100000 2 even spy

111126 is spy, even
111162 is spy, even

Enter a request:
> 0

Goodbye!
?[1;31m
Start test 67?[0m
Welcome to Amazing Numbers!


Supported requests:
- enter a natural number to know its properties;
- enter two natural numbers to obtain the properties of the list:
  * the first parameter represents a starting number;
  * the second parameter shows how many consecutive numbers are to be printed;
- two natural numbers and a property to search for;
- separate the parameters with one space;
- two natural numbers and two properties to search for;- enter 0 to exit.

Enter a request:
> 100 4 odd gapful

105 is buzz, duck, gapful, odd
121 is palindromic, gapful, square, odd
135 is gapful, odd
143 is gapful, sunny, odd

Enter a request:
> 0

Goodbye!
?[1;31m
Start test 68?[0m
Welcome to Amazing Numbers!


Supported requests:
- enter a natural number to know its properties;
- enter two natural numbers to obtain the properties of the list:
  * the first parameter represents a starting number;
  * the second parameter shows how many consecutive numbers are to be printed;
- two natural numbers and a property to search for;
- separate the parameters with one space;
- two natural numbers and two properties to search for;- enter 0 to exit.

Enter a request:
> 2000 4 palindromic duck

2002 is buzz, duck, palindromic, gapful, even
3003 is buzz, duck, palindromic, gapful, odd
4004 is buzz, duck, palindromic, gapful, even
5005 is buzz, duck, palindromic, gapful, odd

Enter a request:
> 0

Goodbye!
?[1;31m
Start test 69?[0m
Welcome to Amazing Numbers!


Supported requests:
- enter a natural number to know its properties;
- enter two natural numbers to obtain the properties of the list:
  * the first parameter represents a starting number;
  * the second parameter shows how many consecutive numbers are to be printed;
- two natural numbers and a property to search for;
- separate the parameters with one space;
- two natural numbers and two properties to search for;- enter 0 to exit.

Enter a request:
> 5386 14 &hj PALINDROMIC

The property [&HJ] is wrong.
Available properties: [EVEN, ODD, BUZZ, DUCK, PALINDROMIC, GAPFUL, SPY, SQUARE, SUNNY]


Enter a request:
> 0

Goodbye!
?[1;31m
Start test 70?[0m
Welcome to Amazing Numbers!


Supported requests:
- enter a natural number to know its properties;
- enter two natural numbers to obtain the properties of the list:
  * the first parameter represents a starting number;
  * the second parameter shows how many consecutive numbers are to be printed;
- two natural numbers and a property to search for;
- separate the parameters with one space;
- two natural numbers and two properties to search for;- enter 0 to exit.

Enter a request:
> 7318 4 PALINDROMIC ...

The property [...] is wrong.
Available properties: [EVEN, ODD, BUZZ, DUCK, PALINDROMIC, GAPFUL, SPY, SQUARE, SUNNY]


Enter a request:
> 0

Goodbye!
?[1;31m
Start test 71?[0m
Welcome to Amazing Numbers!


Supported requests:
- enter a natural number to know its properties;
- enter two natural numbers to obtain the properties of the list:
  * the first parameter represents a starting number;
  * the second parameter shows how many consecutive numbers are to be printed;
- two natural numbers and a property to search for;
- separate the parameters with one space;
- two natural numbers and two properties to search for;- enter 0 to exit.

Enter a request:
> 26449 1 SQUARE ...

The property [...] is wrong.
Available properties: [EVEN, ODD, BUZZ, DUCK, PALINDROMIC, GAPFUL, SPY, SQUARE, SUNNY]


Enter a request:
> 0

Goodbye!
?[1;31m
Start test 72?[0m
Welcome to Amazing Numbers!


Supported requests:
- enter a natural number to know its properties;
- enter two natural numbers to obtain the properties of the list:
  * the first parameter represents a starting number;
  * the second parameter shows how many consecutive numbers are to be printed;
- two natural numbers and a property to search for;
- separate the parameters with one space;
- two natural numbers and two properties to search for;- enter 0 to exit.

Enter a request:
> 28438 7 242

The property [242] is wrong.
Available properties: [EVEN, ODD, BUZZ, DUCK, PALINDROMIC, GAPFUL, SPY, SQUARE, SUNNY]


Enter a request:
> 0

Goodbye!
?[1;31m
Start test 73?[0m
Welcome to Amazing Numbers!


Supported requests:
- enter a natural number to know its properties;
- enter two natural numbers to obtain the properties of the list:
  * the first parameter represents a starting number;
  * the second parameter shows how many consecutive numbers are to be printed;
- two natural numbers and a property to search for;
- separate the parameters with one space;
- two natural numbers and two properties to search for;- enter 0 to exit.

Enter a request:
> 5464 17 SPY buzzz

The property [BUZZZ] is wrong.
Available properties: [EVEN, ODD, BUZZ, DUCK, PALINDROMIC, GAPFUL, SPY, SQUARE, SUNNY]


Enter a request:
> 0

Goodbye!
?[1;31m
Start test 74?[0m
Welcome to Amazing Numbers!


Supported requests:
- enter a natural number to know its properties;
- enter two natural numbers to obtain the properties of the list:
  * the first parameter represents a starting number;
  * the second parameter shows how many consecutive numbers are to be printed;
- two natural numbers and a property to search for;
- separate the parameters with one space;
- two natural numbers and two properties to search for;- enter 0 to exit.

Enter a request:
> 8216 13 ~~ PALINDROMIC

The property [~~] is wrong.
Available properties: [EVEN, ODD, BUZZ, DUCK, PALINDROMIC, GAPFUL, SPY, SQUARE, SUNNY]


Enter a request:
> 0

Goodbye!
?[1;31m
Start test 75?[0m
Welcome to Amazing Numbers!


Supported requests:
- enter a natural number to know its properties;
- enter two natural numbers to obtain the properties of the list:
  * the first parameter represents a starting number;
  * the second parameter shows how many consecutive numbers are to be printed;
- two natural numbers and a property to search for;
- separate the parameters with one space;
- two natural numbers and two properties to search for;- enter 0 to exit.

Enter a request:
> 31561 5 Boy

The property [BOY] is wrong.
Available properties: [EVEN, ODD, BUZZ, DUCK, PALINDROMIC, GAPFUL, SPY, SQUARE, SUNNY]


Enter a request:
> 0

Goodbye!
?[1;31m
Start test 76?[0m
Welcome to Amazing Numbers!


Supported requests:
- enter a natural number to know its properties;
- enter two natural numbers to obtain the properties of the list:
  * the first parameter represents a starting number;
  * the second parameter shows how many consecutive numbers are to be printed;
- two natural numbers and a property to search for;
- separate the parameters with one space;
- two natural numbers and two properties to search for;- enter 0 to exit.

Enter a request:
> 27786 16 ...

The property [...] is wrong.
Available properties: [EVEN, ODD, BUZZ, DUCK, PALINDROMIC, GAPFUL, SPY, SQUARE, SUNNY]


Enter a request:
> 0

Goodbye!
?[1;31m
Start test 77?[0m
Welcome to Amazing Numbers!


Supported requests:
- enter a natural number to know its properties;
- enter two natural numbers to obtain the properties of the list:
  * the first parameter represents a starting number;
  * the second parameter shows how many consecutive numbers are to be printed;
- two natural numbers and a property to search for;
- separate the parameters with one space;
- two natural numbers and two properties to search for;- enter 0 to exit.

Enter a request:
> 19499 6 gipful SQUARE

The property [GIPFUL] is wrong.
Available properties: [EVEN, ODD, BUZZ, DUCK, PALINDROMIC, GAPFUL, SPY, SQUARE, SUNNY]


Enter a request:
> 0

Goodbye!
?[1;31m
Start test 78?[0m
Welcome to Amazing Numbers!


Supported requests:
- enter a natural number to know its properties;
- enter two natural numbers to obtain the properties of the list:
  * the first parameter represents a starting number;
  * the second parameter shows how many consecutive numbers are to be printed;
- two natural numbers and a property to search for;
- separate the parameters with one space;
- two natural numbers and two properties to search for;- enter 0 to exit.

Enter a request:
> 23801 12 EVEN speck

The property [SPECK] is wrong.
Available properties: [EVEN, ODD, BUZZ, DUCK, PALINDROMIC, GAPFUL, SPY, SQUARE, SUNNY]


Enter a request:
> 0

Goodbye!
?[1;31m
Start test 79?[0m
Welcome to Amazing Numbers!


Supported requests:
- enter a natural number to know its properties;
- enter two natural numbers to obtain the properties of the list:
  * the first parameter represents a starting number;
  * the second parameter shows how many consecutive numbers are to be printed;
- two natural numbers and a property to search for;
- separate the parameters with one space;
- two natural numbers and two properties to search for;- enter 0 to exit.

Enter a request:
> 5 1 odd even

The request contains mutually exclusive properties: [ODD, EVEN]
There are no numbers with these properties.


Enter a request:
> 0

Goodbye!
?[1;31m
Start test 80?[0m
Welcome to Amazing Numbers!


Supported requests:
- enter a natural number to know its properties;
- enter two natural numbers to obtain the properties of the list:
  * the first parameter represents a starting number;
  * the second parameter shows how many consecutive numbers are to be printed;
- two natural numbers and a property to search for;
- separate the parameters with one space;
- two natural numbers and two properties to search for;- enter 0 to exit.

Enter a request:
> 4 3 even odd

The request contains mutually exclusive properties: [EVEN, ODD]
There are no numbers with these properties.


Enter a request:
> 0

Goodbye!
?[1;31m
Start test 81?[0m
Welcome to Amazing Numbers!


Supported requests:
- enter a natural number to know its properties;
- enter two natural numbers to obtain the properties of the list:
  * the first parameter represents a starting number;
  * the second parameter shows how many consecutive numbers are to be printed;
- two natural numbers and a property to search for;
- separate the parameters with one space;
- two natural numbers and two properties to search for;- enter 0 to exit.

Enter a request:
> 32 2 sunny square

The request contains mutually exclusive properties: [SUNNY, SQUARE]
There are no numbers with these properties.


Enter a request:
> 0

Goodbye!
?[1;31m
Start test 82?[0m
Welcome to Amazing Numbers!


Supported requests:
- enter a natural number to know its properties;
- enter two natural numbers to obtain the properties of the list:
  * the first parameter represents a starting number;
  * the second parameter shows how many consecutive numbers are to be printed;
- two natural numbers and a property to search for;
- separate the parameters with one space;
- two natural numbers and two properties to search for;- enter 0 to exit.

Enter a request:
> 2341 4 square sunny

The request contains mutually exclusive properties: [SQUARE, SUNNY]
There are no numbers with these properties.


Enter a request:
> 0

Goodbye!
?[1;31m
Start test 83?[0m
Welcome to Amazing Numbers!


Supported requests:
- enter a natural number to know its properties;
- enter two natural numbers to obtain the properties of the list:
  * the first parameter represents a starting number;
  * the second parameter shows how many consecutive numbers are to be printed;
- two natural numbers and a property to search for;
- separate the parameters with one space;
- two natural numbers and two properties to search for;- enter 0 to exit.

Enter a request:
> 3153 2 spy duck

The request contains mutually exclusive properties: [SPY, DUCK]
There are no numbers with these properties.


Enter a request:
> 0

Goodbye!
?[1;31m
Start test 84?[0m
Welcome to Amazing Numbers!


Supported requests:
- enter a natural number to know its properties;
- enter two natural numbers to obtain the properties of the list:
  * the first parameter represents a starting number;
  * the second parameter shows how many consecutive numbers are to be printed;
- two natural numbers and a property to search for;
- separate the parameters with one space;
- two natural numbers and two properties to search for;- enter 0 to exit.

Enter a request:
> 6 7 duck spy

The request contains mutually exclusive properties: [DUCK, SPY]
There are no numbers with these properties.


Enter a request:
> 0

Goodbye!
]]></system-out>
  <system-err><![CDATA[]]></system-err>
</testsuite>
