<?xml version="1.0" encoding="UTF-8"?>
<testsuite name="NumbersTest" tests="1" skipped="0" failures="0" errors="0" timestamp="2023-07-14T18:26:49" hostname="NADEZDA" time="0.583">
  <properties/>
  <testcase name="start" classname="NumbersTest" time="0.583"/>
  <system-out><![CDATA[?[1;31m
Start test 1?[0m
Enter a natural number:
> 0
This number is not natural!
?[1;31m
Start test 2?[0m
Enter a natural number:
> 1
Properties of 1
even: false
odd: true
buzz: false
duck: false
?[1;31m
Start test 3?[0m
Enter a natural number:
> 2
Properties of 2
even: true
odd: false
buzz: false
duck: false
?[1;31m
Start test 4?[0m
Enter a natural number:
> 3
Properties of 3
even: false
odd: true
buzz: false
duck: false
?[1;31m
Start test 5?[0m
Enter a natural number:
> 4
Properties of 4
even: true
odd: false
buzz: false
duck: false
?[1;31m
Start test 6?[0m
Enter a natural number:
> 5
Properties of 5
even: false
odd: true
buzz: false
duck: false
?[1;31m
Start test 7?[0m
Enter a natural number:
> 6
Properties of 6
even: true
odd: false
buzz: false
duck: false
?[1;31m
Start test 8?[0m
Enter a natural number:
> 7
Properties of 7
even: false
odd: true
buzz: true
duck: false
?[1;31m
Start test 9?[0m
Enter a natural number:
> 8
Properties of 8
even: true
odd: false
buzz: false
duck: false
?[1;31m
Start test 10?[0m
Enter a natural number:
> 9
Properties of 9
even: false
odd: true
buzz: false
duck: false
?[1;31m
Start test 11?[0m
Enter a natural number:
> 10
Properties of 10
even: true
odd: false
buzz: false
duck: true
?[1;31m
Start test 12?[0m
Enter a natural number:
> 11
Properties of 11
even: false
odd: true
buzz: false
duck: false
?[1;31m
Start test 13?[0m
Enter a natural number:
> 12
Properties of 12
even: true
odd: false
buzz: false
duck: false
?[1;31m
Start test 14?[0m
Enter a natural number:
> 13
Properties of 13
even: false
odd: true
buzz: false
duck: false
?[1;31m
Start test 15?[0m
Enter a natural number:
> 14
Properties of 14
even: true
odd: false
buzz: true
duck: false
?[1;31m
Start test 16?[0m
Enter a natural number:
> 1084
Properties of 1084
even: true
odd: false
buzz: false
duck: true
?[1;31m
Start test 17?[0m
Enter a natural number:
> 10141
Properties of 10141
even: false
odd: true
buzz: false
duck: true
?[1;31m
Start test 18?[0m
Enter a natural number:
> 14743
Properties of 14743
even: false
odd: true
buzz: false
duck: false
?[1;31m
Start test 19?[0m
Enter a natural number:
> 22350
Properties of 22350
even: true
odd: false
buzz: false
duck: true
?[1;31m
Start test 20?[0m
Enter a natural number:
> 21363
Properties of 21363
even: false
odd: true
buzz: false
duck: false
?[1;31m
Start test 21?[0m
Enter a natural number:
> 11026
Properties of 11026
even: true
odd: false
buzz: false
duck: true
?[1;31m
Start test 22?[0m
Enter a natural number:
> 20473
Properties of 20473
even: false
odd: true
buzz: false
duck: true
?[1;31m
Start test 23?[0m
Enter a natural number:
> 12448
Properties of 12448
even: true
odd: false
buzz: false
duck: false
?[1;31m
Start test 24?[0m
Enter a natural number:
> 24002
Properties of 24002
even: true
odd: false
buzz: false
duck: true
?[1;31m
Start test 25?[0m
Enter a natural number:
> 5665
Properties of 5665
even: false
odd: true
buzz: false
duck: false
?[1;31m
Start test 26?[0m
Enter a natural number:
> 1986
Properties of 1986
even: true
odd: false
buzz: false
duck: false
?[1;31m
Start test 27?[0m
Enter a natural number:
> 9118
Properties of 9118
even: true
odd: false
buzz: false
duck: false
?[1;31m
Start test 28?[0m
Enter a natural number:
> 32369
Properties of 32369
even: false
odd: true
buzz: false
duck: false
?[1;31m
Start test 29?[0m
Enter a natural number:
> 24753
Properties of 24753
even: false
odd: true
buzz: false
duck: false
?[1;31m
Start test 30?[0m
Enter a natural number:
> 28581
Properties of 28581
even: false
odd: true
buzz: true
duck: false
?[1;31m
Start test 31?[0m
Enter a natural number:
> 4502
Properties of 4502
even: true
odd: false
buzz: false
duck: true
?[1;31m
Start test 32?[0m
Enter a natural number:
> 9621
Properties of 9621
even: false
odd: true
buzz: false
duck: false
?[1;31m
Start test 33?[0m
Enter a natural number:
> 6263
Properties of 6263
even: false
odd: true
buzz: false
duck: false
?[1;31m
Start test 34?[0m
Enter a natural number:
> 24163
Properties of 24163
even: false
odd: true
buzz: false
duck: false
?[1;31m
Start test 35?[0m
Enter a natural number:
> 9008
Properties of 9008
even: true
odd: false
buzz: false
duck: true
]]></system-out>
  <system-err><![CDATA[]]></system-err>
</testsuite>
