<?xml version="1.0" encoding="UTF-8"?>
<testsuite name="NumbersTest" tests="1" skipped="0" failures="0" errors="0" timestamp="2023-07-15T11:32:50" hostname="NADEZDA" time="3.48">
  <properties/>
  <testcase name="start" classname="NumbersTest" time="3.48"/>
  <system-out><![CDATA[?[1;31m
Start test 1?[0m
Welcome to Amazing Numbers!


Supported requests:
- enter a natural number to know its properties;
- enter two natural numbers to obtain the properties of the list:
  * the first parameter represents a starting number;
  * the second parameter shows how many consecutive numbers are to be printed;
- two natural numbers and a property to search for;
- separate the parameters with one space;
- enter 0 to exit.

Enter a request:
> 0
Goodbye!
?[1;31m
Start test 2?[0m
Welcome to Amazing Numbers!


Supported requests:
- enter a natural number to know its properties;
- enter two natural numbers to obtain the properties of the list:
  * the first parameter represents a starting number;
  * the second parameter shows how many consecutive numbers are to be printed;
- two natural numbers and a property to search for;
- separate the parameters with one space;
- enter 0 to exit.

Enter a request:
> -103

The first parameter should be a natural number or zero.

Enter a request:
> 0
Goodbye!
?[1;31m
Start test 3?[0m
Welcome to Amazing Numbers!


Supported requests:
- enter a natural number to know its properties;
- enter two natural numbers to obtain the properties of the list:
  * the first parameter represents a starting number;
  * the second parameter shows how many consecutive numbers are to be printed;
- two natural numbers and a property to search for;
- separate the parameters with one space;
- enter 0 to exit.

Enter a request:
> -114

The first parameter should be a natural number or zero.

Enter a request:
> 0
Goodbye!
?[1;31m
Start test 4?[0m
Welcome to Amazing Numbers!


Supported requests:
- enter a natural number to know its properties;
- enter two natural numbers to obtain the properties of the list:
  * the first parameter represents a starting number;
  * the second parameter shows how many consecutive numbers are to be printed;
- two natural numbers and a property to search for;
- separate the parameters with one space;
- enter 0 to exit.

Enter a request:
> -27

The first parameter should be a natural number or zero.

Enter a request:
> 0
Goodbye!
?[1;31m
Start test 5?[0m
Welcome to Amazing Numbers!


Supported requests:
- enter a natural number to know its properties;
- enter two natural numbers to obtain the properties of the list:
  * the first parameter represents a starting number;
  * the second parameter shows how many consecutive numbers are to be printed;
- two natural numbers and a property to search for;
- separate the parameters with one space;
- enter 0 to exit.

Enter a request:
> -76

The first parameter should be a natural number or zero.

Enter a request:
> 0
Goodbye!
?[1;31m
Start test 6?[0m
Welcome to Amazing Numbers!


Supported requests:
- enter a natural number to know its properties;
- enter two natural numbers to obtain the properties of the list:
  * the first parameter represents a starting number;
  * the second parameter shows how many consecutive numbers are to be printed;
- two natural numbers and a property to search for;
- separate the parameters with one space;
- enter 0 to exit.

Enter a request:
> -28

The first parameter should be a natural number or zero.

Enter a request:
> 0
Goodbye!
?[1;31m
Start test 7?[0m
Welcome to Amazing Numbers!


Supported requests:
- enter a natural number to know its properties;
- enter two natural numbers to obtain the properties of the list:
  * the first parameter represents a starting number;
  * the second parameter shows how many consecutive numbers are to be printed;
- two natural numbers and a property to search for;
- separate the parameters with one space;
- enter 0 to exit.

Enter a request:
> 29923 -18509

The second parameter should be a natural number.


Enter a request:
> 0
Goodbye!
?[1;31m
Start test 8?[0m
Welcome to Amazing Numbers!


Supported requests:
- enter a natural number to know its properties;
- enter two natural numbers to obtain the properties of the list:
  * the first parameter represents a starting number;
  * the second parameter shows how many consecutive numbers are to be printed;
- two natural numbers and a property to search for;
- separate the parameters with one space;
- enter 0 to exit.

Enter a request:
> 27194 -13398

The second parameter should be a natural number.


Enter a request:
> 0
Goodbye!
?[1;31m
Start test 9?[0m
Welcome to Amazing Numbers!


Supported requests:
- enter a natural number to know its properties;
- enter two natural numbers to obtain the properties of the list:
  * the first parameter represents a starting number;
  * the second parameter shows how many consecutive numbers are to be printed;
- two natural numbers and a property to search for;
- separate the parameters with one space;
- enter 0 to exit.

Enter a request:
> 28220 -30953

The second parameter should be a natural number.


Enter a request:
> 0
Goodbye!
?[1;31m
Start test 10?[0m
Welcome to Amazing Numbers!


Supported requests:
- enter a natural number to know its properties;
- enter two natural numbers to obtain the properties of the list:
  * the first parameter represents a starting number;
  * the second parameter shows how many consecutive numbers are to be printed;
- two natural numbers and a property to search for;
- separate the parameters with one space;
- enter 0 to exit.

Enter a request:
> 16930 -19892

The second parameter should be a natural number.


Enter a request:
> 0
Goodbye!
?[1;31m
Start test 11?[0m
Welcome to Amazing Numbers!


Supported requests:
- enter a natural number to know its properties;
- enter two natural numbers to obtain the properties of the list:
  * the first parameter represents a starting number;
  * the second parameter shows how many consecutive numbers are to be printed;
- two natural numbers and a property to search for;
- separate the parameters with one space;
- enter 0 to exit.

Enter a request:
> 10220 -4555

The second parameter should be a natural number.


Enter a request:
> 0
Goodbye!
?[1;31m
Start test 12?[0m
Welcome to Amazing Numbers!


Supported requests:
- enter a natural number to know its properties;
- enter two natural numbers to obtain the properties of the list:
  * the first parameter represents a starting number;
  * the second parameter shows how many consecutive numbers are to be printed;
- two natural numbers and a property to search for;
- separate the parameters with one space;
- enter 0 to exit.

Enter a request:
> 5556 -18667

The second parameter should be a natural number.


Enter a request:
> 0
Goodbye!
?[1;31m
Start test 13?[0m
Welcome to Amazing Numbers!


Supported requests:
- enter a natural number to know its properties;
- enter two natural numbers to obtain the properties of the list:
  * the first parameter represents a starting number;
  * the second parameter shows how many consecutive numbers are to be printed;
- two natural numbers and a property to search for;
- separate the parameters with one space;
- enter 0 to exit.

Enter a request:
> 6920 -14251

The second parameter should be a natural number.


Enter a request:
> 0
Goodbye!
?[1;31m
Start test 14?[0m
Welcome to Amazing Numbers!


Supported requests:
- enter a natural number to know its properties;
- enter two natural numbers to obtain the properties of the list:
  * the first parameter represents a starting number;
  * the second parameter shows how many consecutive numbers are to be printed;
- two natural numbers and a property to search for;
- separate the parameters with one space;
- enter 0 to exit.

Enter a request:
> 18647 -21042

The second parameter should be a natural number.


Enter a request:
> 0
Goodbye!
?[1;31m
Start test 15?[0m
Welcome to Amazing Numbers!


Supported requests:
- enter a natural number to know its properties;
- enter two natural numbers to obtain the properties of the list:
  * the first parameter represents a starting number;
  * the second parameter shows how many consecutive numbers are to be printed;
- two natural numbers and a property to search for;
- separate the parameters with one space;
- enter 0 to exit.

Enter a request:
> 22042 -4890

The second parameter should be a natural number.


Enter a request:
> 0
Goodbye!
?[1;31m
Start test 16?[0m
Welcome to Amazing Numbers!


Supported requests:
- enter a natural number to know its properties;
- enter two natural numbers to obtain the properties of the list:
  * the first parameter represents a starting number;
  * the second parameter shows how many consecutive numbers are to be printed;
- two natural numbers and a property to search for;
- separate the parameters with one space;
- enter 0 to exit.

Enter a request:
> 27738 -16649

The second parameter should be a natural number.


Enter a request:
> 0
Goodbye!
?[1;31m
Start test 17?[0m
Welcome to Amazing Numbers!


Supported requests:
- enter a natural number to know its properties;
- enter two natural numbers to obtain the properties of the list:
  * the first parameter represents a starting number;
  * the second parameter shows how many consecutive numbers are to be printed;
- two natural numbers and a property to search for;
- separate the parameters with one space;
- enter 0 to exit.

Enter a request:
> 1

Properties of 1
buzz: false
duck: false
palindromic: true
gapful: false
spy: true
even: false
odd: true

Enter a request:
> 2

Properties of 2
buzz: false
duck: false
palindromic: true
gapful: false
spy: true
even: true
odd: false

Enter a request:
> 3

Properties of 3
buzz: false
duck: false
palindromic: true
gapful: false
spy: true
even: false
odd: true

Enter a request:
> 4

Properties of 4
buzz: false
duck: false
palindromic: true
gapful: false
spy: true
even: true
odd: false

Enter a request:
> 5

Properties of 5
buzz: false
duck: false
palindromic: true
gapful: false
spy: true
even: false
odd: true

Enter a request:
> 6

Properties of 6
buzz: false
duck: false
palindromic: true
gapful: false
spy: true
even: true
odd: false

Enter a request:
> 7

Properties of 7
buzz: true
duck: false
palindromic: true
gapful: false
spy: true
even: false
odd: true

Enter a request:
> 8

Properties of 8
buzz: false
duck: false
palindromic: true
gapful: false
spy: true
even: true
odd: false

Enter a request:
> 9

Properties of 9
buzz: false
duck: false
palindromic: true
gapful: false
spy: true
even: false
odd: true

Enter a request:
> 10

Properties of 10
buzz: false
duck: true
palindromic: false
gapful: false
spy: false
even: true
odd: false

Enter a request:
> 11

Properties of 11
buzz: false
duck: false
palindromic: true
gapful: false
spy: false
even: false
odd: true

Enter a request:
> 12

Properties of 12
buzz: false
duck: false
palindromic: false
gapful: false
spy: false
even: true
odd: false

Enter a request:
> 13

Properties of 13
buzz: false
duck: false
palindromic: false
gapful: false
spy: false
even: false
odd: true

Enter a request:
> 14

Properties of 14
buzz: true
duck: false
palindromic: false
gapful: false
spy: false
even: true
odd: false

Enter a request:
> 2733869932852638325

Properties of 2,733,869,932,852,638,325
buzz: false
duck: false
palindromic: false
gapful: true
spy: false
even: false
odd: true

Enter a request:
> 8219365524478032914

Properties of 8,219,365,524,478,032,914
buzz: false
duck: true
palindromic: false
gapful: false
spy: false
even: true
odd: false

Enter a request:
> 3757753452700100182

Properties of 3,757,753,452,700,100,182
buzz: true
duck: true
palindromic: false
gapful: false
spy: false
even: true
odd: false

Enter a request:
> 3608755917777142194

Properties of 3,608,755,917,777,142,194
buzz: false
duck: true
palindromic: false
gapful: false
spy: false
even: true
odd: false

Enter a request:
> 1501621339167569749

Properties of 1,501,621,339,167,569,749
buzz: false
duck: true
palindromic: false
gapful: false
spy: false
even: false
odd: true

Enter a request:
> 5230470245108757869

Properties of 5,230,470,245,108,757,869
buzz: false
duck: true
palindromic: false
gapful: false
spy: false
even: false
odd: true

Enter a request:
> 7008400007116567216

Properties of 7,008,400,007,116,567,216
buzz: false
duck: true
palindromic: false
gapful: false
spy: false
even: true
odd: false

Enter a request:
> 8499778532584090104

Properties of 8,499,778,532,584,090,104
buzz: false
duck: true
palindromic: false
gapful: false
spy: false
even: true
odd: false

Enter a request:
> 7570363798383660278

Properties of 7,570,363,798,383,660,278
buzz: false
duck: true
palindromic: false
gapful: false
spy: false
even: true
odd: false

Enter a request:
> 5491061324437161974

Properties of 5,491,061,324,437,161,974
buzz: false
duck: true
palindromic: false
gapful: false
spy: false
even: true
odd: false

Enter a request:
> 0
Goodbye!
?[1;31m
Start test 18?[0m
Welcome to Amazing Numbers!


Supported requests:
- enter a natural number to know its properties;
- enter two natural numbers to obtain the properties of the list:
  * the first parameter represents a starting number;
  * the second parameter shows how many consecutive numbers are to be printed;
- two natural numbers and a property to search for;
- separate the parameters with one space;
- enter 0 to exit.

Enter a request:
> 1 15

1 is palindromic, spy, odd
2 is palindromic, spy, even
3 is palindromic, spy, odd
4 is palindromic, spy, even
5 is palindromic, spy, odd
6 is palindromic, spy, even
7 is buzz, palindromic, spy, odd
8 is palindromic, spy, even
9 is palindromic, spy, odd
10 is duck, even
11 is palindromic, odd
12 is even
13 is odd
14 is buzz, even
15 is odd

Enter a request:
> 0
Goodbye!
?[1;31m
Start test 19?[0m
Welcome to Amazing Numbers!


Supported requests:
- enter a natural number to know its properties;
- enter two natural numbers to obtain the properties of the list:
  * the first parameter represents a starting number;
  * the second parameter shows how many consecutive numbers are to be printed;
- two natural numbers and a property to search for;
- separate the parameters with one space;
- enter 0 to exit.

Enter a request:
> 7688985677296581465 11

7688985677296581465 is odd
7688985677296581466 is even
7688985677296581467 is buzz, odd
7688985677296581468 is even
7688985677296581469 is buzz, odd
7688985677296581470 is duck, even
7688985677296581471 is odd
7688985677296581472 is even
7688985677296581473 is odd
7688985677296581474 is even
7688985677296581475 is odd

Enter a request:
> 0
Goodbye!
?[1;31m
Start test 20?[0m
Welcome to Amazing Numbers!


Supported requests:
- enter a natural number to know its properties;
- enter two natural numbers to obtain the properties of the list:
  * the first parameter represents a starting number;
  * the second parameter shows how many consecutive numbers are to be printed;
- two natural numbers and a property to search for;
- separate the parameters with one space;
- enter 0 to exit.

Enter a request:
> 6058880940109466118 1

6058880940109466118 is duck, even

Enter a request:
> 0
Goodbye!
?[1;31m
Start test 21?[0m
Welcome to Amazing Numbers!


Supported requests:
- enter a natural number to know its properties;
- enter two natural numbers to obtain the properties of the list:
  * the first parameter represents a starting number;
  * the second parameter shows how many consecutive numbers are to be printed;
- two natural numbers and a property to search for;
- separate the parameters with one space;
- enter 0 to exit.

Enter a request:
> 4531928765762995533 5

4531928765762995533 is odd
4531928765762995534 is buzz, even
4531928765762995535 is odd
4531928765762995536 is even
4531928765762995537 is buzz, odd

Enter a request:
> 0
Goodbye!
?[1;31m
Start test 22?[0m
Welcome to Amazing Numbers!


Supported requests:
- enter a natural number to know its properties;
- enter two natural numbers to obtain the properties of the list:
  * the first parameter represents a starting number;
  * the second parameter shows how many consecutive numbers are to be printed;
- two natural numbers and a property to search for;
- separate the parameters with one space;
- enter 0 to exit.

Enter a request:
> 1998917134905205989 11

1998917134905205989 is duck, odd
1998917134905205990 is duck, gapful, even
1998917134905205991 is buzz, duck, odd
1998917134905205992 is duck, gapful, even
1998917134905205993 is duck, odd
1998917134905205994 is duck, even
1998917134905205995 is duck, gapful, odd
1998917134905205996 is duck, even
1998917134905205997 is buzz, duck, odd
1998917134905205998 is buzz, duck, gapful, even
1998917134905205999 is duck, odd

Enter a request:
> 0
Goodbye!
?[1;31m
Start test 23?[0m
Welcome to Amazing Numbers!


Supported requests:
- enter a natural number to know its properties;
- enter two natural numbers to obtain the properties of the list:
  * the first parameter represents a starting number;
  * the second parameter shows how many consecutive numbers are to be printed;
- two natural numbers and a property to search for;
- separate the parameters with one space;
- enter 0 to exit.

Enter a request:
> 1503406102422902846 5

1503406102422902846 is buzz, duck, even
1503406102422902847 is buzz, duck, odd
1503406102422902848 is duck, even
1503406102422902849 is duck, odd
1503406102422902850 is duck, gapful, even

Enter a request:
> 0
Goodbye!
?[1;31m
Start test 24?[0m
Welcome to Amazing Numbers!


Supported requests:
- enter a natural number to know its properties;
- enter two natural numbers to obtain the properties of the list:
  * the first parameter represents a starting number;
  * the second parameter shows how many consecutive numbers are to be printed;
- two natural numbers and a property to search for;
- separate the parameters with one space;
- enter 0 to exit.

Enter a request:
> 8371555305077680371 17

8371555305077680371 is duck, odd
8371555305077680372 is duck, even
8371555305077680373 is buzz, duck, odd
8371555305077680374 is duck, even
8371555305077680375 is duck, odd
8371555305077680376 is duck, even
8371555305077680377 is buzz, duck, odd
8371555305077680378 is duck, even
8371555305077680379 is duck, odd
8371555305077680380 is buzz, duck, even
8371555305077680381 is duck, odd
8371555305077680382 is duck, even
8371555305077680383 is duck, odd
8371555305077680384 is duck, even
8371555305077680385 is duck, odd
8371555305077680386 is duck, even
8371555305077680387 is buzz, duck, odd

Enter a request:
> 0
Goodbye!
?[1;31m
Start test 25?[0m
Welcome to Amazing Numbers!


Supported requests:
- enter a natural number to know its properties;
- enter two natural numbers to obtain the properties of the list:
  * the first parameter represents a starting number;
  * the second parameter shows how many consecutive numbers are to be printed;
- two natural numbers and a property to search for;
- separate the parameters with one space;
- enter 0 to exit.

Enter a request:
> 7732482943186090530 5

7732482943186090530 is buzz, duck, gapful, even
7732482943186090531 is duck, odd
7732482943186090532 is duck, even
7732482943186090533 is duck, odd
7732482943186090534 is duck, even

Enter a request:
> 0
Goodbye!
?[1;31m
Start test 26?[0m
Welcome to Amazing Numbers!


Supported requests:
- enter a natural number to know its properties;
- enter two natural numbers to obtain the properties of the list:
  * the first parameter represents a starting number;
  * the second parameter shows how many consecutive numbers are to be printed;
- two natural numbers and a property to search for;
- separate the parameters with one space;
- enter 0 to exit.

Enter a request:
> 7118295198861118791 3

7118295198861118791 is odd
7118295198861118792 is even
7118295198861118793 is odd

Enter a request:
> 0
Goodbye!
?[1;31m
Start test 27?[0m
Welcome to Amazing Numbers!


Supported requests:
- enter a natural number to know its properties;
- enter two natural numbers to obtain the properties of the list:
  * the first parameter represents a starting number;
  * the second parameter shows how many consecutive numbers are to be printed;
- two natural numbers and a property to search for;
- separate the parameters with one space;
- enter 0 to exit.

Enter a request:
> 1341007465102015552 18

1341007465102015552 is duck, even
1341007465102015553 is duck, odd
1341007465102015554 is duck, even
1341007465102015555 is duck, odd
1341007465102015556 is duck, even
1341007465102015557 is buzz, duck, odd
1341007465102015558 is duck, even
1341007465102015559 is duck, odd
1341007465102015560 is duck, gapful, even
1341007465102015561 is duck, odd
1341007465102015562 is duck, even
1341007465102015563 is duck, odd
1341007465102015564 is buzz, duck, gapful, even
1341007465102015565 is duck, odd
1341007465102015566 is duck, even
1341007465102015567 is buzz, duck, odd
1341007465102015568 is duck, even
1341007465102015569 is duck, odd

Enter a request:
> 0
Goodbye!
?[1;31m
Start test 28?[0m
Welcome to Amazing Numbers!


Supported requests:
- enter a natural number to know its properties;
- enter two natural numbers to obtain the properties of the list:
  * the first parameter represents a starting number;
  * the second parameter shows how many consecutive numbers are to be printed;
- two natural numbers and a property to search for;
- separate the parameters with one space;
- enter 0 to exit.

Enter a request:
> 297178800668933584 5

297178800668933584 is duck, even
297178800668933585 is duck, odd
297178800668933586 is duck, gapful, even
297178800668933587 is buzz, duck, odd
297178800668933588 is duck, even

Enter a request:
> 0
Goodbye!
?[1;31m
Start test 29?[0m
Welcome to Amazing Numbers!


Supported requests:
- enter a natural number to know its properties;
- enter two natural numbers to obtain the properties of the list:
  * the first parameter represents a starting number;
  * the second parameter shows how many consecutive numbers are to be printed;
- two natural numbers and a property to search for;
- separate the parameters with one space;
- enter 0 to exit.

Enter a request:
> 1 10 May

The property [MAY] is wrong.
Available properties: [BUZZ, DUCK, PALINDROMIC, GAPFUL, SPY, EVEN, ODD]


Enter a request:
> 0
Goodbye!
?[1;31m
Start test 30?[0m
Welcome to Amazing Numbers!


Supported requests:
- enter a natural number to know its properties;
- enter two natural numbers to obtain the properties of the list:
  * the first parameter represents a starting number;
  * the second parameter shows how many consecutive numbers are to be printed;
- two natural numbers and a property to search for;
- separate the parameters with one space;
- enter 0 to exit.

Enter a request:
> 40 2 bay

The property [BAY] is wrong.
Available properties: [BUZZ, DUCK, PALINDROMIC, GAPFUL, SPY, EVEN, ODD]


Enter a request:
> 0
Goodbye!
?[1;31m
Start test 31?[0m
Welcome to Amazing Numbers!


Supported requests:
- enter a natural number to know its properties;
- enter two natural numbers to obtain the properties of the list:
  * the first parameter represents a starting number;
  * the second parameter shows how many consecutive numbers are to be printed;
- two natural numbers and a property to search for;
- separate the parameters with one space;
- enter 0 to exit.

Enter a request:
> 37 4 8

The property [8] is wrong.
Available properties: [BUZZ, DUCK, PALINDROMIC, GAPFUL, SPY, EVEN, ODD]


Enter a request:
> 0
Goodbye!
?[1;31m
Start test 32?[0m
Welcome to Amazing Numbers!


Supported requests:
- enter a natural number to know its properties;
- enter two natural numbers to obtain the properties of the list:
  * the first parameter represents a starting number;
  * the second parameter shows how many consecutive numbers are to be printed;
- two natural numbers and a property to search for;
- separate the parameters with one space;
- enter 0 to exit.

Enter a request:
> 67 2 day

The property [DAY] is wrong.
Available properties: [BUZZ, DUCK, PALINDROMIC, GAPFUL, SPY, EVEN, ODD]


Enter a request:
> 0
Goodbye!
?[1;31m
Start test 33?[0m
Welcome to Amazing Numbers!


Supported requests:
- enter a natural number to know its properties;
- enter two natural numbers to obtain the properties of the list:
  * the first parameter represents a starting number;
  * the second parameter shows how many consecutive numbers are to be printed;
- two natural numbers and a property to search for;
- separate the parameters with one space;
- enter 0 to exit.

Enter a request:
> 2 54 Prime

The property [PRIME] is wrong.
Available properties: [BUZZ, DUCK, PALINDROMIC, GAPFUL, SPY, EVEN, ODD]


Enter a request:
> 0
Goodbye!
?[1;31m
Start test 34?[0m
Welcome to Amazing Numbers!


Supported requests:
- enter a natural number to know its properties;
- enter two natural numbers to obtain the properties of the list:
  * the first parameter represents a starting number;
  * the second parameter shows how many consecutive numbers are to be printed;
- two natural numbers and a property to search for;
- separate the parameters with one space;
- enter 0 to exit.

Enter a request:
> 6 8 ...

The property [...] is wrong.
Available properties: [BUZZ, DUCK, PALINDROMIC, GAPFUL, SPY, EVEN, ODD]


Enter a request:
> 0
Goodbye!
?[1;31m
Start test 35?[0m
Welcome to Amazing Numbers!


Supported requests:
- enter a natural number to know its properties;
- enter two natural numbers to obtain the properties of the list:
  * the first parameter represents a starting number;
  * the second parameter shows how many consecutive numbers are to be printed;
- two natural numbers and a property to search for;
- separate the parameters with one space;
- enter 0 to exit.

Enter a request:
> 5 9 none

The property [NONE] is wrong.
Available properties: [BUZZ, DUCK, PALINDROMIC, GAPFUL, SPY, EVEN, ODD]


Enter a request:
> 0
Goodbye!
?[1;31m
Start test 36?[0m
Welcome to Amazing Numbers!


Supported requests:
- enter a natural number to know its properties;
- enter two natural numbers to obtain the properties of the list:
  * the first parameter represents a starting number;
  * the second parameter shows how many consecutive numbers are to be printed;
- two natural numbers and a property to search for;
- separate the parameters with one space;
- enter 0 to exit.

Enter a request:
> 1 10 BUZZ

7 is buzz, palindromic, spy, odd
14 is buzz, even
17 is buzz, odd
21 is buzz, odd
27 is buzz, odd
28 is buzz, even
35 is buzz, odd
37 is buzz, odd
42 is buzz, even
47 is buzz, odd

Enter a request:
> 1 10 DUCK

10 is duck, even
20 is duck, even
30 is duck, even
40 is duck, even
50 is duck, even
60 is duck, even
70 is buzz, duck, even
80 is duck, even
90 is duck, even
100 is duck, gapful, even

Enter a request:
> 1 10 PALINDROMIC

1 is palindromic, spy, odd
2 is palindromic, spy, even
3 is palindromic, spy, odd
4 is palindromic, spy, even
5 is palindromic, spy, odd
6 is palindromic, spy, even
7 is buzz, palindromic, spy, odd
8 is palindromic, spy, even
9 is palindromic, spy, odd
11 is palindromic, odd

Enter a request:
> 1 10 GAPFUL

100 is duck, gapful, even
105 is buzz, duck, gapful, odd
108 is duck, gapful, even
110 is duck, gapful, even
120 is duck, gapful, even
121 is palindromic, gapful, odd
130 is duck, gapful, even
132 is gapful, spy, even
135 is gapful, odd
140 is buzz, duck, gapful, even

Enter a request:
> 1 10 SPY

1 is palindromic, spy, odd
2 is palindromic, spy, even
3 is palindromic, spy, odd
4 is palindromic, spy, even
5 is palindromic, spy, odd
6 is palindromic, spy, even
7 is buzz, palindromic, spy, odd
8 is palindromic, spy, even
9 is palindromic, spy, odd
22 is palindromic, spy, even

Enter a request:
> 1 10 EVEN

2 is palindromic, spy, even
4 is palindromic, spy, even
6 is palindromic, spy, even
8 is palindromic, spy, even
10 is duck, even
12 is even
14 is buzz, even
16 is even
18 is even
20 is duck, even

Enter a request:
> 1 10 ODD

1 is palindromic, spy, odd
3 is palindromic, spy, odd
5 is palindromic, spy, odd
7 is buzz, palindromic, spy, odd
9 is palindromic, spy, odd
11 is palindromic, odd
13 is odd
15 is odd
17 is buzz, odd
19 is odd

Enter a request:
> 0
Goodbye!
?[1;31m
Start test 37?[0m
Welcome to Amazing Numbers!


Supported requests:
- enter a natural number to know its properties;
- enter two natural numbers to obtain the properties of the list:
  * the first parameter represents a starting number;
  * the second parameter shows how many consecutive numbers are to be printed;
- two natural numbers and a property to search for;
- separate the parameters with one space;
- enter 0 to exit.

Enter a request:
> 12114 8 BUZZ

12117 is buzz, odd
12124 is buzz, gapful, even
12127 is buzz, odd
12131 is buzz, odd
12137 is buzz, odd
12138 is buzz, even
12145 is buzz, odd
12147 is buzz, odd

Enter a request:
> 0
Goodbye!
?[1;31m
Start test 38?[0m
Welcome to Amazing Numbers!


Supported requests:
- enter a natural number to know its properties;
- enter two natural numbers to obtain the properties of the list:
  * the first parameter represents a starting number;
  * the second parameter shows how many consecutive numbers are to be printed;
- two natural numbers and a property to search for;
- separate the parameters with one space;
- enter 0 to exit.

Enter a request:
> 6061 1 DUCK

6061 is duck, odd

Enter a request:
> 0
Goodbye!
?[1;31m
Start test 39?[0m
Welcome to Amazing Numbers!


Supported requests:
- enter a natural number to know its properties;
- enter two natural numbers to obtain the properties of the list:
  * the first parameter represents a starting number;
  * the second parameter shows how many consecutive numbers are to be printed;
- two natural numbers and a property to search for;
- separate the parameters with one space;
- enter 0 to exit.

Enter a request:
> 3929 16 ODD

3929 is odd
3931 is odd
3933 is odd
3935 is odd
3937 is buzz, odd
3939 is gapful, odd
3941 is buzz, odd
3943 is odd
3945 is odd
3947 is buzz, odd
3949 is odd
3951 is odd
3953 is odd
3955 is buzz, gapful, odd
3957 is buzz, odd
3959 is odd

Enter a request:
> 0
Goodbye!
?[1;31m
Start test 40?[0m
Welcome to Amazing Numbers!


Supported requests:
- enter a natural number to know its properties;
- enter two natural numbers to obtain the properties of the list:
  * the first parameter represents a starting number;
  * the second parameter shows how many consecutive numbers are to be printed;
- two natural numbers and a property to search for;
- separate the parameters with one space;
- enter 0 to exit.

Enter a request:
> 5315 6 PALINDROMIC

5335 is palindromic, gapful, odd
5445 is palindromic, gapful, odd
5555 is palindromic, gapful, odd
5665 is palindromic, gapful, odd
5775 is buzz, palindromic, gapful, odd
5885 is palindromic, gapful, odd

Enter a request:
> 0
Goodbye!
?[1;31m
Start test 41?[0m
Welcome to Amazing Numbers!


Supported requests:
- enter a natural number to know its properties;
- enter two natural numbers to obtain the properties of the list:
  * the first parameter represents a starting number;
  * the second parameter shows how many consecutive numbers are to be printed;
- two natural numbers and a property to search for;
- separate the parameters with one space;
- enter 0 to exit.

Enter a request:
> 8549 18 GAPFUL

8560 is duck, gapful, even
8585 is gapful, odd
8640 is duck, gapful, even
8686 is gapful, even
8692 is gapful, even
8720 is duck, gapful, even
8755 is gapful, odd
8787 is buzz, gapful, odd
8800 is duck, gapful, even
8880 is duck, gapful, even
8888 is palindromic, gapful, even
8904 is buzz, duck, gapful, even
8925 is buzz, gapful, odd
8960 is buzz, duck, gapful, even
8989 is gapful, odd
8991 is gapful, odd
9000 is duck, gapful, even
9009 is buzz, duck, palindromic, gapful, odd

Enter a request:
> 0
Goodbye!
?[1;31m
Start test 42?[0m
Welcome to Amazing Numbers!


Supported requests:
- enter a natural number to know its properties;
- enter two natural numbers to obtain the properties of the list:
  * the first parameter represents a starting number;
  * the second parameter shows how many consecutive numbers are to be printed;
- two natural numbers and a property to search for;
- separate the parameters with one space;
- enter 0 to exit.

Enter a request:
> 11347 18 DUCK

11350 is duck, gapful, even
11360 is duck, gapful, even
11370 is duck, gapful, even
11380 is duck, gapful, even
11390 is duck, gapful, even
11400 is duck, gapful, even
11401 is duck, odd
11402 is duck, even
11403 is buzz, duck, odd
11404 is duck, even
11405 is duck, odd
11406 is duck, even
11407 is buzz, duck, gapful, odd
11408 is duck, even
11409 is duck, odd
11410 is buzz, duck, gapful, even
11420 is duck, gapful, even
11430 is duck, gapful, even

Enter a request:
> 0
Goodbye!
?[1;31m
Start test 43?[0m
Welcome to Amazing Numbers!


Supported requests:
- enter a natural number to know its properties;
- enter two natural numbers to obtain the properties of the list:
  * the first parameter represents a starting number;
  * the second parameter shows how many consecutive numbers are to be printed;
- two natural numbers and a property to search for;
- separate the parameters with one space;
- enter 0 to exit.

Enter a request:
> 1068 11 BUZZ

1071 is buzz, duck, odd
1077 is buzz, duck, odd
1078 is buzz, duck, even
1085 is buzz, duck, odd
1087 is buzz, duck, odd
1092 is buzz, duck, gapful, even
1097 is buzz, duck, odd
1099 is buzz, duck, odd
1106 is buzz, duck, even
1107 is buzz, duck, odd
1113 is buzz, odd

Enter a request:
> 0
Goodbye!
?[1;31m
Start test 44?[0m
Welcome to Amazing Numbers!


Supported requests:
- enter a natural number to know its properties;
- enter two natural numbers to obtain the properties of the list:
  * the first parameter represents a starting number;
  * the second parameter shows how many consecutive numbers are to be printed;
- two natural numbers and a property to search for;
- separate the parameters with one space;
- enter 0 to exit.

Enter a request:
> 2146 7 PALINDROMIC

2222 is palindromic, gapful, even
2332 is palindromic, gapful, even
2442 is palindromic, gapful, even
2552 is palindromic, gapful, even
2662 is palindromic, gapful, even
2772 is buzz, palindromic, gapful, even
2882 is palindromic, gapful, even

Enter a request:
> 0
Goodbye!
?[1;31m
Start test 45?[0m
Welcome to Amazing Numbers!


Supported requests:
- enter a natural number to know its properties;
- enter two natural numbers to obtain the properties of the list:
  * the first parameter represents a starting number;
  * the second parameter shows how many consecutive numbers are to be printed;
- two natural numbers and a property to search for;
- separate the parameters with one space;
- enter 0 to exit.

Enter a request:
> 6218 3 BUZZ

6223 is buzz, odd
6227 is buzz, odd
6230 is buzz, duck, even

Enter a request:
> 0
Goodbye!
?[1;31m
Start test 46?[0m
Welcome to Amazing Numbers!


Supported requests:
- enter a natural number to know its properties;
- enter two natural numbers to obtain the properties of the list:
  * the first parameter represents a starting number;
  * the second parameter shows how many consecutive numbers are to be printed;
- two natural numbers and a property to search for;
- separate the parameters with one space;
- enter 0 to exit.

Enter a request:
> 12488 13 SPY

12511 is spy, odd
13113 is spy, odd
13131 is palindromic, spy, odd
13311 is spy, odd
15112 is spy, even
15121 is spy, odd
15211 is buzz, spy, odd
21115 is spy, odd
21122 is spy, even
21151 is spy, odd
21212 is palindromic, spy, even
21221 is spy, odd
21511 is buzz, spy, odd

Enter a request:
> 0
Goodbye!
]]></system-out>
  <system-err><![CDATA[]]></system-err>
</testsuite>
