<?xml version="1.0" encoding="UTF-8"?>
<testsuite name="NumbersTest" tests="1" skipped="0" failures="0" errors="0" timestamp="2023-07-16T08:51:58" hostname="NADEZDA" time="4.411">
  <properties/>
  <testcase name="start" classname="NumbersTest" time="4.411"/>
  <system-out><![CDATA[?[1;31m
Start test 1?[0m
Welcome to Amazing Numbers!


Supported requests:
- enter a natural number to know its properties;
- enter two natural numbers to obtain the properties of the list:
  * the first parameter represents a starting number;
  * the second parameter shows how many consecutive numbers are to be printed;
- two natural numbers and properties to search for;
- separate the parameters with one space;
- enter 0 to exit.

Enter a request:
> 0

Goodbye!
?[1;31m
Start test 2?[0m
Welcome to Amazing Numbers!


Supported requests:
- enter a natural number to know its properties;
- enter two natural numbers to obtain the properties of the list:
  * the first parameter represents a starting number;
  * the second parameter shows how many consecutive numbers are to be printed;
- two natural numbers and properties to search for;
- separate the parameters with one space;
- enter 0 to exit.

Enter a request:
> -95

The first parameter should be a natural number or zero.

Enter a request:
> 0

Goodbye!
?[1;31m
Start test 3?[0m
Welcome to Amazing Numbers!


Supported requests:
- enter a natural number to know its properties;
- enter two natural numbers to obtain the properties of the list:
  * the first parameter represents a starting number;
  * the second parameter shows how many consecutive numbers are to be printed;
- two natural numbers and properties to search for;
- separate the parameters with one space;
- enter 0 to exit.

Enter a request:
> -46

The first parameter should be a natural number or zero.

Enter a request:
> 0

Goodbye!
?[1;31m
Start test 4?[0m
Welcome to Amazing Numbers!


Supported requests:
- enter a natural number to know its properties;
- enter two natural numbers to obtain the properties of the list:
  * the first parameter represents a starting number;
  * the second parameter shows how many consecutive numbers are to be printed;
- two natural numbers and properties to search for;
- separate the parameters with one space;
- enter 0 to exit.

Enter a request:
> -119

The first parameter should be a natural number or zero.

Enter a request:
> 0

Goodbye!
?[1;31m
Start test 5?[0m
Welcome to Amazing Numbers!


Supported requests:
- enter a natural number to know its properties;
- enter two natural numbers to obtain the properties of the list:
  * the first parameter represents a starting number;
  * the second parameter shows how many consecutive numbers are to be printed;
- two natural numbers and properties to search for;
- separate the parameters with one space;
- enter 0 to exit.

Enter a request:
> -105

The first parameter should be a natural number or zero.

Enter a request:
> 0

Goodbye!
?[1;31m
Start test 6?[0m
Welcome to Amazing Numbers!


Supported requests:
- enter a natural number to know its properties;
- enter two natural numbers to obtain the properties of the list:
  * the first parameter represents a starting number;
  * the second parameter shows how many consecutive numbers are to be printed;
- two natural numbers and properties to search for;
- separate the parameters with one space;
- enter 0 to exit.

Enter a request:
> -43

The first parameter should be a natural number or zero.

Enter a request:
> 0

Goodbye!
?[1;31m
Start test 7?[0m
Welcome to Amazing Numbers!


Supported requests:
- enter a natural number to know its properties;
- enter two natural numbers to obtain the properties of the list:
  * the first parameter represents a starting number;
  * the second parameter shows how many consecutive numbers are to be printed;
- two natural numbers and properties to search for;
- separate the parameters with one space;
- enter 0 to exit.

Enter a request:
> 24255 -14045

The second parameter should be a natural number.


Enter a request:
> 0

Goodbye!
?[1;31m
Start test 8?[0m
Welcome to Amazing Numbers!


Supported requests:
- enter a natural number to know its properties;
- enter two natural numbers to obtain the properties of the list:
  * the first parameter represents a starting number;
  * the second parameter shows how many consecutive numbers are to be printed;
- two natural numbers and properties to search for;
- separate the parameters with one space;
- enter 0 to exit.

Enter a request:
> 29470 -28877

The second parameter should be a natural number.


Enter a request:
> 0

Goodbye!
?[1;31m
Start test 9?[0m
Welcome to Amazing Numbers!


Supported requests:
- enter a natural number to know its properties;
- enter two natural numbers to obtain the properties of the list:
  * the first parameter represents a starting number;
  * the second parameter shows how many consecutive numbers are to be printed;
- two natural numbers and properties to search for;
- separate the parameters with one space;
- enter 0 to exit.

Enter a request:
> 26529 -3401

The second parameter should be a natural number.


Enter a request:
> 0

Goodbye!
?[1;31m
Start test 10?[0m
Welcome to Amazing Numbers!


Supported requests:
- enter a natural number to know its properties;
- enter two natural numbers to obtain the properties of the list:
  * the first parameter represents a starting number;
  * the second parameter shows how many consecutive numbers are to be printed;
- two natural numbers and properties to search for;
- separate the parameters with one space;
- enter 0 to exit.

Enter a request:
> 9287 -18912

The second parameter should be a natural number.


Enter a request:
> 0

Goodbye!
?[1;31m
Start test 11?[0m
Welcome to Amazing Numbers!


Supported requests:
- enter a natural number to know its properties;
- enter two natural numbers to obtain the properties of the list:
  * the first parameter represents a starting number;
  * the second parameter shows how many consecutive numbers are to be printed;
- two natural numbers and properties to search for;
- separate the parameters with one space;
- enter 0 to exit.

Enter a request:
> 21383 -1641

The second parameter should be a natural number.


Enter a request:
> 0

Goodbye!
?[1;31m
Start test 12?[0m
Welcome to Amazing Numbers!


Supported requests:
- enter a natural number to know its properties;
- enter two natural numbers to obtain the properties of the list:
  * the first parameter represents a starting number;
  * the second parameter shows how many consecutive numbers are to be printed;
- two natural numbers and properties to search for;
- separate the parameters with one space;
- enter 0 to exit.

Enter a request:
> 3485 -27726

The second parameter should be a natural number.


Enter a request:
> 0

Goodbye!
?[1;31m
Start test 13?[0m
Welcome to Amazing Numbers!


Supported requests:
- enter a natural number to know its properties;
- enter two natural numbers to obtain the properties of the list:
  * the first parameter represents a starting number;
  * the second parameter shows how many consecutive numbers are to be printed;
- two natural numbers and properties to search for;
- separate the parameters with one space;
- enter 0 to exit.

Enter a request:
> 12546 -17257

The second parameter should be a natural number.


Enter a request:
> 0

Goodbye!
?[1;31m
Start test 14?[0m
Welcome to Amazing Numbers!


Supported requests:
- enter a natural number to know its properties;
- enter two natural numbers to obtain the properties of the list:
  * the first parameter represents a starting number;
  * the second parameter shows how many consecutive numbers are to be printed;
- two natural numbers and properties to search for;
- separate the parameters with one space;
- enter 0 to exit.

Enter a request:
> 31339 -24333

The second parameter should be a natural number.


Enter a request:
> 0

Goodbye!
?[1;31m
Start test 15?[0m
Welcome to Amazing Numbers!


Supported requests:
- enter a natural number to know its properties;
- enter two natural numbers to obtain the properties of the list:
  * the first parameter represents a starting number;
  * the second parameter shows how many consecutive numbers are to be printed;
- two natural numbers and properties to search for;
- separate the parameters with one space;
- enter 0 to exit.

Enter a request:
> 17994 -24380

The second parameter should be a natural number.


Enter a request:
> 0

Goodbye!
?[1;31m
Start test 16?[0m
Welcome to Amazing Numbers!


Supported requests:
- enter a natural number to know its properties;
- enter two natural numbers to obtain the properties of the list:
  * the first parameter represents a starting number;
  * the second parameter shows how many consecutive numbers are to be printed;
- two natural numbers and properties to search for;
- separate the parameters with one space;
- enter 0 to exit.

Enter a request:
> 22126 -14190

The second parameter should be a natural number.


Enter a request:
> 0

Goodbye!
?[1;31m
Start test 17?[0m
Welcome to Amazing Numbers!


Supported requests:
- enter a natural number to know its properties;
- enter two natural numbers to obtain the properties of the list:
  * the first parameter represents a starting number;
  * the second parameter shows how many consecutive numbers are to be printed;
- two natural numbers and properties to search for;
- separate the parameters with one space;
- enter 0 to exit.

Enter a request:
> 1

Properties of 1
buzz: false
duck: false
palindromic: true
gapful: false
spy: true
square: true
sunny: false
jumping: true
even: false
odd: true

Enter a request:
> 2

Properties of 2
buzz: false
duck: false
palindromic: true
gapful: false
spy: true
square: false
sunny: false
jumping: true
even: true
odd: false

Enter a request:
> 3

Properties of 3
buzz: false
duck: false
palindromic: true
gapful: false
spy: true
square: false
sunny: true
jumping: true
even: false
odd: true

Enter a request:
> 4

Properties of 4
buzz: false
duck: false
palindromic: true
gapful: false
spy: true
square: true
sunny: false
jumping: true
even: true
odd: false

Enter a request:
> 5

Properties of 5
buzz: false
duck: false
palindromic: true
gapful: false
spy: true
square: false
sunny: false
jumping: true
even: false
odd: true

Enter a request:
> 6

Properties of 6
buzz: false
duck: false
palindromic: true
gapful: false
spy: true
square: false
sunny: false
jumping: true
even: true
odd: false

Enter a request:
> 7

Properties of 7
buzz: true
duck: false
palindromic: true
gapful: false
spy: true
square: false
sunny: false
jumping: true
even: false
odd: true

Enter a request:
> 8

Properties of 8
buzz: false
duck: false
palindromic: true
gapful: false
spy: true
square: false
sunny: true
jumping: true
even: true
odd: false

Enter a request:
> 9

Properties of 9
buzz: false
duck: false
palindromic: true
gapful: false
spy: true
square: true
sunny: false
jumping: true
even: false
odd: true

Enter a request:
> 10

Properties of 10
buzz: false
duck: true
palindromic: false
gapful: false
spy: false
square: false
sunny: false
jumping: true
even: true
odd: false

Enter a request:
> 11

Properties of 11
buzz: false
duck: false
palindromic: true
gapful: false
spy: false
square: false
sunny: false
jumping: false
even: false
odd: true

Enter a request:
> 12

Properties of 12
buzz: false
duck: false
palindromic: false
gapful: false
spy: false
square: false
sunny: false
jumping: true
even: true
odd: false

Enter a request:
> 13

Properties of 13
buzz: false
duck: false
palindromic: false
gapful: false
spy: false
square: false
sunny: false
jumping: false
even: false
odd: true

Enter a request:
> 14

Properties of 14
buzz: true
duck: false
palindromic: false
gapful: false
spy: false
square: false
sunny: false
jumping: false
even: true
odd: false

Enter a request:
> 1257046571858417722

Properties of 1,257,046,571,858,417,722
buzz: false
duck: true
palindromic: false
gapful: false
spy: false
square: false
sunny: false
jumping: false
even: true
odd: false

Enter a request:
> 8400401951886176415

Properties of 8,400,401,951,886,176,415
buzz: false
duck: true
palindromic: false
gapful: false
spy: false
square: false
sunny: false
jumping: false
even: false
odd: true

Enter a request:
> 7312140233805868092

Properties of 7,312,140,233,805,868,092
buzz: false
duck: true
palindromic: false
gapful: false
spy: false
square: false
sunny: false
jumping: false
even: true
odd: false

Enter a request:
> 5090306394534142177

Properties of 5,090,306,394,534,142,177
buzz: true
duck: true
palindromic: false
gapful: false
spy: false
square: false
sunny: false
jumping: false
even: false
odd: true

Enter a request:
> 5704153820526405812

Properties of 5,704,153,820,526,405,812
buzz: false
duck: true
palindromic: false
gapful: false
spy: false
square: false
sunny: false
jumping: false
even: true
odd: false

Enter a request:
> 2193100635878546961

Properties of 2,193,100,635,878,546,961
buzz: true
duck: true
palindromic: false
gapful: true
spy: false
square: false
sunny: false
jumping: false
even: false
odd: true

Enter a request:
> 5289702056413701871

Properties of 5,289,702,056,413,701,871
buzz: true
duck: true
palindromic: false
gapful: false
spy: false
square: false
sunny: false
jumping: false
even: false
odd: true

Enter a request:
> 2459390623520716628

Properties of 2,459,390,623,520,716,628
buzz: false
duck: true
palindromic: false
gapful: false
spy: false
square: false
sunny: false
jumping: false
even: true
odd: false

Enter a request:
> 3660832653276073608

Properties of 3,660,832,653,276,073,608
buzz: false
duck: true
palindromic: false
gapful: false
spy: false
square: false
sunny: false
jumping: false
even: true
odd: false

Enter a request:
> 3671983022603500523

Properties of 3,671,983,022,603,500,523
buzz: false
duck: true
palindromic: false
gapful: false
spy: false
square: false
sunny: false
jumping: false
even: false
odd: true

Enter a request:
> 0

Goodbye!
?[1;31m
Start test 18?[0m
Welcome to Amazing Numbers!


Supported requests:
- enter a natural number to know its properties;
- enter two natural numbers to obtain the properties of the list:
  * the first parameter represents a starting number;
  * the second parameter shows how many consecutive numbers are to be printed;
- two natural numbers and properties to search for;
- separate the parameters with one space;
- enter 0 to exit.

Enter a request:
> 1 15

1 is palindromic, spy, square, jumping, odd
2 is palindromic, spy, jumping, even
3 is palindromic, spy, sunny, jumping, odd
4 is palindromic, spy, square, jumping, even
5 is palindromic, spy, jumping, odd
6 is palindromic, spy, jumping, even
7 is buzz, palindromic, spy, jumping, odd
8 is palindromic, spy, sunny, jumping, even
9 is palindromic, spy, square, jumping, odd
10 is duck, jumping, even
11 is palindromic, odd
12 is jumping, even
13 is odd
14 is buzz, even
15 is sunny, odd

Enter a request:
> 0

Goodbye!
?[1;31m
Start test 19?[0m
Welcome to Amazing Numbers!


Supported requests:
- enter a natural number to know its properties;
- enter two natural numbers to obtain the properties of the list:
  * the first parameter represents a starting number;
  * the second parameter shows how many consecutive numbers are to be printed;
- two natural numbers and properties to search for;
- separate the parameters with one space;
- enter 0 to exit.

Enter a request:
> 1810861738052317262 7

1,810,861,738,052,317,262 is duck, even
1,810,861,738,052,317,263 is duck, odd
1,810,861,738,052,317,264 is duck, even
1,810,861,738,052,317,265 is buzz, duck, odd
1,810,861,738,052,317,266 is duck, even
1,810,861,738,052,317,267 is buzz, duck, odd
1,810,861,738,052,317,268 is duck, even

Enter a request:
> 0

Goodbye!
?[1;31m
Start test 20?[0m
Welcome to Amazing Numbers!


Supported requests:
- enter a natural number to know its properties;
- enter two natural numbers to obtain the properties of the list:
  * the first parameter represents a starting number;
  * the second parameter shows how many consecutive numbers are to be printed;
- two natural numbers and properties to search for;
- separate the parameters with one space;
- enter 0 to exit.

Enter a request:
> 3304267850061153609 7

3,304,267,850,061,153,609 is duck, odd
3,304,267,850,061,153,610 is duck, even
3,304,267,850,061,153,611 is duck, odd
3,304,267,850,061,153,612 is buzz, duck, even
3,304,267,850,061,153,613 is duck, odd
3,304,267,850,061,153,614 is duck, even
3,304,267,850,061,153,615 is duck, odd

Enter a request:
> 0

Goodbye!
?[1;31m
Start test 21?[0m
Welcome to Amazing Numbers!


Supported requests:
- enter a natural number to know its properties;
- enter two natural numbers to obtain the properties of the list:
  * the first parameter represents a starting number;
  * the second parameter shows how many consecutive numbers are to be printed;
- two natural numbers and properties to search for;
- separate the parameters with one space;
- enter 0 to exit.

Enter a request:
> 5712948098007454037 1

5,712,948,098,007,454,037 is buzz, duck, odd

Enter a request:
> 0

Goodbye!
?[1;31m
Start test 22?[0m
Welcome to Amazing Numbers!


Supported requests:
- enter a natural number to know its properties;
- enter two natural numbers to obtain the properties of the list:
  * the first parameter represents a starting number;
  * the second parameter shows how many consecutive numbers are to be printed;
- two natural numbers and properties to search for;
- separate the parameters with one space;
- enter 0 to exit.

Enter a request:
> 1394706141243790992 10

1,394,706,141,243,790,992 is duck, gapful, even
1,394,706,141,243,790,993 is duck, odd
1,394,706,141,243,790,994 is duck, even
1,394,706,141,243,790,995 is duck, gapful, odd
1,394,706,141,243,790,996 is duck, even
1,394,706,141,243,790,997 is buzz, duck, odd
1,394,706,141,243,790,998 is buzz, duck, even
1,394,706,141,243,790,999 is duck, odd
1,394,706,141,243,791,000 is duck, gapful, even
1,394,706,141,243,791,001 is duck, odd

Enter a request:
> 0

Goodbye!
?[1;31m
Start test 23?[0m
Welcome to Amazing Numbers!


Supported requests:
- enter a natural number to know its properties;
- enter two natural numbers to obtain the properties of the list:
  * the first parameter represents a starting number;
  * the second parameter shows how many consecutive numbers are to be printed;
- two natural numbers and properties to search for;
- separate the parameters with one space;
- enter 0 to exit.

Enter a request:
> 8129980478631107193 4

8,129,980,478,631,107,193 is duck, odd
8,129,980,478,631,107,194 is buzz, duck, even
8,129,980,478,631,107,195 is duck, gapful, odd
8,129,980,478,631,107,196 is duck, even

Enter a request:
> 0

Goodbye!
?[1;31m
Start test 24?[0m
Welcome to Amazing Numbers!


Supported requests:
- enter a natural number to know its properties;
- enter two natural numbers to obtain the properties of the list:
  * the first parameter represents a starting number;
  * the second parameter shows how many consecutive numbers are to be printed;
- two natural numbers and properties to search for;
- separate the parameters with one space;
- enter 0 to exit.

Enter a request:
> 8364731494042543421 18

8,364,731,494,042,543,421 is duck, odd
8,364,731,494,042,543,422 is duck, even
8,364,731,494,042,543,423 is duck, odd
8,364,731,494,042,543,424 is buzz, duck, even
8,364,731,494,042,543,425 is duck, odd
8,364,731,494,042,543,426 is duck, even
8,364,731,494,042,543,427 is buzz, duck, odd
8,364,731,494,042,543,428 is duck, even
8,364,731,494,042,543,429 is duck, odd
8,364,731,494,042,543,430 is duck, even
8,364,731,494,042,543,431 is buzz, duck, odd
8,364,731,494,042,543,432 is duck, even
8,364,731,494,042,543,433 is duck, odd
8,364,731,494,042,543,434 is duck, even
8,364,731,494,042,543,435 is duck, odd
8,364,731,494,042,543,436 is duck, even
8,364,731,494,042,543,437 is buzz, duck, odd
8,364,731,494,042,543,438 is buzz, duck, even

Enter a request:
> 0

Goodbye!
?[1;31m
Start test 25?[0m
Welcome to Amazing Numbers!


Supported requests:
- enter a natural number to know its properties;
- enter two natural numbers to obtain the properties of the list:
  * the first parameter represents a starting number;
  * the second parameter shows how many consecutive numbers are to be printed;
- two natural numbers and properties to search for;
- separate the parameters with one space;
- enter 0 to exit.

Enter a request:
> 4858655340565688044 20

4,858,655,340,565,688,044 is duck, even
4,858,655,340,565,688,045 is duck, odd
4,858,655,340,565,688,046 is buzz, duck, even
4,858,655,340,565,688,047 is buzz, duck, odd
4,858,655,340,565,688,048 is duck, even
4,858,655,340,565,688,049 is duck, odd
4,858,655,340,565,688,050 is duck, even
4,858,655,340,565,688,051 is duck, odd
4,858,655,340,565,688,052 is duck, even
4,858,655,340,565,688,053 is buzz, duck, odd
4,858,655,340,565,688,054 is duck, even
4,858,655,340,565,688,055 is duck, odd
4,858,655,340,565,688,056 is duck, even
4,858,655,340,565,688,057 is buzz, duck, odd
4,858,655,340,565,688,058 is duck, even
4,858,655,340,565,688,059 is duck, odd
4,858,655,340,565,688,060 is buzz, duck, even
4,858,655,340,565,688,061 is duck, odd
4,858,655,340,565,688,062 is duck, even
4,858,655,340,565,688,063 is duck, odd

Enter a request:
> 0

Goodbye!
?[1;31m
Start test 26?[0m
Welcome to Amazing Numbers!


Supported requests:
- enter a natural number to know its properties;
- enter two natural numbers to obtain the properties of the list:
  * the first parameter represents a starting number;
  * the second parameter shows how many consecutive numbers are to be printed;
- two natural numbers and properties to search for;
- separate the parameters with one space;
- enter 0 to exit.

Enter a request:
> 6002595164894080788 12

6,002,595,164,894,080,788 is buzz, duck, even
6,002,595,164,894,080,789 is duck, odd
6,002,595,164,894,080,790 is duck, even
6,002,595,164,894,080,791 is duck, odd
6,002,595,164,894,080,792 is duck, even
6,002,595,164,894,080,793 is duck, odd
6,002,595,164,894,080,794 is duck, even
6,002,595,164,894,080,795 is buzz, duck, odd
6,002,595,164,894,080,796 is duck, even
6,002,595,164,894,080,797 is buzz, duck, odd
6,002,595,164,894,080,798 is duck, even
6,002,595,164,894,080,799 is duck, odd

Enter a request:
> 0

Goodbye!
?[1;31m
Start test 27?[0m
Welcome to Amazing Numbers!


Supported requests:
- enter a natural number to know its properties;
- enter two natural numbers to obtain the properties of the list:
  * the first parameter represents a starting number;
  * the second parameter shows how many consecutive numbers are to be printed;
- two natural numbers and properties to search for;
- separate the parameters with one space;
- enter 0 to exit.

Enter a request:
> 8205308184563286389 14

8,205,308,184,563,286,389 is duck, odd
8,205,308,184,563,286,390 is duck, even
8,205,308,184,563,286,391 is buzz, duck, odd
8,205,308,184,563,286,392 is duck, even
8,205,308,184,563,286,393 is duck, odd
8,205,308,184,563,286,394 is duck, even
8,205,308,184,563,286,395 is duck, odd
8,205,308,184,563,286,396 is duck, even
8,205,308,184,563,286,397 is buzz, duck, odd
8,205,308,184,563,286,398 is buzz, duck, even
8,205,308,184,563,286,399 is duck, odd
8,205,308,184,563,286,400 is duck, gapful, even
8,205,308,184,563,286,401 is duck, odd
8,205,308,184,563,286,402 is duck, even

Enter a request:
> 0

Goodbye!
?[1;31m
Start test 28?[0m
Welcome to Amazing Numbers!


Supported requests:
- enter a natural number to know its properties;
- enter two natural numbers to obtain the properties of the list:
  * the first parameter represents a starting number;
  * the second parameter shows how many consecutive numbers are to be printed;
- two natural numbers and properties to search for;
- separate the parameters with one space;
- enter 0 to exit.

Enter a request:
> 3109298632236223986 19

3,109,298,632,236,223,986 is duck, even
3,109,298,632,236,223,987 is buzz, duck, odd
3,109,298,632,236,223,988 is duck, even
3,109,298,632,236,223,989 is duck, odd
3,109,298,632,236,223,990 is duck, even
3,109,298,632,236,223,991 is duck, odd
3,109,298,632,236,223,992 is duck, even
3,109,298,632,236,223,993 is duck, odd
3,109,298,632,236,223,994 is buzz, duck, even
3,109,298,632,236,223,995 is duck, odd
3,109,298,632,236,223,996 is duck, even
3,109,298,632,236,223,997 is buzz, duck, odd
3,109,298,632,236,223,998 is duck, even
3,109,298,632,236,223,999 is duck, odd
3,109,298,632,236,224,000 is duck, even
3,109,298,632,236,224,001 is buzz, duck, gapful, odd
3,109,298,632,236,224,002 is duck, even
3,109,298,632,236,224,003 is duck, odd
3,109,298,632,236,224,004 is duck, even

Enter a request:
> 0

Goodbye!
?[1;31m
Start test 29?[0m
Welcome to Amazing Numbers!


Supported requests:
- enter a natural number to know its properties;
- enter two natural numbers to obtain the properties of the list:
  * the first parameter represents a starting number;
  * the second parameter shows how many consecutive numbers are to be printed;
- two natural numbers and properties to search for;
- separate the parameters with one space;
- enter 0 to exit.

Enter a request:
> 1 10 May

The property [MAY] is wrong.
Available properties: [EVEN, ODD, BUZZ, DUCK, PALINDROMIC, GAPFUL, SPY, SQUARE, SUNNY, JUMPING]


Enter a request:
> 0

Goodbye!
?[1;31m
Start test 30?[0m
Welcome to Amazing Numbers!


Supported requests:
- enter a natural number to know its properties;
- enter two natural numbers to obtain the properties of the list:
  * the first parameter represents a starting number;
  * the second parameter shows how many consecutive numbers are to be printed;
- two natural numbers and properties to search for;
- separate the parameters with one space;
- enter 0 to exit.

Enter a request:
> 40 2 bay

The property [BAY] is wrong.
Available properties: [EVEN, ODD, BUZZ, DUCK, PALINDROMIC, GAPFUL, SPY, SQUARE, SUNNY, JUMPING]


Enter a request:
> 0

Goodbye!
?[1;31m
Start test 31?[0m
Welcome to Amazing Numbers!


Supported requests:
- enter a natural number to know its properties;
- enter two natural numbers to obtain the properties of the list:
  * the first parameter represents a starting number;
  * the second parameter shows how many consecutive numbers are to be printed;
- two natural numbers and properties to search for;
- separate the parameters with one space;
- enter 0 to exit.

Enter a request:
> 37 4 8

The property [8] is wrong.
Available properties: [EVEN, ODD, BUZZ, DUCK, PALINDROMIC, GAPFUL, SPY, SQUARE, SUNNY, JUMPING]


Enter a request:
> 0

Goodbye!
?[1;31m
Start test 32?[0m
Welcome to Amazing Numbers!


Supported requests:
- enter a natural number to know its properties;
- enter two natural numbers to obtain the properties of the list:
  * the first parameter represents a starting number;
  * the second parameter shows how many consecutive numbers are to be printed;
- two natural numbers and properties to search for;
- separate the parameters with one space;
- enter 0 to exit.

Enter a request:
> 67 2 day

The property [DAY] is wrong.
Available properties: [EVEN, ODD, BUZZ, DUCK, PALINDROMIC, GAPFUL, SPY, SQUARE, SUNNY, JUMPING]


Enter a request:
> 0

Goodbye!
?[1;31m
Start test 33?[0m
Welcome to Amazing Numbers!


Supported requests:
- enter a natural number to know its properties;
- enter two natural numbers to obtain the properties of the list:
  * the first parameter represents a starting number;
  * the second parameter shows how many consecutive numbers are to be printed;
- two natural numbers and properties to search for;
- separate the parameters with one space;
- enter 0 to exit.

Enter a request:
> 2 54 Prime

The property [PRIME] is wrong.
Available properties: [EVEN, ODD, BUZZ, DUCK, PALINDROMIC, GAPFUL, SPY, SQUARE, SUNNY, JUMPING]


Enter a request:
> 0

Goodbye!
?[1;31m
Start test 34?[0m
Welcome to Amazing Numbers!


Supported requests:
- enter a natural number to know its properties;
- enter two natural numbers to obtain the properties of the list:
  * the first parameter represents a starting number;
  * the second parameter shows how many consecutive numbers are to be printed;
- two natural numbers and properties to search for;
- separate the parameters with one space;
- enter 0 to exit.

Enter a request:
> 6 8 ...

The property [...] is wrong.
Available properties: [EVEN, ODD, BUZZ, DUCK, PALINDROMIC, GAPFUL, SPY, SQUARE, SUNNY, JUMPING]


Enter a request:
> 0

Goodbye!
?[1;31m
Start test 35?[0m
Welcome to Amazing Numbers!


Supported requests:
- enter a natural number to know its properties;
- enter two natural numbers to obtain the properties of the list:
  * the first parameter represents a starting number;
  * the second parameter shows how many consecutive numbers are to be printed;
- two natural numbers and properties to search for;
- separate the parameters with one space;
- enter 0 to exit.

Enter a request:
> 5 9 none

The property [NONE] is wrong.
Available properties: [EVEN, ODD, BUZZ, DUCK, PALINDROMIC, GAPFUL, SPY, SQUARE, SUNNY, JUMPING]


Enter a request:
> 0

Goodbye!
?[1;31m
Start test 36?[0m
Welcome to Amazing Numbers!


Supported requests:
- enter a natural number to know its properties;
- enter two natural numbers to obtain the properties of the list:
  * the first parameter represents a starting number;
  * the second parameter shows how many consecutive numbers are to be printed;
- two natural numbers and properties to search for;
- separate the parameters with one space;
- enter 0 to exit.

Enter a request:
> 1 10 BUZZ

7 is buzz, palindromic, spy, jumping, odd
14 is buzz, even
17 is buzz, odd
21 is buzz, jumping, odd
27 is buzz, odd
28 is buzz, even
35 is buzz, sunny, odd
37 is buzz, odd
42 is buzz, even
47 is buzz, odd

Enter a request:
> 1 10 DUCK

10 is duck, jumping, even
20 is duck, even
30 is duck, even
40 is duck, even
50 is duck, even
60 is duck, even
70 is buzz, duck, even
80 is duck, sunny, even
90 is duck, even
100 is duck, gapful, square, even

Enter a request:
> 1 10 PALINDROMIC

1 is palindromic, spy, square, jumping, odd
2 is palindromic, spy, jumping, even
3 is palindromic, spy, sunny, jumping, odd
4 is palindromic, spy, square, jumping, even
5 is palindromic, spy, jumping, odd
6 is palindromic, spy, jumping, even
7 is buzz, palindromic, spy, jumping, odd
8 is palindromic, spy, sunny, jumping, even
9 is palindromic, spy, square, jumping, odd
11 is palindromic, odd

Enter a request:
> 1 10 GAPFUL

100 is duck, gapful, square, even
105 is buzz, duck, gapful, odd
108 is duck, gapful, even
110 is duck, gapful, even
120 is duck, gapful, sunny, even
121 is palindromic, gapful, square, jumping, odd
130 is duck, gapful, even
132 is gapful, spy, even
135 is gapful, odd
140 is buzz, duck, gapful, even

Enter a request:
> 1 10 SPY

1 is palindromic, spy, square, jumping, odd
2 is palindromic, spy, jumping, even
3 is palindromic, spy, sunny, jumping, odd
4 is palindromic, spy, square, jumping, even
5 is palindromic, spy, jumping, odd
6 is palindromic, spy, jumping, even
7 is buzz, palindromic, spy, jumping, odd
8 is palindromic, spy, sunny, jumping, even
9 is palindromic, spy, square, jumping, odd
22 is palindromic, spy, even

Enter a request:
> 1 10 SQUARE

1 is palindromic, spy, square, jumping, odd
4 is palindromic, spy, square, jumping, even
9 is palindromic, spy, square, jumping, odd
16 is square, even
25 is square, odd
36 is square, even
49 is buzz, square, odd
64 is square, even
81 is square, odd
100 is duck, gapful, square, even

Enter a request:
> 1 10 SUNNY

3 is palindromic, spy, sunny, jumping, odd
8 is palindromic, spy, sunny, jumping, even
15 is sunny, odd
24 is sunny, even
35 is buzz, sunny, odd
48 is sunny, even
63 is buzz, sunny, odd
80 is duck, sunny, even
99 is palindromic, sunny, odd
120 is duck, gapful, sunny, even

Enter a request:
> 1 10 JUMPING

1 is palindromic, spy, square, jumping, odd
2 is palindromic, spy, jumping, even
3 is palindromic, spy, sunny, jumping, odd
4 is palindromic, spy, square, jumping, even
5 is palindromic, spy, jumping, odd
6 is palindromic, spy, jumping, even
7 is buzz, palindromic, spy, jumping, odd
8 is palindromic, spy, sunny, jumping, even
9 is palindromic, spy, square, jumping, odd
10 is duck, jumping, even

Enter a request:
> 1 10 EVEN

2 is palindromic, spy, jumping, even
4 is palindromic, spy, square, jumping, even
6 is palindromic, spy, jumping, even
8 is palindromic, spy, sunny, jumping, even
10 is duck, jumping, even
12 is jumping, even
14 is buzz, even
16 is square, even
18 is even
20 is duck, even

Enter a request:
> 1 10 ODD

1 is palindromic, spy, square, jumping, odd
3 is palindromic, spy, sunny, jumping, odd
5 is palindromic, spy, jumping, odd
7 is buzz, palindromic, spy, jumping, odd
9 is palindromic, spy, square, jumping, odd
11 is palindromic, odd
13 is odd
15 is sunny, odd
17 is buzz, odd
19 is odd

Enter a request:
> 0

Goodbye!
?[1;31m
Start test 37?[0m
Welcome to Amazing Numbers!


Supported requests:
- enter a natural number to know its properties;
- enter two natural numbers to obtain the properties of the list:
  * the first parameter represents a starting number;
  * the second parameter shows how many consecutive numbers are to be printed;
- two natural numbers and properties to search for;
- separate the parameters with one space;
- enter 0 to exit.

Enter a request:
> 24101 1 SPY

25,111 is spy, odd

Enter a request:
> 0

Goodbye!
?[1;31m
Start test 38?[0m
Welcome to Amazing Numbers!


Supported requests:
- enter a natural number to know its properties;
- enter two natural numbers to obtain the properties of the list:
  * the first parameter represents a starting number;
  * the second parameter shows how many consecutive numbers are to be printed;
- two natural numbers and properties to search for;
- separate the parameters with one space;
- enter 0 to exit.

Enter a request:
> 30151 10 EVEN

30,152 is duck, even
30,154 is duck, even
30,156 is buzz, duck, even
30,158 is duck, even
30,160 is duck, even
30,162 is duck, even
30,164 is duck, even
30,166 is duck, even
30,168 is duck, even
30,170 is buzz, duck, even

Enter a request:
> 0

Goodbye!
?[1;31m
Start test 39?[0m
Welcome to Amazing Numbers!


Supported requests:
- enter a natural number to know its properties;
- enter two natural numbers to obtain the properties of the list:
  * the first parameter represents a starting number;
  * the second parameter shows how many consecutive numbers are to be printed;
- two natural numbers and properties to search for;
- separate the parameters with one space;
- enter 0 to exit.

Enter a request:
> 20135 11 GAPFUL

20,140 is duck, gapful, even
20,152 is duck, gapful, even
20,160 is buzz, duck, gapful, even
20,175 is duck, gapful, odd
20,176 is duck, gapful, even
20,180 is duck, gapful, even
20,181 is buzz, duck, gapful, odd
20,184 is duck, gapful, even
20,188 is buzz, duck, gapful, even
20,200 is duck, gapful, even
20,220 is duck, gapful, even

Enter a request:
> 0

Goodbye!
?[1;31m
Start test 40?[0m
Welcome to Amazing Numbers!


Supported requests:
- enter a natural number to know its properties;
- enter two natural numbers to obtain the properties of the list:
  * the first parameter represents a starting number;
  * the second parameter shows how many consecutive numbers are to be printed;
- two natural numbers and properties to search for;
- separate the parameters with one space;
- enter 0 to exit.

Enter a request:
> 1596 6 GAPFUL

1,600 is duck, gapful, square, even
1,605 is duck, gapful, odd
1,610 is buzz, duck, gapful, even
1,616 is gapful, even
1,620 is duck, gapful, even
1,624 is buzz, gapful, even

Enter a request:
> 0

Goodbye!
?[1;31m
Start test 41?[0m
Welcome to Amazing Numbers!


Supported requests:
- enter a natural number to know its properties;
- enter two natural numbers to obtain the properties of the list:
  * the first parameter represents a starting number;
  * the second parameter shows how many consecutive numbers are to be printed;
- two natural numbers and properties to search for;
- separate the parameters with one space;
- enter 0 to exit.

Enter a request:
> 1330 18 ODD

1,331 is palindromic, gapful, odd
1,333 is odd
1,335 is gapful, odd
1,337 is buzz, odd
1,339 is odd
1,341 is odd
1,343 is odd
1,345 is odd
1,347 is buzz, odd
1,349 is gapful, odd
1,351 is buzz, odd
1,353 is odd
1,355 is odd
1,357 is buzz, odd
1,359 is odd
1,361 is odd
1,363 is odd
1,365 is buzz, gapful, odd

Enter a request:
> 0

Goodbye!
?[1;31m
Start test 42?[0m
Welcome to Amazing Numbers!


Supported requests:
- enter a natural number to know its properties;
- enter two natural numbers to obtain the properties of the list:
  * the first parameter represents a starting number;
  * the second parameter shows how many consecutive numbers are to be printed;
- two natural numbers and properties to search for;
- separate the parameters with one space;
- enter 0 to exit.

Enter a request:
> 22377 17 GAPFUL

22,380 is duck, gapful, even
22,386 is buzz, gapful, even
22,400 is buzz, duck, gapful, even
22,420 is duck, gapful, even
22,425 is gapful, odd
22,428 is buzz, gapful, even
22,437 is buzz, gapful, odd
22,440 is duck, gapful, even
22,460 is duck, gapful, even
22,462 is gapful, even
22,464 is gapful, even
22,475 is gapful, odd
22,480 is duck, gapful, even
22,491 is buzz, gapful, odd
22,500 is duck, gapful, square, even
22,516 is gapful, even
22,520 is duck, gapful, even

Enter a request:
> 0

Goodbye!
?[1;31m
Start test 43?[0m
Welcome to Amazing Numbers!


Supported requests:
- enter a natural number to know its properties;
- enter two natural numbers to obtain the properties of the list:
  * the first parameter represents a starting number;
  * the second parameter shows how many consecutive numbers are to be printed;
- two natural numbers and properties to search for;
- separate the parameters with one space;
- enter 0 to exit.

Enter a request:
> 17458 17 SQUARE

17,689 is buzz, gapful, square, odd
17,956 is square, even
18,225 is gapful, square, odd
18,496 is gapful, square, even
18,769 is square, odd
19,044 is duck, square, even
19,321 is square, odd
19,600 is buzz, duck, gapful, square, even
19,881 is square, odd
20,164 is duck, square, even
20,449 is duck, square, odd
20,736 is duck, square, even
21,025 is duck, gapful, square, odd
21,316 is square, even
21,609 is buzz, duck, square, odd
21,904 is duck, square, even
22,201 is duck, square, odd

Enter a request:
> 0

Goodbye!
?[1;31m
Start test 44?[0m
Welcome to Amazing Numbers!


Supported requests:
- enter a natural number to know its properties;
- enter two natural numbers to obtain the properties of the list:
  * the first parameter represents a starting number;
  * the second parameter shows how many consecutive numbers are to be printed;
- two natural numbers and properties to search for;
- separate the parameters with one space;
- enter 0 to exit.

Enter a request:
> 14623 18 SPY

15,112 is spy, even
15,121 is spy, odd
15,211 is buzz, spy, odd
21,115 is spy, odd
21,122 is spy, even
21,151 is spy, odd
21,212 is palindromic, spy, jumping, even
21,221 is spy, odd
21,511 is buzz, spy, odd
22,112 is spy, even
22,121 is spy, odd
22,211 is buzz, spy, odd
25,111 is spy, odd
31,113 is palindromic, spy, odd
31,131 is spy, odd
31,311 is buzz, spy, odd
33,111 is spy, odd
51,112 is spy, even

Enter a request:
> 0

Goodbye!
?[1;31m
Start test 45?[0m
Welcome to Amazing Numbers!


Supported requests:
- enter a natural number to know its properties;
- enter two natural numbers to obtain the properties of the list:
  * the first parameter represents a starting number;
  * the second parameter shows how many consecutive numbers are to be printed;
- two natural numbers and properties to search for;
- separate the parameters with one space;
- enter 0 to exit.

Enter a request:
> 15550 14 GAPFUL

15,550 is duck, gapful, even
15,552 is gapful, even
15,554 is buzz, gapful, even
15,555 is gapful, odd
15,560 is duck, gapful, even
15,570 is duck, gapful, even
15,580 is duck, gapful, even
15,585 is gapful, odd
15,588 is gapful, even
15,590 is duck, gapful, even
15,599 is gapful, odd
15,600 is duck, gapful, even
15,610 is buzz, duck, gapful, even
15,612 is gapful, even

Enter a request:
> 0

Goodbye!
?[1;31m
Start test 46?[0m
Welcome to Amazing Numbers!


Supported requests:
- enter a natural number to know its properties;
- enter two natural numbers to obtain the properties of the list:
  * the first parameter represents a starting number;
  * the second parameter shows how many consecutive numbers are to be printed;
- two natural numbers and properties to search for;
- separate the parameters with one space;
- enter 0 to exit.

Enter a request:
> 19652 6 ODD

19,653 is odd
19,655 is odd
19,657 is buzz, odd
19,659 is odd
19,661 is odd
19,663 is buzz, odd

Enter a request:
> 0

Goodbye!
?[1;31m
Start test 47?[0m
Welcome to Amazing Numbers!


Supported requests:
- enter a natural number to know its properties;
- enter two natural numbers to obtain the properties of the list:
  * the first parameter represents a starting number;
  * the second parameter shows how many consecutive numbers are to be printed;
- two natural numbers and properties to search for;
- separate the parameters with one space;
- enter 0 to exit.

Enter a request:
> 1 10 odd girl

The property [GIRL] is wrong.
Available properties: [EVEN, ODD, BUZZ, DUCK, PALINDROMIC, GAPFUL, SPY, SQUARE, SUNNY, JUMPING]


Enter a request:
> 0

Goodbye!
?[1;31m
Start test 48?[0m
Welcome to Amazing Numbers!


Supported requests:
- enter a natural number to know its properties;
- enter two natural numbers to obtain the properties of the list:
  * the first parameter represents a starting number;
  * the second parameter shows how many consecutive numbers are to be printed;
- two natural numbers and properties to search for;
- separate the parameters with one space;
- enter 0 to exit.

Enter a request:
> 40 2 even day

The property [DAY] is wrong.
Available properties: [EVEN, ODD, BUZZ, DUCK, PALINDROMIC, GAPFUL, SPY, SQUARE, SUNNY, JUMPING]


Enter a request:
> 0

Goodbye!
?[1;31m
Start test 49?[0m
Welcome to Amazing Numbers!


Supported requests:
- enter a natural number to know its properties;
- enter two natural numbers to obtain the properties of the list:
  * the first parameter represents a starting number;
  * the second parameter shows how many consecutive numbers are to be printed;
- two natural numbers and properties to search for;
- separate the parameters with one space;
- enter 0 to exit.

Enter a request:
> 37 4 spy 89

The property [89] is wrong.
Available properties: [EVEN, ODD, BUZZ, DUCK, PALINDROMIC, GAPFUL, SPY, SQUARE, SUNNY, JUMPING]


Enter a request:
> 0

Goodbye!
?[1;31m
Start test 50?[0m
Welcome to Amazing Numbers!


Supported requests:
- enter a natural number to know its properties;
- enter two natural numbers to obtain the properties of the list:
  * the first parameter represents a starting number;
  * the second parameter shows how many consecutive numbers are to be printed;
- two natural numbers and properties to search for;
- separate the parameters with one space;
- enter 0 to exit.

Enter a request:
> 67 2 DUCK +

The property [+] is wrong.
Available properties: [EVEN, ODD, BUZZ, DUCK, PALINDROMIC, GAPFUL, SPY, SQUARE, SUNNY, JUMPING]


Enter a request:
> 0

Goodbye!
?[1;31m
Start test 51?[0m
Welcome to Amazing Numbers!


Supported requests:
- enter a natural number to know its properties;
- enter two natural numbers to obtain the properties of the list:
  * the first parameter represents a starting number;
  * the second parameter shows how many consecutive numbers are to be printed;
- two natural numbers and properties to search for;
- separate the parameters with one space;
- enter 0 to exit.

Enter a request:
> 1 10 boy friend

The properties [BOY, FRIEND] are wrong.
Available properties: [EVEN, ODD, BUZZ, DUCK, PALINDROMIC, GAPFUL, SPY, SQUARE, SUNNY, JUMPING]


Enter a request:
> 0

Goodbye!
?[1;31m
Start test 52?[0m
Welcome to Amazing Numbers!


Supported requests:
- enter a natural number to know its properties;
- enter two natural numbers to obtain the properties of the list:
  * the first parameter represents a starting number;
  * the second parameter shows how many consecutive numbers are to be printed;
- two natural numbers and properties to search for;
- separate the parameters with one space;
- enter 0 to exit.

Enter a request:
> 40 2 long day

The properties [LONG, DAY] are wrong.
Available properties: [EVEN, ODD, BUZZ, DUCK, PALINDROMIC, GAPFUL, SPY, SQUARE, SUNNY, JUMPING]


Enter a request:
> 0

Goodbye!
?[1;31m
Start test 53?[0m
Welcome to Amazing Numbers!


Supported requests:
- enter a natural number to know its properties;
- enter two natural numbers to obtain the properties of the list:
  * the first parameter represents a starting number;
  * the second parameter shows how many consecutive numbers are to be printed;
- two natural numbers and properties to search for;
- separate the parameters with one space;
- enter 0 to exit.

Enter a request:
> 37 4 hot girl

The properties [HOT, GIRL] are wrong.
Available properties: [EVEN, ODD, BUZZ, DUCK, PALINDROMIC, GAPFUL, SPY, SQUARE, SUNNY, JUMPING]


Enter a request:
> 0

Goodbye!
?[1;31m
Start test 54?[0m
Welcome to Amazing Numbers!


Supported requests:
- enter a natural number to know its properties;
- enter two natural numbers to obtain the properties of the list:
  * the first parameter represents a starting number;
  * the second parameter shows how many consecutive numbers are to be printed;
- two natural numbers and properties to search for;
- separate the parameters with one space;
- enter 0 to exit.

Enter a request:
> 67 2 strong drake

The properties [STRONG, DRAKE] are wrong.
Available properties: [EVEN, ODD, BUZZ, DUCK, PALINDROMIC, GAPFUL, SPY, SQUARE, SUNNY, JUMPING]


Enter a request:
> 0

Goodbye!
?[1;31m
Start test 55?[0m
Welcome to Amazing Numbers!


Supported requests:
- enter a natural number to know its properties;
- enter two natural numbers to obtain the properties of the list:
  * the first parameter represents a starting number;
  * the second parameter shows how many consecutive numbers are to be printed;
- two natural numbers and properties to search for;
- separate the parameters with one space;
- enter 0 to exit.

Enter a request:
> 1 7 odd spy palindromic

1 is palindromic, spy, square, jumping, odd
3 is palindromic, spy, sunny, jumping, odd
5 is palindromic, spy, jumping, odd
7 is buzz, palindromic, spy, jumping, odd
9 is palindromic, spy, square, jumping, odd
12,221 is palindromic, gapful, spy, odd
13,131 is palindromic, spy, odd

Enter a request:
> 0

Goodbye!
?[1;31m
Start test 56?[0m
Welcome to Amazing Numbers!


Supported requests:
- enter a natural number to know its properties;
- enter two natural numbers to obtain the properties of the list:
  * the first parameter represents a starting number;
  * the second parameter shows how many consecutive numbers are to be printed;
- two natural numbers and properties to search for;
- separate the parameters with one space;
- enter 0 to exit.

Enter a request:
> 1 10 even palindromic duck buzz

2,002 is buzz, duck, palindromic, gapful, even
4,004 is buzz, duck, palindromic, gapful, even
6,006 is buzz, duck, palindromic, gapful, even
8,008 is buzz, duck, palindromic, gapful, even
20,202 is buzz, duck, palindromic, even
20,902 is buzz, duck, palindromic, even
22,022 is buzz, duck, palindromic, gapful, even
29,092 is buzz, duck, palindromic, even
40,404 is buzz, duck, palindromic, even
44,044 is buzz, duck, palindromic, gapful, even

Enter a request:
> 0

Goodbye!
?[1;31m
Start test 57?[0m
Welcome to Amazing Numbers!


Supported requests:
- enter a natural number to know its properties;
- enter two natural numbers to obtain the properties of the list:
  * the first parameter represents a starting number;
  * the second parameter shows how many consecutive numbers are to be printed;
- two natural numbers and properties to search for;
- separate the parameters with one space;
- enter 0 to exit.

Enter a request:
> 1 9 even palindromic duck buzz gapful

2,002 is buzz, duck, palindromic, gapful, even
4,004 is buzz, duck, palindromic, gapful, even
6,006 is buzz, duck, palindromic, gapful, even
8,008 is buzz, duck, palindromic, gapful, even
22,022 is buzz, duck, palindromic, gapful, even
44,044 is buzz, duck, palindromic, gapful, even
66,066 is buzz, duck, palindromic, gapful, even
88,088 is buzz, duck, palindromic, gapful, even
202,202 is buzz, duck, palindromic, gapful, even

Enter a request:
> 0

Goodbye!
?[1;31m
Start test 58?[0m
Welcome to Amazing Numbers!


Supported requests:
- enter a natural number to know its properties;
- enter two natural numbers to obtain the properties of the list:
  * the first parameter represents a starting number;
  * the second parameter shows how many consecutive numbers are to be printed;
- two natural numbers and properties to search for;
- separate the parameters with one space;
- enter 0 to exit.

Enter a request:
> 1 10 even sunny duck buzz gapful

1,680 is buzz, duck, gapful, sunny, even
4,760 is buzz, duck, gapful, sunny, even
9,408 is buzz, duck, gapful, sunny, even
12,320 is buzz, duck, gapful, sunny, even
19,320 is buzz, duck, gapful, sunny, even
19,880 is buzz, duck, gapful, sunny, even
23,408 is buzz, duck, gapful, sunny, even
24,024 is buzz, duck, gapful, sunny, even
28,560 is buzz, duck, gapful, sunny, even
32,760 is buzz, duck, gapful, sunny, even

Enter a request:
> 0

Goodbye!
?[1;31m
Start test 59?[0m
Welcome to Amazing Numbers!


Supported requests:
- enter a natural number to know its properties;
- enter two natural numbers to obtain the properties of the list:
  * the first parameter represents a starting number;
  * the second parameter shows how many consecutive numbers are to be printed;
- two natural numbers and properties to search for;
- separate the parameters with one space;
- enter 0 to exit.

Enter a request:
> 100000 2 even spy buzz gapful

111,216 is buzz, gapful, spy, even
161,112 is buzz, gapful, spy, even

Enter a request:
> 0

Goodbye!
?[1;31m
Start test 60?[0m
Welcome to Amazing Numbers!


Supported requests:
- enter a natural number to know its properties;
- enter two natural numbers to obtain the properties of the list:
  * the first parameter represents a starting number;
  * the second parameter shows how many consecutive numbers are to be printed;
- two natural numbers and properties to search for;
- separate the parameters with one space;
- enter 0 to exit.

Enter a request:
> 100 4 odd spy gapful

231 is buzz, gapful, spy, odd
12,221 is palindromic, gapful, spy, odd
216,111 is buzz, gapful, spy, odd
1,111,341 is buzz, gapful, spy, odd

Enter a request:
> 0

Goodbye!
?[1;31m
Start test 61?[0m
Welcome to Amazing Numbers!


Supported requests:
- enter a natural number to know its properties;
- enter two natural numbers to obtain the properties of the list:
  * the first parameter represents a starting number;
  * the second parameter shows how many consecutive numbers are to be printed;
- two natural numbers and properties to search for;
- separate the parameters with one space;
- enter 0 to exit.

Enter a request:
> 2000 4 even palindromic duck

2,002 is buzz, duck, palindromic, gapful, even
4,004 is buzz, duck, palindromic, gapful, even
6,006 is buzz, duck, palindromic, gapful, even
8,008 is buzz, duck, palindromic, gapful, even

Enter a request:
> 0

Goodbye!
?[1;31m
Start test 62?[0m
Welcome to Amazing Numbers!


Supported requests:
- enter a natural number to know its properties;
- enter two natural numbers to obtain the properties of the list:
  * the first parameter represents a starting number;
  * the second parameter shows how many consecutive numbers are to be printed;
- two natural numbers and properties to search for;
- separate the parameters with one space;
- enter 0 to exit.

Enter a request:
> 1 7 even spy

2 is palindromic, spy, jumping, even
4 is palindromic, spy, square, jumping, even
6 is palindromic, spy, jumping, even
8 is palindromic, spy, sunny, jumping, even
22 is palindromic, spy, even
132 is gapful, spy, even
312 is spy, even

Enter a request:
> 0

Goodbye!
?[1;31m
Start test 63?[0m
Welcome to Amazing Numbers!


Supported requests:
- enter a natural number to know its properties;
- enter two natural numbers to obtain the properties of the list:
  * the first parameter represents a starting number;
  * the second parameter shows how many consecutive numbers are to be printed;
- two natural numbers and properties to search for;
- separate the parameters with one space;
- enter 0 to exit.

Enter a request:
> 1 10 odd buzz

7 is buzz, palindromic, spy, jumping, odd
17 is buzz, odd
21 is buzz, jumping, odd
27 is buzz, odd
35 is buzz, sunny, odd
37 is buzz, odd
47 is buzz, odd
49 is buzz, square, odd
57 is buzz, odd
63 is buzz, sunny, odd

Enter a request:
> 0

Goodbye!
?[1;31m
Start test 64?[0m
Welcome to Amazing Numbers!


Supported requests:
- enter a natural number to know its properties;
- enter two natural numbers to obtain the properties of the list:
  * the first parameter represents a starting number;
  * the second parameter shows how many consecutive numbers are to be printed;
- two natural numbers and properties to search for;
- separate the parameters with one space;
- enter 0 to exit.

Enter a request:
> 1 9 buzz gapful

105 is buzz, duck, gapful, odd
140 is buzz, duck, gapful, even
154 is buzz, gapful, even
187 is buzz, gapful, odd
231 is buzz, gapful, spy, odd
280 is buzz, duck, gapful, even
297 is buzz, gapful, odd
315 is buzz, gapful, odd
385 is buzz, gapful, odd

Enter a request:
> 0

Goodbye!
?[1;31m
Start test 65?[0m
Welcome to Amazing Numbers!


Supported requests:
- enter a natural number to know its properties;
- enter two natural numbers to obtain the properties of the list:
  * the first parameter represents a starting number;
  * the second parameter shows how many consecutive numbers are to be printed;
- two natural numbers and properties to search for;
- separate the parameters with one space;
- enter 0 to exit.

Enter a request:
> 1 10 spy buzz

7 is buzz, palindromic, spy, jumping, odd
231 is buzz, gapful, spy, odd
1,421 is buzz, spy, odd
2,114 is buzz, spy, even
15,211 is buzz, spy, odd
21,511 is buzz, spy, odd
22,211 is buzz, spy, odd
31,311 is buzz, spy, odd
51,121 is buzz, spy, odd
111,216 is buzz, gapful, spy, even

Enter a request:
> 0

Goodbye!
?[1;31m
Start test 66?[0m
Welcome to Amazing Numbers!


Supported requests:
- enter a natural number to know its properties;
- enter two natural numbers to obtain the properties of the list:
  * the first parameter represents a starting number;
  * the second parameter shows how many consecutive numbers are to be printed;
- two natural numbers and properties to search for;
- separate the parameters with one space;
- enter 0 to exit.

Enter a request:
> 100000 2 even spy

111,126 is spy, even
111,162 is spy, even

Enter a request:
> 0

Goodbye!
?[1;31m
Start test 67?[0m
Welcome to Amazing Numbers!


Supported requests:
- enter a natural number to know its properties;
- enter two natural numbers to obtain the properties of the list:
  * the first parameter represents a starting number;
  * the second parameter shows how many consecutive numbers are to be printed;
- two natural numbers and properties to search for;
- separate the parameters with one space;
- enter 0 to exit.

Enter a request:
> 100 4 odd gapful

105 is buzz, duck, gapful, odd
121 is palindromic, gapful, square, jumping, odd
135 is gapful, odd
143 is gapful, sunny, odd

Enter a request:
> 0

Goodbye!
?[1;31m
Start test 68?[0m
Welcome to Amazing Numbers!


Supported requests:
- enter a natural number to know its properties;
- enter two natural numbers to obtain the properties of the list:
  * the first parameter represents a starting number;
  * the second parameter shows how many consecutive numbers are to be printed;
- two natural numbers and properties to search for;
- separate the parameters with one space;
- enter 0 to exit.

Enter a request:
> 2000 4 palindromic duck

2,002 is buzz, duck, palindromic, gapful, even
3,003 is buzz, duck, palindromic, gapful, odd
4,004 is buzz, duck, palindromic, gapful, even
5,005 is buzz, duck, palindromic, gapful, odd

Enter a request:
> 0

Goodbye!
?[1;31m
Start test 69?[0m
Welcome to Amazing Numbers!


Supported requests:
- enter a natural number to know its properties;
- enter two natural numbers to obtain the properties of the list:
  * the first parameter represents a starting number;
  * the second parameter shows how many consecutive numbers are to be printed;
- two natural numbers and properties to search for;
- separate the parameters with one space;
- enter 0 to exit.

Enter a request:
> 29333 20 ODD reverse

The property [REVERSE] is wrong.
Available properties: [EVEN, ODD, BUZZ, DUCK, PALINDROMIC, GAPFUL, SPY, SQUARE, SUNNY, JUMPING]


Enter a request:
> 0

Goodbye!
?[1;31m
Start test 70?[0m
Welcome to Amazing Numbers!


Supported requests:
- enter a natural number to know its properties;
- enter two natural numbers to obtain the properties of the list:
  * the first parameter represents a starting number;
  * the second parameter shows how many consecutive numbers are to be printed;
- two natural numbers and properties to search for;
- separate the parameters with one space;
- enter 0 to exit.

Enter a request:
> 4395 12 SUNNY evens

The property [EVENS] is wrong.
Available properties: [EVEN, ODD, BUZZ, DUCK, PALINDROMIC, GAPFUL, SPY, SQUARE, SUNNY, JUMPING]


Enter a request:
> 0

Goodbye!
?[1;31m
Start test 71?[0m
Welcome to Amazing Numbers!


Supported requests:
- enter a natural number to know its properties;
- enter two natural numbers to obtain the properties of the list:
  * the first parameter represents a starting number;
  * the second parameter shows how many consecutive numbers are to be printed;
- two natural numbers and properties to search for;
- separate the parameters with one space;
- enter 0 to exit.

Enter a request:
> 23855 12 bAY

The property [BAY] is wrong.
Available properties: [EVEN, ODD, BUZZ, DUCK, PALINDROMIC, GAPFUL, SPY, SQUARE, SUNNY, JUMPING]


Enter a request:
> 0

Goodbye!
?[1;31m
Start test 72?[0m
Welcome to Amazing Numbers!


Supported requests:
- enter a natural number to know its properties;
- enter two natural numbers to obtain the properties of the list:
  * the first parameter represents a starting number;
  * the second parameter shows how many consecutive numbers are to be printed;
- two natural numbers and properties to search for;
- separate the parameters with one space;
- enter 0 to exit.

Enter a request:
> 16960 8 ~~ EVEN PALINDROMIC BUZZ JUMPING

The property [~~] is wrong.
Available properties: [EVEN, ODD, BUZZ, DUCK, PALINDROMIC, GAPFUL, SPY, SQUARE, SUNNY, JUMPING]


Enter a request:
> 0

Goodbye!
?[1;31m
Start test 73?[0m
Welcome to Amazing Numbers!


Supported requests:
- enter a natural number to know its properties;
- enter two natural numbers to obtain the properties of the list:
  * the first parameter represents a starting number;
  * the second parameter shows how many consecutive numbers are to be printed;
- two natural numbers and properties to search for;
- separate the parameters with one space;
- enter 0 to exit.

Enter a request:
> 8157 6 DUCK 242 EVEN PALINDROMIC

The property [242] is wrong.
Available properties: [EVEN, ODD, BUZZ, DUCK, PALINDROMIC, GAPFUL, SPY, SQUARE, SUNNY, JUMPING]


Enter a request:
> 0

Goodbye!
?[1;31m
Start test 74?[0m
Welcome to Amazing Numbers!


Supported requests:
- enter a natural number to know its properties;
- enter two natural numbers to obtain the properties of the list:
  * the first parameter represents a starting number;
  * the second parameter shows how many consecutive numbers are to be printed;
- two natural numbers and properties to search for;
- separate the parameters with one space;
- enter 0 to exit.

Enter a request:
> 12486 16 242 JUMPING GAPFUL ODD

The property [242] is wrong.
Available properties: [EVEN, ODD, BUZZ, DUCK, PALINDROMIC, GAPFUL, SPY, SQUARE, SUNNY, JUMPING]


Enter a request:
> 0

Goodbye!
?[1;31m
Start test 75?[0m
Welcome to Amazing Numbers!


Supported requests:
- enter a natural number to know its properties;
- enter two natural numbers to obtain the properties of the list:
  * the first parameter represents a starting number;
  * the second parameter shows how many consecutive numbers are to be printed;
- two natural numbers and properties to search for;
- separate the parameters with one space;
- enter 0 to exit.

Enter a request:
> 26096 1 drake GAPFUL PALINDROMIC SPY

The property [DRAKE] is wrong.
Available properties: [EVEN, ODD, BUZZ, DUCK, PALINDROMIC, GAPFUL, SPY, SQUARE, SUNNY, JUMPING]


Enter a request:
> 0

Goodbye!
?[1;31m
Start test 76?[0m
Welcome to Amazing Numbers!


Supported requests:
- enter a natural number to know its properties;
- enter two natural numbers to obtain the properties of the list:
  * the first parameter represents a starting number;
  * the second parameter shows how many consecutive numbers are to be printed;
- two natural numbers and properties to search for;
- separate the parameters with one space;
- enter 0 to exit.

Enter a request:
> 30127 15 DUCK ODD JUMPING 242

The property [242] is wrong.
Available properties: [EVEN, ODD, BUZZ, DUCK, PALINDROMIC, GAPFUL, SPY, SQUARE, SUNNY, JUMPING]


Enter a request:
> 0

Goodbye!
?[1;31m
Start test 77?[0m
Welcome to Amazing Numbers!


Supported requests:
- enter a natural number to know its properties;
- enter two natural numbers to obtain the properties of the list:
  * the first parameter represents a starting number;
  * the second parameter shows how many consecutive numbers are to be printed;
- two natural numbers and properties to search for;
- separate the parameters with one space;
- enter 0 to exit.

Enter a request:
> 4583 15 DUCK SQUARE EVEN SPY &hj

The property [&HJ] is wrong.
Available properties: [EVEN, ODD, BUZZ, DUCK, PALINDROMIC, GAPFUL, SPY, SQUARE, SUNNY, JUMPING]


Enter a request:
> 0

Goodbye!
?[1;31m
Start test 78?[0m
Welcome to Amazing Numbers!


Supported requests:
- enter a natural number to know its properties;
- enter two natural numbers to obtain the properties of the list:
  * the first parameter represents a starting number;
  * the second parameter shows how many consecutive numbers are to be printed;
- two natural numbers and properties to search for;
- separate the parameters with one space;
- enter 0 to exit.

Enter a request:
> 14867 8 BUZZ DUCK JUMPING PALINDROMIC reverse

The property [REVERSE] is wrong.
Available properties: [EVEN, ODD, BUZZ, DUCK, PALINDROMIC, GAPFUL, SPY, SQUARE, SUNNY, JUMPING]


Enter a request:
> 0

Goodbye!
?[1;31m
Start test 79?[0m
Welcome to Amazing Numbers!


Supported requests:
- enter a natural number to know its properties;
- enter two natural numbers to obtain the properties of the list:
  * the first parameter represents a starting number;
  * the second parameter shows how many consecutive numbers are to be printed;
- two natural numbers and properties to search for;
- separate the parameters with one space;
- enter 0 to exit.

Enter a request:
> 5 1 odd even

The request contains mutually exclusive properties: [ODD, EVEN]
There are no numbers with these properties.


Enter a request:
> 0

Goodbye!
?[1;31m
Start test 80?[0m
Welcome to Amazing Numbers!


Supported requests:
- enter a natural number to know its properties;
- enter two natural numbers to obtain the properties of the list:
  * the first parameter represents a starting number;
  * the second parameter shows how many consecutive numbers are to be printed;
- two natural numbers and properties to search for;
- separate the parameters with one space;
- enter 0 to exit.

Enter a request:
> 4 3 even odd

The request contains mutually exclusive properties: [EVEN, ODD]
There are no numbers with these properties.


Enter a request:
> 0

Goodbye!
?[1;31m
Start test 81?[0m
Welcome to Amazing Numbers!


Supported requests:
- enter a natural number to know its properties;
- enter two natural numbers to obtain the properties of the list:
  * the first parameter represents a starting number;
  * the second parameter shows how many consecutive numbers are to be printed;
- two natural numbers and properties to search for;
- separate the parameters with one space;
- enter 0 to exit.

Enter a request:
> 32 2 sunny square

The request contains mutually exclusive properties: [SUNNY, SQUARE]
There are no numbers with these properties.


Enter a request:
> 0

Goodbye!
?[1;31m
Start test 82?[0m
Welcome to Amazing Numbers!


Supported requests:
- enter a natural number to know its properties;
- enter two natural numbers to obtain the properties of the list:
  * the first parameter represents a starting number;
  * the second parameter shows how many consecutive numbers are to be printed;
- two natural numbers and properties to search for;
- separate the parameters with one space;
- enter 0 to exit.

Enter a request:
> 3153 2 spy duck

The request contains mutually exclusive properties: [SPY, DUCK]
There are no numbers with these properties.


Enter a request:
> 0

Goodbye!
?[1;31m
Start test 83?[0m
Welcome to Amazing Numbers!


Supported requests:
- enter a natural number to know its properties;
- enter two natural numbers to obtain the properties of the list:
  * the first parameter represents a starting number;
  * the second parameter shows how many consecutive numbers are to be printed;
- two natural numbers and properties to search for;
- separate the parameters with one space;
- enter 0 to exit.

Enter a request:
> 6 7 duck spy

The request contains mutually exclusive properties: [DUCK, SPY]
There are no numbers with these properties.


Enter a request:
> 0

Goodbye!
?[1;31m
Start test 84?[0m
Welcome to Amazing Numbers!


Supported requests:
- enter a natural number to know its properties;
- enter two natural numbers to obtain the properties of the list:
  * the first parameter represents a starting number;
  * the second parameter shows how many consecutive numbers are to be printed;
- two natural numbers and properties to search for;
- separate the parameters with one space;
- enter 0 to exit.

Enter a request:
> 1 2 spy odd sunny even

The request contains mutually exclusive properties: [ODD, EVEN]
There are no numbers with these properties.


Enter a request:
> 0

Goodbye!
?[1;31m
Start test 85?[0m
Welcome to Amazing Numbers!


Supported requests:
- enter a natural number to know its properties;
- enter two natural numbers to obtain the properties of the list:
  * the first parameter represents a starting number;
  * the second parameter shows how many consecutive numbers are to be printed;
- two natural numbers and properties to search for;
- separate the parameters with one space;
- enter 0 to exit.

Enter a request:
> 7 2 sunny even duck buzz square

The request contains mutually exclusive properties: [SUNNY, SQUARE]
There are no numbers with these properties.


Enter a request:
> 0

Goodbye!
?[1;31m
Start test 86?[0m
Welcome to Amazing Numbers!


Supported requests:
- enter a natural number to know its properties;
- enter two natural numbers to obtain the properties of the list:
  * the first parameter represents a starting number;
  * the second parameter shows how many consecutive numbers are to be printed;
- two natural numbers and properties to search for;
- separate the parameters with one space;
- enter 0 to exit.

Enter a request:
> 9 5 even spy buzz duck

The request contains mutually exclusive properties: [SPY, DUCK]
There are no numbers with these properties.


Enter a request:
> 0

Goodbye!
]]></system-out>
  <system-err><![CDATA[]]></system-err>
</testsuite>
