<?xml version="1.0" encoding="UTF-8"?>
<testsuite name="NumbersTest" tests="1" skipped="0" failures="0" errors="0" timestamp="2023-07-15T09:30:42" hostname="NADEZDA" time="0.644">
  <properties/>
  <testcase name="start" classname="NumbersTest" time="0.644"/>
  <system-out><![CDATA[?[1;31m
Start test 1?[0m
Welcome to Amazing Numbers!


Supported requests:
- enter a natural number to know its properties;
- enter two natural numbers to obtain the properties of the list:
  * the first parameter represents a starting number;
  * the second parameter shows how many consecutive numbers are to be processed;
- separate the parameters with one space;
- enter 0 to exit.

Enter a request:
> 0
Goodbye!
?[1;31m
Start test 2?[0m
Welcome to Amazing Numbers!


Supported requests:
- enter a natural number to know its properties;
- enter two natural numbers to obtain the properties of the list:
  * the first parameter represents a starting number;
  * the second parameter shows how many consecutive numbers are to be processed;
- separate the parameters with one space;
- enter 0 to exit.

Enter a request:
> -97

The first parameter should be a natural number or zero.

Enter a request:
> 0
Goodbye!
?[1;31m
Start test 3?[0m
Welcome to Amazing Numbers!


Supported requests:
- enter a natural number to know its properties;
- enter two natural numbers to obtain the properties of the list:
  * the first parameter represents a starting number;
  * the second parameter shows how many consecutive numbers are to be processed;
- separate the parameters with one space;
- enter 0 to exit.

Enter a request:
> -24

The first parameter should be a natural number or zero.

Enter a request:
> 0
Goodbye!
?[1;31m
Start test 4?[0m
Welcome to Amazing Numbers!


Supported requests:
- enter a natural number to know its properties;
- enter two natural numbers to obtain the properties of the list:
  * the first parameter represents a starting number;
  * the second parameter shows how many consecutive numbers are to be processed;
- separate the parameters with one space;
- enter 0 to exit.

Enter a request:
> -8

The first parameter should be a natural number or zero.

Enter a request:
> 0
Goodbye!
?[1;31m
Start test 5?[0m
Welcome to Amazing Numbers!


Supported requests:
- enter a natural number to know its properties;
- enter two natural numbers to obtain the properties of the list:
  * the first parameter represents a starting number;
  * the second parameter shows how many consecutive numbers are to be processed;
- separate the parameters with one space;
- enter 0 to exit.

Enter a request:
> -116

The first parameter should be a natural number or zero.

Enter a request:
> 0
Goodbye!
?[1;31m
Start test 6?[0m
Welcome to Amazing Numbers!


Supported requests:
- enter a natural number to know its properties;
- enter two natural numbers to obtain the properties of the list:
  * the first parameter represents a starting number;
  * the second parameter shows how many consecutive numbers are to be processed;
- separate the parameters with one space;
- enter 0 to exit.

Enter a request:
> -127

The first parameter should be a natural number or zero.

Enter a request:
> 0
Goodbye!
?[1;31m
Start test 7?[0m
Welcome to Amazing Numbers!


Supported requests:
- enter a natural number to know its properties;
- enter two natural numbers to obtain the properties of the list:
  * the first parameter represents a starting number;
  * the second parameter shows how many consecutive numbers are to be processed;
- separate the parameters with one space;
- enter 0 to exit.

Enter a request:
> 1753 -7647

The second parameter should be a natural number.


Enter a request:
> 0
Goodbye!
?[1;31m
Start test 8?[0m
Welcome to Amazing Numbers!


Supported requests:
- enter a natural number to know its properties;
- enter two natural numbers to obtain the properties of the list:
  * the first parameter represents a starting number;
  * the second parameter shows how many consecutive numbers are to be processed;
- separate the parameters with one space;
- enter 0 to exit.

Enter a request:
> 1397 -25946

The second parameter should be a natural number.


Enter a request:
> 0
Goodbye!
?[1;31m
Start test 9?[0m
Welcome to Amazing Numbers!


Supported requests:
- enter a natural number to know its properties;
- enter two natural numbers to obtain the properties of the list:
  * the first parameter represents a starting number;
  * the second parameter shows how many consecutive numbers are to be processed;
- separate the parameters with one space;
- enter 0 to exit.

Enter a request:
> 14398 -16037

The second parameter should be a natural number.


Enter a request:
> 0
Goodbye!
?[1;31m
Start test 10?[0m
Welcome to Amazing Numbers!


Supported requests:
- enter a natural number to know its properties;
- enter two natural numbers to obtain the properties of the list:
  * the first parameter represents a starting number;
  * the second parameter shows how many consecutive numbers are to be processed;
- separate the parameters with one space;
- enter 0 to exit.

Enter a request:
> 8562 -15135

The second parameter should be a natural number.


Enter a request:
> 0
Goodbye!
?[1;31m
Start test 11?[0m
Welcome to Amazing Numbers!


Supported requests:
- enter a natural number to know its properties;
- enter two natural numbers to obtain the properties of the list:
  * the first parameter represents a starting number;
  * the second parameter shows how many consecutive numbers are to be processed;
- separate the parameters with one space;
- enter 0 to exit.

Enter a request:
> 28756 -16510

The second parameter should be a natural number.


Enter a request:
> 0
Goodbye!
?[1;31m
Start test 12?[0m
Welcome to Amazing Numbers!


Supported requests:
- enter a natural number to know its properties;
- enter two natural numbers to obtain the properties of the list:
  * the first parameter represents a starting number;
  * the second parameter shows how many consecutive numbers are to be processed;
- separate the parameters with one space;
- enter 0 to exit.

Enter a request:
> 10858 -12978

The second parameter should be a natural number.


Enter a request:
> 0
Goodbye!
?[1;31m
Start test 13?[0m
Welcome to Amazing Numbers!


Supported requests:
- enter a natural number to know its properties;
- enter two natural numbers to obtain the properties of the list:
  * the first parameter represents a starting number;
  * the second parameter shows how many consecutive numbers are to be processed;
- separate the parameters with one space;
- enter 0 to exit.

Enter a request:
> 19608 -4328

The second parameter should be a natural number.


Enter a request:
> 0
Goodbye!
?[1;31m
Start test 14?[0m
Welcome to Amazing Numbers!


Supported requests:
- enter a natural number to know its properties;
- enter two natural numbers to obtain the properties of the list:
  * the first parameter represents a starting number;
  * the second parameter shows how many consecutive numbers are to be processed;
- separate the parameters with one space;
- enter 0 to exit.

Enter a request:
> 3783 -5378

The second parameter should be a natural number.


Enter a request:
> 0
Goodbye!
?[1;31m
Start test 15?[0m
Welcome to Amazing Numbers!


Supported requests:
- enter a natural number to know its properties;
- enter two natural numbers to obtain the properties of the list:
  * the first parameter represents a starting number;
  * the second parameter shows how many consecutive numbers are to be processed;
- separate the parameters with one space;
- enter 0 to exit.

Enter a request:
> 12744 -31025

The second parameter should be a natural number.


Enter a request:
> 0
Goodbye!
?[1;31m
Start test 16?[0m
Welcome to Amazing Numbers!


Supported requests:
- enter a natural number to know its properties;
- enter two natural numbers to obtain the properties of the list:
  * the first parameter represents a starting number;
  * the second parameter shows how many consecutive numbers are to be processed;
- separate the parameters with one space;
- enter 0 to exit.

Enter a request:
> 10236 -28240

The second parameter should be a natural number.


Enter a request:
> 0
Goodbye!
?[1;31m
Start test 17?[0m
Welcome to Amazing Numbers!


Supported requests:
- enter a natural number to know its properties;
- enter two natural numbers to obtain the properties of the list:
  * the first parameter represents a starting number;
  * the second parameter shows how many consecutive numbers are to be processed;
- separate the parameters with one space;
- enter 0 to exit.

Enter a request:
> 1

Properties of 1
buzz: false
duck: false
palindromic: true
gapful: false
even: false
odd: true

Enter a request:
> 2

Properties of 2
buzz: false
duck: false
palindromic: true
gapful: false
even: true
odd: false

Enter a request:
> 3

Properties of 3
buzz: false
duck: false
palindromic: true
gapful: false
even: false
odd: true

Enter a request:
> 4

Properties of 4
buzz: false
duck: false
palindromic: true
gapful: false
even: true
odd: false

Enter a request:
> 5

Properties of 5
buzz: false
duck: false
palindromic: true
gapful: false
even: false
odd: true

Enter a request:
> 6

Properties of 6
buzz: false
duck: false
palindromic: true
gapful: false
even: true
odd: false

Enter a request:
> 7

Properties of 7
buzz: true
duck: false
palindromic: true
gapful: false
even: false
odd: true

Enter a request:
> 8

Properties of 8
buzz: false
duck: false
palindromic: true
gapful: false
even: true
odd: false

Enter a request:
> 9

Properties of 9
buzz: false
duck: false
palindromic: true
gapful: false
even: false
odd: true

Enter a request:
> 10

Properties of 10
buzz: false
duck: true
palindromic: false
gapful: false
even: true
odd: false

Enter a request:
> 11

Properties of 11
buzz: false
duck: false
palindromic: true
gapful: false
even: false
odd: true

Enter a request:
> 12

Properties of 12
buzz: false
duck: false
palindromic: false
gapful: false
even: true
odd: false

Enter a request:
> 13

Properties of 13
buzz: false
duck: false
palindromic: false
gapful: false
even: false
odd: true

Enter a request:
> 14

Properties of 14
buzz: true
duck: false
palindromic: false
gapful: false
even: true
odd: false

Enter a request:
> 4886231255709030112

Properties of 4,886,231,255,709,030,112
buzz: false
duck: true
palindromic: false
gapful: false
even: true
odd: false

Enter a request:
> 8337444655408130684

Properties of 8,337,444,655,408,130,684
buzz: false
duck: true
palindromic: false
gapful: false
even: true
odd: false

Enter a request:
> 6052994598823294383

Properties of 6,052,994,598,823,294,383
buzz: false
duck: true
palindromic: false
gapful: false
even: false
odd: true

Enter a request:
> 8957803733405365819

Properties of 8,957,803,733,405,365,819
buzz: false
duck: true
palindromic: false
gapful: false
even: false
odd: true

Enter a request:
> 2569220232107507934

Properties of 2,569,220,232,107,507,934
buzz: false
duck: true
palindromic: false
gapful: false
even: true
odd: false

Enter a request:
> 2024536517259561091

Properties of 2,024,536,517,259,561,091
buzz: false
duck: true
palindromic: false
gapful: false
even: false
odd: true

Enter a request:
> 715230464100549973

Properties of 715,230,464,100,549,973
buzz: false
duck: true
palindromic: false
gapful: false
even: false
odd: true

Enter a request:
> 6403790677848043740

Properties of 6,403,790,677,848,043,740
buzz: false
duck: true
palindromic: false
gapful: true
even: true
odd: false

Enter a request:
> 5820886219451343943

Properties of 5,820,886,219,451,343,943
buzz: true
duck: true
palindromic: false
gapful: false
even: false
odd: true

Enter a request:
> 2308665374818323269

Properties of 2,308,665,374,818,323,269
buzz: true
duck: true
palindromic: false
gapful: false
even: false
odd: true

Enter a request:
> 0
Goodbye!
?[1;31m
Start test 18?[0m
Welcome to Amazing Numbers!


Supported requests:
- enter a natural number to know its properties;
- enter two natural numbers to obtain the properties of the list:
  * the first parameter represents a starting number;
  * the second parameter shows how many consecutive numbers are to be processed;
- separate the parameters with one space;
- enter 0 to exit.

Enter a request:
> 1 15

1 is palindromic, odd
2 is palindromic, even
3 is palindromic, odd
4 is palindromic, even
5 is palindromic, odd
6 is palindromic, even
7 is buzz, palindromic, odd
8 is palindromic, even
9 is palindromic, odd
10 is duck, even
11 is palindromic, odd
12 is even
13 is odd
14 is buzz, even
15 is odd

Enter a request:
> 0
Goodbye!
?[1;31m
Start test 19?[0m
Welcome to Amazing Numbers!


Supported requests:
- enter a natural number to know its properties;
- enter two natural numbers to obtain the properties of the list:
  * the first parameter represents a starting number;
  * the second parameter shows how many consecutive numbers are to be processed;
- separate the parameters with one space;
- enter 0 to exit.

Enter a request:
> 7896647924566365846 9

7896647924566365846 is buzz, even
7896647924566365847 is buzz, odd
7896647924566365848 is even
7896647924566365849 is odd
7896647924566365850 is duck, even
7896647924566365851 is odd
7896647924566365852 is even
7896647924566365853 is buzz, odd
7896647924566365854 is even

Enter a request:
> 0
Goodbye!
?[1;31m
Start test 20?[0m
Welcome to Amazing Numbers!


Supported requests:
- enter a natural number to know its properties;
- enter two natural numbers to obtain the properties of the list:
  * the first parameter represents a starting number;
  * the second parameter shows how many consecutive numbers are to be processed;
- separate the parameters with one space;
- enter 0 to exit.

Enter a request:
> 5651280221950031935 16

5651280221950031935 is buzz, duck, odd
5651280221950031936 is duck, even
5651280221950031937 is buzz, duck, odd
5651280221950031938 is duck, even
5651280221950031939 is duck, odd
5651280221950031940 is duck, even
5651280221950031941 is duck, odd
5651280221950031942 is buzz, duck, even
5651280221950031943 is duck, odd
5651280221950031944 is duck, even
5651280221950031945 is duck, odd
5651280221950031946 is duck, even
5651280221950031947 is buzz, duck, odd
5651280221950031948 is duck, gapful, even
5651280221950031949 is buzz, duck, odd
5651280221950031950 is duck, gapful, even

Enter a request:
> 0
Goodbye!
?[1;31m
Start test 21?[0m
Welcome to Amazing Numbers!


Supported requests:
- enter a natural number to know its properties;
- enter two natural numbers to obtain the properties of the list:
  * the first parameter represents a starting number;
  * the second parameter shows how many consecutive numbers are to be processed;
- separate the parameters with one space;
- enter 0 to exit.

Enter a request:
> 3671905147931170957 5

3671905147931170957 is buzz, duck, odd
3671905147931170958 is duck, even
3671905147931170959 is duck, odd
3671905147931170960 is duck, even
3671905147931170961 is duck, gapful, odd

Enter a request:
> 0
Goodbye!
?[1;31m
Start test 22?[0m
Welcome to Amazing Numbers!


Supported requests:
- enter a natural number to know its properties;
- enter two natural numbers to obtain the properties of the list:
  * the first parameter represents a starting number;
  * the second parameter shows how many consecutive numbers are to be processed;
- separate the parameters with one space;
- enter 0 to exit.

Enter a request:
> 7210044019508425630 15

7210044019508425630 is duck, even
7210044019508425631 is duck, odd
7210044019508425632 is duck, gapful, even
7210044019508425633 is duck, odd
7210044019508425634 is buzz, duck, even
7210044019508425635 is duck, odd
7210044019508425636 is duck, gapful, even
7210044019508425637 is buzz, duck, odd
7210044019508425638 is duck, even
7210044019508425639 is duck, odd
7210044019508425640 is duck, even
7210044019508425641 is buzz, duck, odd
7210044019508425642 is duck, even
7210044019508425643 is duck, odd
7210044019508425644 is duck, even

Enter a request:
> 0
Goodbye!
?[1;31m
Start test 23?[0m
Welcome to Amazing Numbers!


Supported requests:
- enter a natural number to know its properties;
- enter two natural numbers to obtain the properties of the list:
  * the first parameter represents a starting number;
  * the second parameter shows how many consecutive numbers are to be processed;
- separate the parameters with one space;
- enter 0 to exit.

Enter a request:
> 1714826150731136150 13

1714826150731136150 is duck, gapful, even
1714826150731136151 is duck, odd
1714826150731136152 is duck, even
1714826150731136153 is duck, odd
1714826150731136154 is duck, even
1714826150731136155 is duck, odd
1714826150731136156 is buzz, duck, even
1714826150731136157 is buzz, duck, odd
1714826150731136158 is duck, even
1714826150731136159 is duck, odd
1714826150731136160 is duck, gapful, even
1714826150731136161 is duck, odd
1714826150731136162 is duck, even

Enter a request:
> 0
Goodbye!
?[1;31m
Start test 24?[0m
Welcome to Amazing Numbers!


Supported requests:
- enter a natural number to know its properties;
- enter two natural numbers to obtain the properties of the list:
  * the first parameter represents a starting number;
  * the second parameter shows how many consecutive numbers are to be processed;
- separate the parameters with one space;
- enter 0 to exit.

Enter a request:
> 2837819288057242754 16

2837819288057242754 is duck, even
2837819288057242755 is buzz, duck, odd
2837819288057242756 is duck, even
2837819288057242757 is buzz, duck, odd
2837819288057242758 is duck, even
2837819288057242759 is duck, odd
2837819288057242760 is duck, gapful, even
2837819288057242761 is duck, odd
2837819288057242762 is buzz, duck, even
2837819288057242763 is duck, odd
2837819288057242764 is duck, even
2837819288057242765 is duck, odd
2837819288057242766 is duck, even
2837819288057242767 is buzz, duck, odd
2837819288057242768 is duck, even
2837819288057242769 is buzz, duck, odd

Enter a request:
> 0
Goodbye!
?[1;31m
Start test 25?[0m
Welcome to Amazing Numbers!


Supported requests:
- enter a natural number to know its properties;
- enter two natural numbers to obtain the properties of the list:
  * the first parameter represents a starting number;
  * the second parameter shows how many consecutive numbers are to be processed;
- separate the parameters with one space;
- enter 0 to exit.

Enter a request:
> 6670691092882240171 6

6670691092882240171 is duck, odd
6670691092882240172 is buzz, duck, even
6670691092882240173 is duck, odd
6670691092882240174 is duck, even
6670691092882240175 is duck, odd
6670691092882240176 is duck, even

Enter a request:
> 0
Goodbye!
?[1;31m
Start test 26?[0m
Welcome to Amazing Numbers!


Supported requests:
- enter a natural number to know its properties;
- enter two natural numbers to obtain the properties of the list:
  * the first parameter represents a starting number;
  * the second parameter shows how many consecutive numbers are to be processed;
- separate the parameters with one space;
- enter 0 to exit.

Enter a request:
> 6776145234719852694 7

6776145234719852694 is even
6776145234719852695 is odd
6776145234719852696 is even
6776145234719852697 is buzz, odd
6776145234719852698 is buzz, even
6776145234719852699 is odd
6776145234719852700 is duck, gapful, even

Enter a request:
> 0
Goodbye!
?[1;31m
Start test 27?[0m
Welcome to Amazing Numbers!


Supported requests:
- enter a natural number to know its properties;
- enter two natural numbers to obtain the properties of the list:
  * the first parameter represents a starting number;
  * the second parameter shows how many consecutive numbers are to be processed;
- separate the parameters with one space;
- enter 0 to exit.

Enter a request:
> 6938830110604603494 4

6938830110604603494 is duck, even
6938830110604603495 is duck, odd
6938830110604603496 is duck, even
6938830110604603497 is buzz, duck, odd

Enter a request:
> 0
Goodbye!
?[1;31m
Start test 28?[0m
Welcome to Amazing Numbers!


Supported requests:
- enter a natural number to know its properties;
- enter two natural numbers to obtain the properties of the list:
  * the first parameter represents a starting number;
  * the second parameter shows how many consecutive numbers are to be processed;
- separate the parameters with one space;
- enter 0 to exit.

Enter a request:
> 5983890780718314401 16

5983890780718314401 is buzz, duck, odd
5983890780718314402 is duck, even
5983890780718314403 is duck, odd
5983890780718314404 is duck, even
5983890780718314405 is duck, odd
5983890780718314406 is duck, even
5983890780718314407 is buzz, duck, odd
5983890780718314408 is buzz, duck, even
5983890780718314409 is duck, odd
5983890780718314410 is duck, even
5983890780718314411 is duck, odd
5983890780718314412 is duck, gapful, even
5983890780718314413 is duck, odd
5983890780718314414 is duck, gapful, even
5983890780718314415 is buzz, duck, odd
5983890780718314416 is duck, even

Enter a request:
> 0
Goodbye!
]]></system-out>
  <system-err><![CDATA[]]></system-err>
</testsuite>
